Log file open, 12/06/20 15:50:55
LogInit: Display: Running engine for game: EscapeRoom
LogPlatformFile: Not using cached read wrapper
LogTaskGraph: Started task graph with 5 named threads and 20 total threads with 3 sets of task threads.
LogStats: Stats thread started at 0.263334
LogD3D11RHI: Loaded GFSDK_Aftermath_Lib.x64.dll
LogICUInternationalization: ICU TimeZone Detection - Raw Offset: -3:00, Platform Override: ''
LogPluginManager: Mounting plugin Paper2D
LogPluginManager: Mounting plugin AISupport
LogPluginManager: Mounting plugin LightPropagationVolume
LogPluginManager: Mounting plugin CameraShakePreviewer
LogPluginManager: Mounting plugin ActorLayerUtilities
LogPluginManager: Mounting plugin AnimationSharing
LogPluginManager: Mounting plugin CLionSourceCodeAccess
LogPluginManager: Mounting plugin CodeLiteSourceCodeAccess
LogPluginManager: Mounting plugin GitSourceControl
LogPluginManager: Mounting plugin KDevelopSourceCodeAccess
LogPluginManager: Mounting plugin NullSourceCodeAccess
LogPluginManager: Mounting plugin PerforceSourceControl
LogPluginManager: Mounting plugin PlasticSourceControl
LogPluginManager: Mounting plugin RiderLink
LogPluginManager: Mounting plugin RiderSourceCodeAccess
LogPluginManager: Mounting plugin SubversionSourceControl
LogPluginManager: Mounting plugin UObjectPlugin
LogPluginManager: Mounting plugin VisualStudioCodeSourceCodeAccess
LogPluginManager: Mounting plugin VisualStudioSourceCodeAccess
LogPluginManager: Mounting plugin XCodeSourceCodeAccess
LogPluginManager: Mounting plugin AssetManagerEditor
LogPluginManager: Mounting plugin CryptoKeys
LogPluginManager: Mounting plugin CurveEditorTools
LogPluginManager: Mounting plugin DataValidation
LogPluginManager: Mounting plugin EditorScriptingUtilities
LogPluginManager: Mounting plugin FacialAnimation
LogPluginManager: Mounting plugin GameplayTagsEditor
LogPluginManager: Mounting plugin GeometryMode
LogPluginManager: Mounting plugin MacGraphicsSwitching
LogPluginManager: Mounting plugin MaterialAnalyzer
LogPluginManager: Mounting plugin MobileLauncherProfileWizard
LogPluginManager: Mounting plugin PluginBrowser
LogPluginManager: Mounting plugin SpeedTreeImporter
LogPluginManager: Mounting plugin DatasmithContent
LogPluginManager: Mounting plugin VariantManagerContent
LogPluginManager: Mounting plugin AlembicImporter
LogPluginManager: Mounting plugin AutomationUtils
LogPluginManager: Mounting plugin BackChannel
LogPluginManager: Mounting plugin ChaosCloth
LogPluginManager: Mounting plugin ChaosClothEditor
LogPluginManager: Mounting plugin ChaosEditor
LogPluginManager: Mounting plugin ChaosNiagara
LogPluginManager: Mounting plugin ChaosSolverPlugin
LogPluginManager: Mounting plugin CharacterAI
LogPluginManager: Mounting plugin GeometryCache
LogPluginManager: Mounting plugin GeometryCollectionPlugin
LogPluginManager: Mounting plugin GeometryProcessing
LogPluginManager: Mounting plugin PlanarCut
LogPluginManager: Mounting plugin PlatformCrypto
LogPluginManager: Mounting plugin ProxyLODPlugin
LogPluginManager: Mounting plugin SkeletalReduction
LogPluginManager: Mounting plugin Niagara
LogPluginManager: Mounting plugin MagicLeap
LogPluginManager: Mounting plugin MagicLeapLightEstimation
LogPluginManager: Mounting plugin MagicLeapMedia
LogPluginManager: Mounting plugin MagicLeapPassableWorld
LogPluginManager: Mounting plugin MLSDK
LogPluginManager: Mounting plugin AndroidMedia
LogPluginManager: Mounting plugin AvfMedia
LogPluginManager: Mounting plugin ImgMedia
LogPluginManager: Mounting plugin MediaCompositing
LogPluginManager: Mounting plugin MediaPlayerEditor
LogPluginManager: Mounting plugin WebMMedia
LogPluginManager: Mounting plugin WmfMedia
LogPluginManager: Mounting plugin MeshPainting
LogPluginManager: Mounting plugin TcpMessaging
LogPluginManager: Mounting plugin UdpMessaging
LogPluginManager: Mounting plugin ActorSequence
LogPluginManager: Mounting plugin LevelSequenceEditor
LogPluginManager: Mounting plugin MatineeToLevelSequence
LogPluginManager: Mounting plugin MovieRenderPipeline
LogPluginManager: Mounting plugin TemplateSequence
LogPluginManager: Mounting plugin NetcodeUnitTest
LogPluginManager: Mounting plugin NUTUnrealEngine4
LogPluginManager: Mounting plugin OnlineSubsystemGooglePlay
LogPluginManager: Mounting plugin OnlineSubsystemIOS
LogPluginManager: Mounting plugin OnlineSubsystem
LogPluginManager: Mounting plugin OnlineSubsystemNull
LogPluginManager: Mounting plugin OnlineSubsystemUtils
LogPluginManager: Mounting plugin LauncherChunkInstaller
LogPluginManager: Mounting plugin AndroidDeviceProfileSelector
LogPluginManager: Mounting plugin AndroidMoviePlayer
LogPluginManager: Mounting plugin AndroidPermission
LogPluginManager: Mounting plugin AppleImageUtils
LogPluginManager: Mounting plugin AppleMoviePlayer
LogPluginManager: Mounting plugin ArchVisCharacter
LogPluginManager: Mounting plugin AssetTags
LogPluginManager: Mounting plugin AudioCapture
LogPluginManager: Mounting plugin CableComponent
LogPluginManager: Mounting plugin CustomMeshComponent
LogPluginManager: Mounting plugin EditableMesh
LogPluginManager: Mounting plugin ExampleDeviceProfileSelector
LogPluginManager: Mounting plugin GoogleCloudMessaging
LogPluginManager: Mounting plugin GooglePAD
LogPluginManager: Mounting plugin IOSDeviceProfileSelector
LogPluginManager: Mounting plugin LinuxDeviceProfileSelector
LogPluginManager: Mounting plugin LocationServicesBPLibrary
LogPluginManager: Mounting plugin MobilePatchingUtils
LogPluginManager: Mounting plugin OculusVR
LogPluginManager: Mounting plugin PhysXVehicles
LogPluginManager: Mounting plugin PostSplashScreen
LogPluginManager: Mounting plugin ProceduralMeshComponent
LogPluginManager: Mounting plugin RuntimePhysXCooking
LogPluginManager: Mounting plugin SignificanceManager
LogPluginManager: Mounting plugin SoundFields
LogPluginManager: Mounting plugin SteamVR
LogPluginManager: Mounting plugin Synthesis
LogPluginManager: Mounting plugin WebMMoviePlayer
LogPluginManager: Mounting plugin WindowsMoviePlayer
LogPluginManager: Mounting plugin ScreenshotTools
LogInit: Using libcurl 7.55.1-DEV
LogInit:  - built for x86_64-pc-win32
LogInit:  - supports SSL with OpenSSL/1.1.1
LogInit:  - supports HTTP deflate (compression) using libz 1.2.8
LogInit:  - other features:
LogInit:      CURL_VERSION_SSL
LogInit:      CURL_VERSION_LIBZ
LogInit:      CURL_VERSION_IPV6
LogInit:      CURL_VERSION_ASYNCHDNS
LogInit:      CURL_VERSION_LARGEFILE
LogInit:      CURL_VERSION_IDN
LogInit:  CurlRequestOptions (configurable via config and command line):
LogInit:  - bVerifyPeer = true  - Libcurl will verify peer certificate
LogInit:  - bUseHttpProxy = false  - Libcurl will NOT use HTTP proxy
LogInit:  - bDontReuseConnections = false  - Libcurl will reuse connections
LogInit:  - MaxHostConnections = 16  - Libcurl will limit the number of connections to a host
LogInit:  - LocalHostAddr = Default
LogInit:  - BufferSize = 65536
LogOnline: OSS: Creating online subsystem instance for: NULL
LogInit: WinSock: version 1.1 (2.2), MaxSocks=32767, MaxUdp=65467
LogOnline: OSS: TryLoadSubsystemAndSetDefault: Loaded subsystem for module [NULL]
LogInit: Build: ++UE4+Release-4.25-CL-14469661
LogInit: Engine Version: 4.25.4-14469661+++UE4+Release-4.25
LogInit: Compatible Engine Version: 4.25.0-13144385+++UE4+Release-4.25
LogInit: Net CL: 13144385
LogInit: OS: Windows 10 (Release 2004) (), CPU: Intel(R) Core(TM) i5-9600K CPU @ 3.70GHz, GPU: NVIDIA GeForce GTX 1660 SUPER
LogInit: Compiled (64-bit): Oct 11 2020 08:10:49
LogInit: Compiled with Visual C++: 19.24.28315.00
LogInit: Build Configuration: Development
LogInit: Branch Name: ++UE4+Release-4.25
LogInit: Command Line: 
LogInit: Base Directory: D:/64x/Epic Games/UE_4.25/Engine/Binaries/Win64/
LogInit: Allocator: TBB
LogInit: Installed Engine Build: 1
LogDevObjectVersion: Number of dev versions registered: 26
LogDevObjectVersion:   Dev-Blueprints (B0D832E4-1F89-4F0D-ACCF-7EB736FD4AA2): 10
LogDevObjectVersion:   Dev-Build (E1C64328-A22C-4D53-A36C-8E866417BD8C): 0
LogDevObjectVersion:   Dev-Core (375EC13C-06E4-48FB-B500-84F0262A717E): 4
LogDevObjectVersion:   Dev-Editor (E4B068ED-F494-42E9-A231-DA0B2E46BB41): 38
LogDevObjectVersion:   Dev-Framework (CFFC743F-43B0-4480-9391-14DF171D2073): 37
LogDevObjectVersion:   Dev-Mobile (B02B49B5-BB20-44E9-A304-32B752E40360): 2
LogDevObjectVersion:   Dev-Networking (A4E4105C-59A1-49B5-A7C5-40C4547EDFEE): 0
LogDevObjectVersion:   Dev-Online (39C831C9-5AE6-47DC-9A44-9C173E1C8E7C): 0
LogDevObjectVersion:   Dev-Physics (78F01B33-EBEA-4F98-B9B4-84EACCB95AA2): 4
LogDevObjectVersion:   Dev-Platform (6631380F-2D4D-43E0-8009-CF276956A95A): 0
LogDevObjectVersion:   Dev-Rendering (12F88B9F-8875-4AFC-A67C-D90C383ABD29): 43
LogDevObjectVersion:   Dev-Sequencer (7B5AE74C-D270-4C10-A958-57980B212A5A): 12
LogDevObjectVersion:   Dev-VR (D7296918-1DD6-4BDD-9DE2-64A83CC13884): 3
LogDevObjectVersion:   Dev-LoadTimes (C2A15278-BFE7-4AFE-6C17-90FF531DF755): 1
LogDevObjectVersion:   Private-Geometry (6EACA3D4-40EC-4CC1-B786-8BED09428FC5): 3
LogDevObjectVersion:   Dev-AnimPhys (29E575DD-E0A3-4627-9D10-D276232CDCEA): 17
LogDevObjectVersion:   Dev-Anim (AF43A65D-7FD3-4947-9873-3E8ED9C1BB05): 7
LogDevObjectVersion:   Dev-ReflectionCapture (6B266CEC-1EC7-4B8F-A30B-E4D90942FC07): 1
LogDevObjectVersion:   Dev-Automation (0DF73D61-A23F-47EA-B727-89E90C41499A): 1
LogDevObjectVersion:   FortniteMain (601D1886-AC64-4F84-AA16-D3DE0DEAC7D6): 31
LogDevObjectVersion:   Dev-Enterprise (9DFFBCD6-494F-0158-E221-12823C92A888): 10
LogDevObjectVersion:   Dev-Niagara (F2AED0AC-9AFE-416F-8664-AA7FFA26D6FC): 1
LogDevObjectVersion:   Dev-Destruction (174F1F0B-B4C6-45A5-B13F-2EE8D0FB917D): 10
LogDevObjectVersion:   Dev-Physics-Ext (35F94A83-E258-406C-A318-09F59610247C): 37
LogDevObjectVersion:   Dev-PhysicsMaterial-Chaos (B68FC16E-8B1B-42E2-B453-215C058844FE): 1
LogDevObjectVersion:   Dev-CineCamera (B2E18506-4273-CFC2-A54E-F4BB758BBA07): 1
LogInit: Presizing for max 25165824 objects, including 0 objects not considered by GC, pre-allocating 0 bytes for permanent pool.
LogConfig: Applying CVar settings from Section [/Script/Engine.StreamingSettings] File [F:/Unreal/Projects/EscapeRoom/Saved/Config/Windows/Engine.ini]
LogConfig: Setting CVar [[s.MinBulkDataSizeForAsyncLoading:131072]]
LogConfig: Setting CVar [[s.AsyncLoadingThreadEnabled:0]]
LogConfig: Setting CVar [[s.EventDrivenLoaderEnabled:1]]
LogConfig: Setting CVar [[s.WarnIfTimeLimitExceeded:0]]
LogConfig: Setting CVar [[s.TimeLimitExceededMultiplier:1.5]]
LogConfig: Setting CVar [[s.TimeLimitExceededMinTime:0.005]]
LogConfig: Setting CVar [[s.UseBackgroundLevelStreaming:1]]
LogConfig: Setting CVar [[s.PriorityAsyncLoadingExtraTime:15.0]]
LogConfig: Setting CVar [[s.LevelStreamingActorsUpdateTimeLimit:5.0]]
LogConfig: Setting CVar [[s.PriorityLevelStreamingActorsUpdateExtraTime:5.0]]
LogConfig: Setting CVar [[s.LevelStreamingComponentsRegistrationGranularity:10]]
LogConfig: Setting CVar [[s.UnregisterComponentsTimeLimit:1.0]]
LogConfig: Setting CVar [[s.LevelStreamingComponentsUnregistrationGranularity:5]]
LogConfig: Setting CVar [[s.FlushStreamingOnExit:1]]
LogInit: Object subsystem initialized
LogConfig: Setting CVar [[con.DebugEarlyDefault:1]]
LogConfig: Setting CVar [[r.setres:1280x720]]
[2020.12.06-18.50.55:469][  0]LogConfig: Setting CVar [[r.VSync:0]]
[2020.12.06-18.50.55:469][  0]LogConfig: Setting CVar [[r.RHICmdBypass:0]]
[2020.12.06-18.50.55:469][  0]LogConfig: Applying CVar settings from Section [/Script/Engine.RendererSettings] File [F:/Unreal/Projects/EscapeRoom/Saved/Config/Windows/Engine.ini]
[2020.12.06-18.50.55:469][  0]LogConfig: Setting CVar [[r.GPUCrashDebugging:0]]
[2020.12.06-18.50.55:469][  0]LogConfig: Applying CVar settings from Section [/Script/Engine.RendererOverrideSettings] File [F:/Unreal/Projects/EscapeRoom/Saved/Config/Windows/Engine.ini]
[2020.12.06-18.50.55:469][  0]LogConfig: Applying CVar settings from Section [/Script/Engine.StreamingSettings] File [F:/Unreal/Projects/EscapeRoom/Saved/Config/Windows/Engine.ini]
[2020.12.06-18.50.55:469][  0]LogConfig: Setting CVar [[s.MinBulkDataSizeForAsyncLoading:131072]]
[2020.12.06-18.50.55:469][  0]LogConfig: Setting CVar [[s.AsyncLoadingThreadEnabled:0]]
[2020.12.06-18.50.55:469][  0]LogConfig: Setting CVar [[s.EventDrivenLoaderEnabled:1]]
[2020.12.06-18.50.55:469][  0]LogConfig: Setting CVar [[s.WarnIfTimeLimitExceeded:0]]
[2020.12.06-18.50.55:469][  0]LogConfig: Setting CVar [[s.TimeLimitExceededMultiplier:1.5]]
[2020.12.06-18.50.55:469][  0]LogConfig: Setting CVar [[s.TimeLimitExceededMinTime:0.005]]
[2020.12.06-18.50.55:469][  0]LogConfig: Setting CVar [[s.UseBackgroundLevelStreaming:1]]
[2020.12.06-18.50.55:469][  0]LogConfig: Setting CVar [[s.PriorityAsyncLoadingExtraTime:15.0]]
[2020.12.06-18.50.55:469][  0]LogConfig: Setting CVar [[s.LevelStreamingActorsUpdateTimeLimit:5.0]]
[2020.12.06-18.50.55:469][  0]LogConfig: Setting CVar [[s.PriorityLevelStreamingActorsUpdateExtraTime:5.0]]
[2020.12.06-18.50.55:469][  0]LogConfig: Setting CVar [[s.LevelStreamingComponentsRegistrationGranularity:10]]
[2020.12.06-18.50.55:469][  0]LogConfig: Setting CVar [[s.UnregisterComponentsTimeLimit:1.0]]
[2020.12.06-18.50.55:469][  0]LogConfig: Setting CVar [[s.LevelStreamingComponentsUnregistrationGranularity:5]]
[2020.12.06-18.50.55:469][  0]LogConfig: Setting CVar [[s.FlushStreamingOnExit:1]]
[2020.12.06-18.50.55:469][  0]LogConfig: Applying CVar settings from Section [/Script/Engine.GarbageCollectionSettings] File [F:/Unreal/Projects/EscapeRoom/Saved/Config/Windows/Engine.ini]
[2020.12.06-18.50.55:469][  0]LogConfig: Setting CVar [[gc.MaxObjectsNotConsideredByGC:1]]
[2020.12.06-18.50.55:469][  0]LogConfig: Setting CVar [[gc.SizeOfPermanentObjectPool:0]]
[2020.12.06-18.50.55:469][  0]LogConfig: Setting CVar [[gc.FlushStreamingOnGC:0]]
[2020.12.06-18.50.55:469][  0]LogConfig: Setting CVar [[gc.NumRetriesBeforeForcingGC:10]]
[2020.12.06-18.50.55:469][  0]LogConfig: Setting CVar [[gc.AllowParallelGC:1]]
[2020.12.06-18.50.55:469][  0]LogConfig: Setting CVar [[gc.TimeBetweenPurgingPendingKillObjects:61.1]]
[2020.12.06-18.50.55:469][  0]LogConfig: Setting CVar [[gc.MaxObjectsInEditor:25165824]]
[2020.12.06-18.50.55:469][  0]LogConfig: Setting CVar [[gc.IncrementalBeginDestroyEnabled:1]]
[2020.12.06-18.50.55:469][  0]LogConfig: Setting CVar [[gc.CreateGCClusters:1]]
[2020.12.06-18.50.55:469][  0]LogConfig: Setting CVar [[gc.MinGCClusterSize:5]]
[2020.12.06-18.50.55:469][  0]LogConfig: Setting CVar [[gc.ActorClusteringEnabled:0]]
[2020.12.06-18.50.55:469][  0]LogConfig: Setting CVar [[gc.BlueprintClusteringEnabled:0]]
[2020.12.06-18.50.55:469][  0]LogConfig: Setting CVar [[gc.UseDisregardForGCOnDedicatedServers:0]]
[2020.12.06-18.50.55:469][  0]LogConfig: Applying CVar settings from Section [/Script/Engine.NetworkSettings] File [F:/Unreal/Projects/EscapeRoom/Saved/Config/Windows/Engine.ini]
[2020.12.06-18.50.55:469][  0]LogConfig: Applying CVar settings from Section [/Script/UnrealEd.CookerSettings] File [F:/Unreal/Projects/EscapeRoom/Saved/Config/Windows/Engine.ini]
[2020.12.06-18.50.55:472][  0]LogConfig: Applying CVar settings from Section [ViewDistanceQuality@3] File [F:/Unreal/Projects/EscapeRoom/Saved/Config/Windows/Scalability.ini]
[2020.12.06-18.50.55:472][  0]LogConfig: Setting CVar [[r.SkeletalMeshLODBias:0]]
[2020.12.06-18.50.55:472][  0]LogConfig: Setting CVar [[r.ViewDistanceScale:1.0]]
[2020.12.06-18.50.55:472][  0]LogConfig: Applying CVar settings from Section [AntiAliasingQuality@3] File [F:/Unreal/Projects/EscapeRoom/Saved/Config/Windows/Scalability.ini]
[2020.12.06-18.50.55:472][  0]LogConfig: Setting CVar [[r.PostProcessAAQuality:4]]
[2020.12.06-18.50.55:472][  0]LogConfig: Applying CVar settings from Section [ShadowQuality@3] File [F:/Unreal/Projects/EscapeRoom/Saved/Config/Windows/Scalability.ini]
[2020.12.06-18.50.55:472][  0]LogConfig: Setting CVar [[r.LightFunctionQuality:1]]
[2020.12.06-18.50.55:472][  0]LogConfig: Setting CVar [[r.ShadowQuality:5]]
[2020.12.06-18.50.55:472][  0]LogConfig: Setting CVar [[r.Shadow.CSM.MaxCascades:10]]
[2020.12.06-18.50.55:472][  0]LogConfig: Setting CVar [[r.Shadow.MaxResolution:2048]]
[2020.12.06-18.50.55:472][  0]LogConfig: Setting CVar [[r.Shadow.MaxCSMResolution:2048]]
[2020.12.06-18.50.55:472][  0]LogConfig: Setting CVar [[r.Shadow.RadiusThreshold:0.01]]
[2020.12.06-18.50.55:472][  0]LogConfig: Setting CVar [[r.Shadow.DistanceScale:1.0]]
[2020.12.06-18.50.55:472][  0]LogConfig: Setting CVar [[r.Shadow.CSM.TransitionScale:1.0]]
[2020.12.06-18.50.55:472][  0]LogConfig: Setting CVar [[r.Shadow.PreShadowResolutionFactor:1.0]]
[2020.12.06-18.50.55:472][  0]LogConfig: Setting CVar [[r.DistanceFieldShadowing:1]]
[2020.12.06-18.50.55:472][  0]LogConfig: Setting CVar [[r.DistanceFieldAO:1]]
[2020.12.06-18.50.55:472][  0]LogConfig: Setting CVar [[r.AOQuality:2]]
[2020.12.06-18.50.55:472][  0]LogConfig: Setting CVar [[r.VolumetricFog:1]]
[2020.12.06-18.50.55:472][  0]LogConfig: Setting CVar [[r.VolumetricFog.GridPixelSize:8]]
[2020.12.06-18.50.55:472][  0]LogConfig: Setting CVar [[r.VolumetricFog.GridSizeZ:128]]
[2020.12.06-18.50.55:472][  0]LogConfig: Setting CVar [[r.VolumetricFog.HistoryMissSupersampleCount:4]]
[2020.12.06-18.50.55:472][  0]LogConfig: Setting CVar [[r.LightMaxDrawDistanceScale:1]]
[2020.12.06-18.50.55:472][  0]LogConfig: Setting CVar [[r.CapsuleShadows:1]]
[2020.12.06-18.50.55:472][  0]LogConfig: Applying CVar settings from Section [PostProcessQuality@3] File [F:/Unreal/Projects/EscapeRoom/Saved/Config/Windows/Scalability.ini]
[2020.12.06-18.50.55:472][  0]LogConfig: Setting CVar [[r.MotionBlurQuality:4]]
[2020.12.06-18.50.55:472][  0]LogConfig: Setting CVar [[r.AmbientOcclusionMipLevelFactor:0.4]]
[2020.12.06-18.50.55:472][  0]LogConfig: Setting CVar [[r.AmbientOcclusionMaxQuality:100]]
[2020.12.06-18.50.55:472][  0]LogConfig: Setting CVar [[r.AmbientOcclusionLevels:-1]]
[2020.12.06-18.50.55:472][  0]LogConfig: Setting CVar [[r.AmbientOcclusionRadiusScale:1.0]]
[2020.12.06-18.50.55:472][  0]LogConfig: Setting CVar [[r.DepthOfFieldQuality:2]]
[2020.12.06-18.50.55:472][  0]LogConfig: Setting CVar [[r.RenderTargetPoolMin:400]]
[2020.12.06-18.50.55:472][  0]LogConfig: Setting CVar [[r.LensFlareQuality:2]]
[2020.12.06-18.50.55:472][  0]LogConfig: Setting CVar [[r.SceneColorFringeQuality:1]]
[2020.12.06-18.50.55:472][  0]LogConfig: Setting CVar [[r.EyeAdaptationQuality:2]]
[2020.12.06-18.50.55:472][  0]LogConfig: Setting CVar [[r.BloomQuality:5]]
[2020.12.06-18.50.55:472][  0]LogConfig: Setting CVar [[r.FastBlurThreshold:100]]
[2020.12.06-18.50.55:472][  0]LogConfig: Setting CVar [[r.Upscale.Quality:3]]
[2020.12.06-18.50.55:472][  0]LogConfig: Setting CVar [[r.Tonemapper.GrainQuantization:1]]
[2020.12.06-18.50.55:472][  0]LogConfig: Setting CVar [[r.LightShaftQuality:1]]
[2020.12.06-18.50.55:472][  0]LogConfig: Setting CVar [[r.Filter.SizeScale:1]]
[2020.12.06-18.50.55:472][  0]LogConfig: Setting CVar [[r.Tonemapper.Quality:5]]
[2020.12.06-18.50.55:472][  0]LogConfig: Setting CVar [[r.DOF.Gather.AccumulatorQuality:1        ; higher gathering accumulator quality]]
[2020.12.06-18.50.55:472][  0]LogConfig: Setting CVar [[r.DOF.Gather.PostfilterMethod:1          ; Median3x3 postfilering method]]
[2020.12.06-18.50.55:472][  0]LogConfig: Setting CVar [[r.DOF.Gather.EnableBokehSettings:0       ; no bokeh simulation when gathering]]
[2020.12.06-18.50.55:472][  0]LogConfig: Setting CVar [[r.DOF.Gather.RingCount:4                 ; medium number of samples when gathering]]
[2020.12.06-18.50.55:472][  0]LogConfig: Setting CVar [[r.DOF.Scatter.ForegroundCompositing:1    ; additive foreground scattering]]
[2020.12.06-18.50.55:472][  0]LogConfig: Setting CVar [[r.DOF.Scatter.BackgroundCompositing:2    ; additive background scattering]]
[2020.12.06-18.50.55:472][  0]LogConfig: Setting CVar [[r.DOF.Scatter.EnableBokehSettings:1      ; bokeh simulation when scattering]]
[2020.12.06-18.50.55:472][  0]LogConfig: Setting CVar [[r.DOF.Scatter.MaxSpriteRatio:0.1         ; only a maximum of 10% of scattered bokeh]]
[2020.12.06-18.50.55:472][  0]LogConfig: Setting CVar [[r.DOF.Recombine.Quality:1                ; cheap slight out of focus]]
[2020.12.06-18.50.55:472][  0]LogConfig: Setting CVar [[r.DOF.Recombine.EnableBokehSettings:0    ; no bokeh simulation on slight out of focus]]
[2020.12.06-18.50.55:472][  0]LogConfig: Setting CVar [[r.DOF.TemporalAAQuality:1                ; more stable temporal accumulation]]
[2020.12.06-18.50.55:472][  0]LogConfig: Setting CVar [[r.DOF.Kernel.MaxForegroundRadius:0.025]]
[2020.12.06-18.50.55:472][  0]LogConfig: Setting CVar [[r.DOF.Kernel.MaxBackgroundRadius:0.025]]
[2020.12.06-18.50.55:472][  0]LogConfig: Applying CVar settings from Section [TextureQuality@3] File [F:/Unreal/Projects/EscapeRoom/Saved/Config/Windows/Scalability.ini]
[2020.12.06-18.50.55:472][  0]LogConfig: Setting CVar [[r.Streaming.MipBias:0]]
[2020.12.06-18.50.55:472][  0]LogConfig: Setting CVar [[r.Streaming.AmortizeCPUToGPUCopy:0]]
[2020.12.06-18.50.55:472][  0]LogConfig: Setting CVar [[r.Streaming.MaxNumTexturesToStreamPerFrame:0]]
[2020.12.06-18.50.55:472][  0]LogConfig: Setting CVar [[r.Streaming.Boost:1]]
[2020.12.06-18.50.55:472][  0]LogConfig: Setting CVar [[r.MaxAnisotropy:8]]
[2020.12.06-18.50.55:472][  0]LogConfig: Setting CVar [[r.VT.MaxAnisotropy:8]]
[2020.12.06-18.50.55:472][  0]LogConfig: Setting CVar [[r.Streaming.LimitPoolSizeToVRAM:0]]
[2020.12.06-18.50.55:472][  0]LogConfig: Setting CVar [[r.Streaming.PoolSize:1000]]
[2020.12.06-18.50.55:472][  0]LogConfig: Setting CVar [[r.Streaming.MaxEffectiveScreenSize:0]]
[2020.12.06-18.50.55:472][  0]LogConfig: Applying CVar settings from Section [EffectsQuality@3] File [F:/Unreal/Projects/EscapeRoom/Saved/Config/Windows/Scalability.ini]
[2020.12.06-18.50.55:472][  0]LogConfig: Setting CVar [[r.TranslucencyLightingVolumeDim:64]]
[2020.12.06-18.50.55:473][  0]LogConfig: Setting CVar [[r.RefractionQuality:2]]
[2020.12.06-18.50.55:473][  0]LogConfig: Setting CVar [[r.SSR.Quality:3]]
[2020.12.06-18.50.55:473][  0]LogConfig: Setting CVar [[r.SSR.HalfResSceneColor:0]]
[2020.12.06-18.50.55:473][  0]LogConfig: Setting CVar [[r.SceneColorFormat:4]]
[2020.12.06-18.50.55:473][  0]LogConfig: Setting CVar [[r.DetailMode:2]]
[2020.12.06-18.50.55:473][  0]LogConfig: Setting CVar [[r.TranslucencyVolumeBlur:1]]
[2020.12.06-18.50.55:473][  0]LogConfig: Setting CVar [[r.MaterialQualityLevel:1 ; High quality]]
[2020.12.06-18.50.55:473][  0]LogConfig: Setting CVar [[r.SSS.Scale:1]]
[2020.12.06-18.50.55:473][  0]LogConfig: Setting CVar [[r.SSS.SampleSet:2]]
[2020.12.06-18.50.55:473][  0]LogConfig: Setting CVar [[r.SSS.Quality:1]]
[2020.12.06-18.50.55:473][  0]LogConfig: Setting CVar [[r.SSS.HalfRes:0]]
[2020.12.06-18.50.55:473][  0]LogConfig: Setting CVar [[r.SSGI.Quality:3]]
[2020.12.06-18.50.55:473][  0]LogConfig: Setting CVar [[r.EmitterSpawnRateScale:1.0]]
[2020.12.06-18.50.55:473][  0]LogConfig: Setting CVar [[r.ParticleLightQuality:2]]
[2020.12.06-18.50.55:473][  0]LogConfig: Setting CVar [[r.SkyAtmosphere.AerialPerspectiveLUT.FastApplyOnOpaque:1 ; Always have FastSkyLUT 1 in this case to avoid wrong sky]]
[2020.12.06-18.50.55:473][  0]LogConfig: Setting CVar [[r.SkyAtmosphere.AerialPerspectiveLUT.SampleCountPerSlice:1]]
[2020.12.06-18.50.55:473][  0]LogConfig: Setting CVar [[r.SkyAtmosphere.AerialPerspectiveLUT.DepthResolution:16.0]]
[2020.12.06-18.50.55:473][  0]LogConfig: Setting CVar [[r.SkyAtmosphere.FastSkyLUT:1]]
[2020.12.06-18.50.55:473][  0]LogConfig: Setting CVar [[r.SkyAtmosphere.FastSkyLUT.SampleCountMin:4.0]]
[2020.12.06-18.50.55:473][  0]LogConfig: Setting CVar [[r.SkyAtmosphere.FastSkyLUT.SampleCountMax:32.0]]
[2020.12.06-18.50.55:473][  0]LogConfig: Setting CVar [[r.SkyAtmosphere.SampleCountMin:4.0]]
[2020.12.06-18.50.55:473][  0]LogConfig: Setting CVar [[r.SkyAtmosphere.SampleCountMax:32.0]]
[2020.12.06-18.50.55:473][  0]LogConfig: Setting CVar [[r.SkyAtmosphere.TransmittanceLUT.UseSmallFormat:0]]
[2020.12.06-18.50.55:473][  0]LogConfig: Setting CVar [[r.SkyAtmosphere.TransmittanceLUT.SampleCount:10.0]]
[2020.12.06-18.50.55:473][  0]LogConfig: Setting CVar [[r.SkyAtmosphere.MultiScatteringLUT.SampleCount:15.0]]
[2020.12.06-18.50.55:473][  0]LogConfig: Applying CVar settings from Section [FoliageQuality@3] File [F:/Unreal/Projects/EscapeRoom/Saved/Config/Windows/Scalability.ini]
[2020.12.06-18.50.55:473][  0]LogConfig: Setting CVar [[foliage.DensityScale:1.0]]
[2020.12.06-18.50.55:473][  0]LogConfig: Setting CVar [[grass.DensityScale:1.0]]
[2020.12.06-18.50.55:473][  0]LogConfig: Applying CVar settings from Section [ShadingQuality@3] File [F:/Unreal/Projects/EscapeRoom/Saved/Config/Windows/Scalability.ini]
[2020.12.06-18.50.55:473][  0]LogConfig: Setting CVar [[r.HairStrands.SkyLighting.SampleCount:16]]
[2020.12.06-18.50.55:473][  0]LogConfig: Setting CVar [[r.HairStrands.SkyLighting.JitterIntegration:0]]
[2020.12.06-18.50.55:473][  0]LogConfig: Setting CVar [[r.HairStrands.SkyAO.SampleCount:16]]
[2020.12.06-18.50.55:473][  0]LogConfig: Setting CVar [[r.HairStrands.DeepShadow.SuperSampling:0]]
[2020.12.06-18.50.55:473][  0]LogConfig: Setting CVar [[r.HairStrands.VisibilityPPLL:0]]
[2020.12.06-18.50.55:473][  0]LogConfig: Setting CVar [[r.HairStrands.RasterizationScale:0.5]]
[2020.12.06-18.50.55:473][  0]LogConfig: Setting CVar [[r.HairStrands.VelocityRasterizationScale:1]]
[2020.12.06-18.50.55:473][  0]LogInit: Selected Device Profile: [Windows]
[2020.12.06-18.50.55:473][  0]LogInit: Applying CVar settings loaded from the selected device profile: [Windows]
[2020.12.06-18.50.55:473][  0]LogHAL: Display: Platform has ~ 32 GB [34295877632 / 34359738368 / 32], which maps to Largest [LargestMinGB=32, LargerMinGB=12, DefaultMinGB=8, SmallerMinGB=6, SmallestMinGB=0)
[2020.12.06-18.50.55:473][  0]LogInit: Going up to parent DeviceProfile []
[2020.12.06-18.50.55:473][  0]LogConfig: Applying CVar settings from Section [ViewDistanceQuality@3] File [F:/Unreal/Projects/EscapeRoom/Saved/Config/Windows/Scalability.ini]
[2020.12.06-18.50.55:473][  0]LogConfig: Setting CVar [[r.SkeletalMeshLODBias:0]]
[2020.12.06-18.50.55:473][  0]LogConfig: Setting CVar [[r.ViewDistanceScale:1.0]]
[2020.12.06-18.50.55:473][  0]LogConfig: Applying CVar settings from Section [AntiAliasingQuality@3] File [F:/Unreal/Projects/EscapeRoom/Saved/Config/Windows/Scalability.ini]
[2020.12.06-18.50.55:473][  0]LogConfig: Setting CVar [[r.PostProcessAAQuality:4]]
[2020.12.06-18.50.55:473][  0]LogConfig: Applying CVar settings from Section [ShadowQuality@3] File [F:/Unreal/Projects/EscapeRoom/Saved/Config/Windows/Scalability.ini]
[2020.12.06-18.50.55:473][  0]LogConfig: Setting CVar [[r.LightFunctionQuality:1]]
[2020.12.06-18.50.55:473][  0]LogConfig: Setting CVar [[r.ShadowQuality:5]]
[2020.12.06-18.50.55:473][  0]LogConfig: Setting CVar [[r.Shadow.CSM.MaxCascades:10]]
[2020.12.06-18.50.55:473][  0]LogConfig: Setting CVar [[r.Shadow.MaxResolution:2048]]
[2020.12.06-18.50.55:473][  0]LogConfig: Setting CVar [[r.Shadow.MaxCSMResolution:2048]]
[2020.12.06-18.50.55:473][  0]LogConfig: Setting CVar [[r.Shadow.RadiusThreshold:0.01]]
[2020.12.06-18.50.55:473][  0]LogConfig: Setting CVar [[r.Shadow.DistanceScale:1.0]]
[2020.12.06-18.50.55:473][  0]LogConfig: Setting CVar [[r.Shadow.CSM.TransitionScale:1.0]]
[2020.12.06-18.50.55:473][  0]LogConfig: Setting CVar [[r.Shadow.PreShadowResolutionFactor:1.0]]
[2020.12.06-18.50.55:473][  0]LogConfig: Setting CVar [[r.DistanceFieldShadowing:1]]
[2020.12.06-18.50.55:473][  0]LogConfig: Setting CVar [[r.DistanceFieldAO:1]]
[2020.12.06-18.50.55:473][  0]LogConfig: Setting CVar [[r.AOQuality:2]]
[2020.12.06-18.50.55:473][  0]LogConfig: Setting CVar [[r.VolumetricFog:1]]
[2020.12.06-18.50.55:473][  0]LogConfig: Setting CVar [[r.VolumetricFog.GridPixelSize:8]]
[2020.12.06-18.50.55:473][  0]LogConfig: Setting CVar [[r.VolumetricFog.GridSizeZ:128]]
[2020.12.06-18.50.55:473][  0]LogConfig: Setting CVar [[r.VolumetricFog.HistoryMissSupersampleCount:4]]
[2020.12.06-18.50.55:473][  0]LogConfig: Setting CVar [[r.LightMaxDrawDistanceScale:1]]
[2020.12.06-18.50.55:473][  0]LogConfig: Setting CVar [[r.CapsuleShadows:1]]
[2020.12.06-18.50.55:473][  0]LogConfig: Applying CVar settings from Section [PostProcessQuality@3] File [F:/Unreal/Projects/EscapeRoom/Saved/Config/Windows/Scalability.ini]
[2020.12.06-18.50.55:473][  0]LogConfig: Setting CVar [[r.MotionBlurQuality:4]]
[2020.12.06-18.50.55:473][  0]LogConfig: Setting CVar [[r.AmbientOcclusionMipLevelFactor:0.4]]
[2020.12.06-18.50.55:473][  0]LogConfig: Setting CVar [[r.AmbientOcclusionMaxQuality:100]]
[2020.12.06-18.50.55:473][  0]LogConfig: Setting CVar [[r.AmbientOcclusionLevels:-1]]
[2020.12.06-18.50.55:473][  0]LogConfig: Setting CVar [[r.AmbientOcclusionRadiusScale:1.0]]
[2020.12.06-18.50.55:473][  0]LogConfig: Setting CVar [[r.DepthOfFieldQuality:2]]
[2020.12.06-18.50.55:473][  0]LogConfig: Setting CVar [[r.RenderTargetPoolMin:400]]
[2020.12.06-18.50.55:473][  0]LogConfig: Setting CVar [[r.LensFlareQuality:2]]
[2020.12.06-18.50.55:473][  0]LogConfig: Setting CVar [[r.SceneColorFringeQuality:1]]
[2020.12.06-18.50.55:473][  0]LogConfig: Setting CVar [[r.EyeAdaptationQuality:2]]
[2020.12.06-18.50.55:473][  0]LogConfig: Setting CVar [[r.BloomQuality:5]]
[2020.12.06-18.50.55:473][  0]LogConfig: Setting CVar [[r.FastBlurThreshold:100]]
[2020.12.06-18.50.55:473][  0]LogConfig: Setting CVar [[r.Upscale.Quality:3]]
[2020.12.06-18.50.55:473][  0]LogConfig: Setting CVar [[r.Tonemapper.GrainQuantization:1]]
[2020.12.06-18.50.55:473][  0]LogConfig: Setting CVar [[r.LightShaftQuality:1]]
[2020.12.06-18.50.55:473][  0]LogConfig: Setting CVar [[r.Filter.SizeScale:1]]
[2020.12.06-18.50.55:473][  0]LogConfig: Setting CVar [[r.Tonemapper.Quality:5]]
[2020.12.06-18.50.55:473][  0]LogConfig: Setting CVar [[r.DOF.Gather.AccumulatorQuality:1        ; higher gathering accumulator quality]]
[2020.12.06-18.50.55:473][  0]LogConfig: Setting CVar [[r.DOF.Gather.PostfilterMethod:1          ; Median3x3 postfilering method]]
[2020.12.06-18.50.55:473][  0]LogConfig: Setting CVar [[r.DOF.Gather.EnableBokehSettings:0       ; no bokeh simulation when gathering]]
[2020.12.06-18.50.55:473][  0]LogConfig: Setting CVar [[r.DOF.Gather.RingCount:4                 ; medium number of samples when gathering]]
[2020.12.06-18.50.55:473][  0]LogConfig: Setting CVar [[r.DOF.Scatter.ForegroundCompositing:1    ; additive foreground scattering]]
[2020.12.06-18.50.55:473][  0]LogConfig: Setting CVar [[r.DOF.Scatter.BackgroundCompositing:2    ; additive background scattering]]
[2020.12.06-18.50.55:473][  0]LogConfig: Setting CVar [[r.DOF.Scatter.EnableBokehSettings:1      ; bokeh simulation when scattering]]
[2020.12.06-18.50.55:473][  0]LogConfig: Setting CVar [[r.DOF.Scatter.MaxSpriteRatio:0.1         ; only a maximum of 10% of scattered bokeh]]
[2020.12.06-18.50.55:473][  0]LogConfig: Setting CVar [[r.DOF.Recombine.Quality:1                ; cheap slight out of focus]]
[2020.12.06-18.50.55:473][  0]LogConfig: Setting CVar [[r.DOF.Recombine.EnableBokehSettings:0    ; no bokeh simulation on slight out of focus]]
[2020.12.06-18.50.55:473][  0]LogConfig: Setting CVar [[r.DOF.TemporalAAQuality:1                ; more stable temporal accumulation]]
[2020.12.06-18.50.55:473][  0]LogConfig: Setting CVar [[r.DOF.Kernel.MaxForegroundRadius:0.025]]
[2020.12.06-18.50.55:473][  0]LogConfig: Setting CVar [[r.DOF.Kernel.MaxBackgroundRadius:0.025]]
[2020.12.06-18.50.55:473][  0]LogConfig: Applying CVar settings from Section [TextureQuality@3] File [F:/Unreal/Projects/EscapeRoom/Saved/Config/Windows/Scalability.ini]
[2020.12.06-18.50.55:473][  0]LogConfig: Setting CVar [[r.Streaming.MipBias:0]]
[2020.12.06-18.50.55:473][  0]LogConfig: Setting CVar [[r.Streaming.AmortizeCPUToGPUCopy:0]]
[2020.12.06-18.50.55:473][  0]LogConfig: Setting CVar [[r.Streaming.MaxNumTexturesToStreamPerFrame:0]]
[2020.12.06-18.50.55:473][  0]LogConfig: Setting CVar [[r.Streaming.Boost:1]]
[2020.12.06-18.50.55:473][  0]LogConfig: Setting CVar [[r.MaxAnisotropy:8]]
[2020.12.06-18.50.55:473][  0]LogConfig: Setting CVar [[r.VT.MaxAnisotropy:8]]
[2020.12.06-18.50.55:473][  0]LogConfig: Setting CVar [[r.Streaming.LimitPoolSizeToVRAM:0]]
[2020.12.06-18.50.55:473][  0]LogConfig: Setting CVar [[r.Streaming.PoolSize:1000]]
[2020.12.06-18.50.55:473][  0]LogConfig: Setting CVar [[r.Streaming.MaxEffectiveScreenSize:0]]
[2020.12.06-18.50.55:473][  0]LogConfig: Applying CVar settings from Section [EffectsQuality@3] File [F:/Unreal/Projects/EscapeRoom/Saved/Config/Windows/Scalability.ini]
[2020.12.06-18.50.55:473][  0]LogConfig: Setting CVar [[r.TranslucencyLightingVolumeDim:64]]
[2020.12.06-18.50.55:473][  0]LogConfig: Setting CVar [[r.RefractionQuality:2]]
[2020.12.06-18.50.55:473][  0]LogConfig: Setting CVar [[r.SSR.Quality:3]]
[2020.12.06-18.50.55:473][  0]LogConfig: Setting CVar [[r.SSR.HalfResSceneColor:0]]
[2020.12.06-18.50.55:474][  0]LogConfig: Setting CVar [[r.SceneColorFormat:4]]
[2020.12.06-18.50.55:474][  0]LogConfig: Setting CVar [[r.DetailMode:2]]
[2020.12.06-18.50.55:474][  0]LogConfig: Setting CVar [[r.TranslucencyVolumeBlur:1]]
[2020.12.06-18.50.55:474][  0]LogConfig: Setting CVar [[r.MaterialQualityLevel:1 ; High quality]]
[2020.12.06-18.50.55:474][  0]LogConfig: Setting CVar [[r.SSS.Scale:1]]
[2020.12.06-18.50.55:474][  0]LogConfig: Setting CVar [[r.SSS.SampleSet:2]]
[2020.12.06-18.50.55:474][  0]LogConfig: Setting CVar [[r.SSS.Quality:1]]
[2020.12.06-18.50.55:474][  0]LogConfig: Setting CVar [[r.SSS.HalfRes:0]]
[2020.12.06-18.50.55:474][  0]LogConfig: Setting CVar [[r.SSGI.Quality:3]]
[2020.12.06-18.50.55:474][  0]LogConfig: Setting CVar [[r.EmitterSpawnRateScale:1.0]]
[2020.12.06-18.50.55:474][  0]LogConfig: Setting CVar [[r.ParticleLightQuality:2]]
[2020.12.06-18.50.55:474][  0]LogConfig: Setting CVar [[r.SkyAtmosphere.AerialPerspectiveLUT.FastApplyOnOpaque:1 ; Always have FastSkyLUT 1 in this case to avoid wrong sky]]
[2020.12.06-18.50.55:474][  0]LogConfig: Setting CVar [[r.SkyAtmosphere.AerialPerspectiveLUT.SampleCountPerSlice:1]]
[2020.12.06-18.50.55:474][  0]LogConfig: Setting CVar [[r.SkyAtmosphere.AerialPerspectiveLUT.DepthResolution:16.0]]
[2020.12.06-18.50.55:474][  0]LogConfig: Setting CVar [[r.SkyAtmosphere.FastSkyLUT:1]]
[2020.12.06-18.50.55:474][  0]LogConfig: Setting CVar [[r.SkyAtmosphere.FastSkyLUT.SampleCountMin:4.0]]
[2020.12.06-18.50.55:474][  0]LogConfig: Setting CVar [[r.SkyAtmosphere.FastSkyLUT.SampleCountMax:32.0]]
[2020.12.06-18.50.55:474][  0]LogConfig: Setting CVar [[r.SkyAtmosphere.SampleCountMin:4.0]]
[2020.12.06-18.50.55:474][  0]LogConfig: Setting CVar [[r.SkyAtmosphere.SampleCountMax:32.0]]
[2020.12.06-18.50.55:474][  0]LogConfig: Setting CVar [[r.SkyAtmosphere.TransmittanceLUT.UseSmallFormat:0]]
[2020.12.06-18.50.55:474][  0]LogConfig: Setting CVar [[r.SkyAtmosphere.TransmittanceLUT.SampleCount:10.0]]
[2020.12.06-18.50.55:474][  0]LogConfig: Setting CVar [[r.SkyAtmosphere.MultiScatteringLUT.SampleCount:15.0]]
[2020.12.06-18.50.55:474][  0]LogConfig: Applying CVar settings from Section [FoliageQuality@3] File [F:/Unreal/Projects/EscapeRoom/Saved/Config/Windows/Scalability.ini]
[2020.12.06-18.50.55:474][  0]LogConfig: Setting CVar [[foliage.DensityScale:1.0]]
[2020.12.06-18.50.55:474][  0]LogConfig: Setting CVar [[grass.DensityScale:1.0]]
[2020.12.06-18.50.55:474][  0]LogConfig: Applying CVar settings from Section [ShadingQuality@3] File [F:/Unreal/Projects/EscapeRoom/Saved/Config/Windows/Scalability.ini]
[2020.12.06-18.50.55:474][  0]LogConfig: Setting CVar [[r.HairStrands.SkyLighting.SampleCount:16]]
[2020.12.06-18.50.55:474][  0]LogConfig: Setting CVar [[r.HairStrands.SkyLighting.JitterIntegration:0]]
[2020.12.06-18.50.55:474][  0]LogConfig: Setting CVar [[r.HairStrands.SkyAO.SampleCount:16]]
[2020.12.06-18.50.55:474][  0]LogConfig: Setting CVar [[r.HairStrands.DeepShadow.SuperSampling:0]]
[2020.12.06-18.50.55:474][  0]LogConfig: Setting CVar [[r.HairStrands.VisibilityPPLL:0]]
[2020.12.06-18.50.55:474][  0]LogConfig: Setting CVar [[r.HairStrands.RasterizationScale:0.5]]
[2020.12.06-18.50.55:474][  0]LogConfig: Setting CVar [[r.HairStrands.VelocityRasterizationScale:1]]
[2020.12.06-18.50.55:474][  0]LogConfig: Applying CVar settings from Section [Startup] File [../../../Engine/Config/ConsoleVariables.ini]
[2020.12.06-18.50.55:474][  0]LogConfig: Setting CVar [[net.UseAdaptiveNetUpdateFrequency:0]]
[2020.12.06-18.50.55:474][  0]LogConfig: Setting CVar [[p.chaos.AllowCreatePhysxBodies:1]]
[2020.12.06-18.50.55:474][  0]LogConfig: Setting CVar [[fx.SkipVectorVMBackendOptimizations:1]]
[2020.12.06-18.50.55:474][  0]LogConfig: Applying CVar settings from Section [ConsoleVariables] File [F:/Unreal/Projects/EscapeRoom/Saved/Config/Windows/Engine.ini]
[2020.12.06-18.50.55:474][  0]LogInit: Computer: DESKTOP-S5TPAU6
[2020.12.06-18.50.55:474][  0]LogInit: User: Augusto
[2020.12.06-18.50.55:474][  0]LogInit: CPU Page size=4096, Cores=6
[2020.12.06-18.50.55:474][  0]LogInit: High frequency timer resolution =10.000000 MHz
[2020.12.06-18.50.55:474][  0]LogMemory: Memory total: Physical=31.9GB (32GB approx)
[2020.12.06-18.50.55:474][  0]LogMemory: Platform Memory Stats for Windows
[2020.12.06-18.50.55:474][  0]LogMemory: Process Physical Memory: 115.76 MB used, 115.77 MB peak
[2020.12.06-18.50.55:474][  0]LogMemory: Process Virtual Memory: 97.71 MB used, 97.71 MB peak
[2020.12.06-18.50.55:474][  0]LogMemory: Physical Memory: 14549.52 MB used,  18157.58 MB free, 32707.10 MB total
[2020.12.06-18.50.55:474][  0]LogMemory: Virtual Memory: 5141.29 MB used,  134212584.00 MB free, 134217728.00 MB total
[2020.12.06-18.50.55:478][  0]LogWindows: WindowsPlatformFeatures enabled
[2020.12.06-18.50.55:512][  0]LogInit: Physics initialised using underlying interface: PhysX
[2020.12.06-18.50.55:513][  0]LogInit: Overriding language with editor language configuration option (en).
[2020.12.06-18.50.55:513][  0]LogInit: Overriding locale with editor locale configuration option (en).
[2020.12.06-18.50.55:656][  0]LogInit: Setting process to per monitor DPI aware
[2020.12.06-18.50.55:676][  0]LogSlate: New Slate User Created.  User Index 0, Is Virtual User: 0
[2020.12.06-18.50.55:676][  0]LogSlate: Slate User Registered.  User Index 0, Is Virtual User: 0
[2020.12.06-18.50.55:768][  0]LogHMD: Failed to initialize OpenVR with code 110
[2020.12.06-18.50.55:768][  0]LogD3D11RHI: D3D11 min allowed feature level: 11_0
[2020.12.06-18.50.55:768][  0]LogD3D11RHI: D3D11 max allowed feature level: 11_0
[2020.12.06-18.50.55:768][  0]LogD3D11RHI: D3D11 adapters:
[2020.12.06-18.50.55:835][  0]LogD3D11RHI:    0. 'NVIDIA GeForce GTX 1660 SUPER' (Feature Level 11_0)
[2020.12.06-18.50.55:835][  0]LogD3D11RHI:       5991/0/16353 MB DedicatedVideo/DedicatedSystem/SharedSystem, Outputs:2, VendorId:0x10de
[2020.12.06-18.50.55:837][  0]LogD3D11RHI:    1. 'Microsoft Basic Render Driver' (Feature Level 11_0)
[2020.12.06-18.50.55:837][  0]LogD3D11RHI:       0/0/16353 MB DedicatedVideo/DedicatedSystem/SharedSystem, Outputs:0, VendorId:0x1414
[2020.12.06-18.50.55:837][  0]LogD3D11RHI: Chosen D3D11 Adapter: 0
[2020.12.06-18.50.55:842][  0]LogD3D11RHI: Creating new Direct3DDevice
[2020.12.06-18.50.55:842][  0]LogD3D11RHI:     GPU DeviceId: 0x21c4 (for the marketing name, search the web for "GPU Device Id")
[2020.12.06-18.50.55:842][  0]LogWindows: EnumDisplayDevices:
[2020.12.06-18.50.55:842][  0]LogWindows:    0. 'NVIDIA GeForce GTX 1660 SUPER' (P:1 D:1)
[2020.12.06-18.50.55:842][  0]LogWindows:    1. 'NVIDIA GeForce GTX 1660 SUPER' (P:0 D:1)
[2020.12.06-18.50.55:842][  0]LogWindows:    2. 'NVIDIA GeForce GTX 1660 SUPER' (P:0 D:0)
[2020.12.06-18.50.55:843][  0]LogWindows:    3. 'NVIDIA GeForce GTX 1660 SUPER' (P:0 D:0)
[2020.12.06-18.50.55:843][  0]LogWindows: DebugString: FoundDriverCount:4 
[2020.12.06-18.50.55:843][  0]LogD3D11RHI:     Adapter Name: NVIDIA GeForce GTX 1660 SUPER
[2020.12.06-18.50.55:843][  0]LogD3D11RHI:   Driver Version: 457.51 (internal:27.21.14.5751, unified:457.51)
[2020.12.06-18.50.55:843][  0]LogD3D11RHI:      Driver Date: 11-22-2020
[2020.12.06-18.50.55:843][  0]LogRHI: Texture pool is 4193 MB (70% of 5991 MB)
[2020.12.06-18.50.55:899][  0]LogD3D11RHI: RHI has support for 64 bit atomics
[2020.12.06-18.50.55:899][  0]LogD3D11RHI: Async texture creation enabled
[2020.12.06-18.50.55:899][  0]LogD3D11RHI: Array index from any shader is supported
[2020.12.06-18.50.55:912][  0]LogD3D11RHI: GPU Timing Frequency: 1000.000000 (Debug: 2 1)
[2020.12.06-18.50.56:281][  0]LogTargetPlatformManager: Display: Loaded TargetPlatform 'AllDesktop'
[2020.12.06-18.50.56:297][  0]LogTargetPlatformManager: Display: Loaded TargetPlatform 'Android'
[2020.12.06-18.50.56:297][  0]LogTargetPlatformManager: Display: Loaded TargetPlatform 'Android_ASTC'
[2020.12.06-18.50.56:297][  0]LogTargetPlatformManager: Display: Loaded TargetPlatform 'Android_DXT'
[2020.12.06-18.50.56:297][  0]LogTargetPlatformManager: Display: Loaded TargetPlatform 'Android_ETC2'
[2020.12.06-18.50.56:297][  0]LogTargetPlatformManager: Display: Loaded TargetPlatform 'AndroidClient'
[2020.12.06-18.50.56:297][  0]LogTargetPlatformManager: Display: Loaded TargetPlatform 'Android_ASTCClient'
[2020.12.06-18.50.56:297][  0]LogTargetPlatformManager: Display: Loaded TargetPlatform 'Android_DXTClient'
[2020.12.06-18.50.56:297][  0]LogTargetPlatformManager: Display: Loaded TargetPlatform 'Android_ETC2Client'
[2020.12.06-18.50.56:297][  0]LogTargetPlatformManager: Display: Loaded TargetPlatform 'Android_Multi'
[2020.12.06-18.50.56:297][  0]LogTargetPlatformManager: Display: Loaded TargetPlatform 'Android_MultiClient'
[2020.12.06-18.50.56:315][  0]LogTargetPlatformManager: Display: Loaded TargetPlatform 'IOSClient'
[2020.12.06-18.50.56:315][  0]LogTargetPlatformManager: Display: Loaded TargetPlatform 'IOS'
[2020.12.06-18.50.56:322][  0]LogTargetPlatformManager: Display: Loaded TargetPlatform 'Linux'
[2020.12.06-18.50.56:329][  0]LogTargetPlatformManager: Display: Loaded TargetPlatform 'LinuxNoEditor'
[2020.12.06-18.50.56:336][  0]LogTargetPlatformManager: Display: Loaded TargetPlatform 'LinuxClient'
[2020.12.06-18.50.56:342][  0]LogTargetPlatformManager: Display: Loaded TargetPlatform 'LinuxServer'
[2020.12.06-18.50.56:349][  0]LogTargetPlatformManager: Display: Loaded TargetPlatform 'LinuxAArch64NoEditor'
[2020.12.06-18.50.56:356][  0]LogTargetPlatformManager: Display: Loaded TargetPlatform 'LinuxAArch64Client'
[2020.12.06-18.50.56:363][  0]LogTargetPlatformManager: Display: Loaded TargetPlatform 'LinuxAArch64Server'
[2020.12.06-18.50.56:381][  0]LogTargetPlatformManager: Display: Loaded TargetPlatform 'Lumin'
[2020.12.06-18.50.56:382][  0]LogTargetPlatformManager: Display: Loaded TargetPlatform 'LuminClient'
[2020.12.06-18.50.56:393][  0]LogTargetPlatformManager: Display: Loaded TargetPlatform 'TVOSClient'
[2020.12.06-18.50.56:393][  0]LogTargetPlatformManager: Display: Loaded TargetPlatform 'TVOS'
[2020.12.06-18.50.56:400][  0]LogTargetPlatformManager: Display: Loaded TargetPlatform 'WindowsNoEditor'
[2020.12.06-18.50.56:407][  0]LogTargetPlatformManager: Display: Loaded TargetPlatform 'Windows'
[2020.12.06-18.50.56:413][  0]LogTargetPlatformManager: Display: Loaded TargetPlatform 'WindowsClient'
[2020.12.06-18.50.56:420][  0]LogTargetPlatformManager: Display: Loaded TargetPlatform 'WindowsServer'
[2020.12.06-18.50.56:420][  0]LogTargetPlatformManager: Display: Building Assets For Windows
[2020.12.06-18.50.56:425][  0]LogAudioDebug: Display: Lib vorbis DLL was dynamically loaded.
[2020.12.06-18.50.56:466][  0]LogShaderCompilers: Guid format shader working directory is 18 characters bigger than the processId version (F:/Unreal/Projects/EscapeRoom/Intermediate/Shaders/WorkingDirectory/22864/).
[2020.12.06-18.50.56:466][  0]LogShaderCompilers: Cleaned the shader compiler working directory 'C:/Users/Augusto/AppData/Local/Temp/UnrealShaderWorkingDir/4D7D74D546390458E191059A22664698/'.
[2020.12.06-18.50.56:467][  0]LogXGEController: Cleaning working directory: C:/Users/Augusto/AppData/Local/Temp/UnrealXGEWorkingDir/
[2020.12.06-18.50.56:467][  0]LogXGEController: Cannot use XGE Controller as Incredibuild is not installed on this machine.
[2020.12.06-18.50.56:467][  0]LogShaderCompilers: Cannot use XGE Shader Compiler as Incredibuild is not installed on this machine.
[2020.12.06-18.50.56:467][  0]LogShaderCompilers: Display: Using Local Shader Compiler.
[2020.12.06-18.50.57:068][  0]LogDerivedDataCache: Display: Max Cache Size: 512 MB
[2020.12.06-18.50.57:108][  0]LogDerivedDataCache: Loaded boot cache 0.04s 76MB C:/Users/Augusto/AppData/Local/UnrealEngine/4.25/DerivedDataCache/Boot.ddc.
[2020.12.06-18.50.57:108][  0]LogDerivedDataCache: Display: Loaded Boot cache: C:/Users/Augusto/AppData/Local/UnrealEngine/4.25/DerivedDataCache/Boot.ddc
[2020.12.06-18.50.57:108][  0]LogDerivedDataCache: FDerivedDataBackendGraph:  Pak pak cache file F:/Unreal/Projects/EscapeRoom/DerivedDataCache/DDC.ddp not found, will not use a pak cache.
[2020.12.06-18.50.57:108][  0]LogDerivedDataCache: Unable to find inner node Pak for hierarchical cache Hierarchy.
[2020.12.06-18.50.57:108][  0]LogDerivedDataCache: FDerivedDataBackendGraph:  CompressedPak pak cache file F:/Unreal/Projects/EscapeRoom/DerivedDataCache/Compressed.ddp not found, will not use a pak cache.
[2020.12.06-18.50.57:108][  0]LogDerivedDataCache: Unable to find inner node CompressedPak for hierarchical cache Hierarchy.
[2020.12.06-18.50.57:117][  0]LogDerivedDataCache: Display: Pak cache opened for reading ../../../Engine/DerivedDataCache/Compressed.ddp.
[2020.12.06-18.50.57:117][  0]LogDerivedDataCache: FDerivedDataBackendGraph:  EnterprisePak pak cache file ../../../Enterprise/DerivedDataCache/Compressed.ddp not found, will not use a pak cache.
[2020.12.06-18.50.57:117][  0]LogDerivedDataCache: Unable to find inner node EnterprisePak for hierarchical cache Hierarchy.
[2020.12.06-18.50.57:118][  0]LogDerivedDataCache: Using Local data cache path C:/Users/Augusto/AppData/Local/UnrealEngine/Common/DerivedDataCache: Writable
[2020.12.06-18.50.57:118][  0]LogDerivedDataCache: Shared data cache path not found in *engine.ini, will not use an Shared cache.
[2020.12.06-18.50.57:118][  0]LogDerivedDataCache: Unable to find inner node Shared for hierarchical cache Hierarchy.
[2020.12.06-18.50.57:159][  0]LogSlate: Using FreeType 2.10.0
[2020.12.06-18.50.57:159][  0]LogSlate: SlateFontServices - WITH_FREETYPE: 1, WITH_HARFBUZZ: 1
[2020.12.06-18.50.57:180][  0]LogAssetRegistry: FAssetRegistry took 0.0020 seconds to start up
[2020.12.06-18.50.57:355][  0]LogInit: Selected Device Profile: [Windows]
[2020.12.06-18.50.57:443][  0]LogMeshReduction: Using QuadricMeshReduction for automatic static mesh reduction
[2020.12.06-18.50.57:443][  0]LogMeshReduction: Using SimplygonMeshReduction for automatic skeletal mesh reduction
[2020.12.06-18.50.57:443][  0]LogMeshReduction: Using ProxyLODMeshReduction for automatic mesh merging
[2020.12.06-18.50.57:443][  0]LogMeshReduction: No distributed automatic mesh merging module available
[2020.12.06-18.50.57:443][  0]LogMeshMerging: No distributed automatic mesh merging module available
[2020.12.06-18.50.57:456][  0]LogNetVersion: EscapeRoom 1.0.0, NetCL: 13144385, EngineNetVer: 14, GameNetVer: 0 (Checksum: 2058882427)
[2020.12.06-18.50.57:785][  0]LogAISub: UAISubsystem::UAISubsystem AISubsystem (000001F1705E5BC0), frame # 0
[2020.12.06-18.50.57:785][  0]LogAISub: UAISubsystem::UAISubsystem AIPerceptionSystem (000001F170542AC0), frame # 0
[2020.12.06-18.50.57:786][  0]LogAISub: UAISubsystem::UAISubsystem EnvQueryManager (000001F1705A4800), frame # 0
[2020.12.06-18.50.57:811][  0]LogPackageLocalizationCache: Processed 19 localized package path(s) for 1 prioritized culture(s) in 0.020795 seconds
[2020.12.06-18.50.57:814][  0]LogUObjectArray: 15917 objects as part of root set at end of initial load.
[2020.12.06-18.50.57:814][  0]LogUObjectAllocator: 3965568 out of 0 bytes used by permanent object pool.
[2020.12.06-18.50.57:814][  0]LogUObjectArray: CloseDisregardForGC: 0/0 objects in disregard for GC pool
[2020.12.06-18.50.58:069][  0]LogTcpMessaging: Initializing TcpMessaging bridge
[2020.12.06-18.50.58:073][  0]LogUdpMessaging: Initializing bridge on interface 0.0.0.0:0 to multicast group 230.0.0.1:6666.
[2020.12.06-18.50.58:137][  0]SourceControl: Source control is disabled
[2020.12.06-18.50.58:137][  0]SourceControl: Source control is disabled
[2020.12.06-18.50.58:139][  0]SourceControl: Source control is disabled
[2020.12.06-18.50.58:142][  0]SourceControl: Source control is disabled
[2020.12.06-18.50.58:150][  0]SourceControl: Source control is disabled
[2020.12.06-18.50.58:328][  0]LogAndroidPermission: UAndroidPermissionCallbackProxy::GetInstance
[2020.12.06-18.50.58:344][  0]LogAudioCaptureCore: Display: No Audio Capture implementations found. Audio input will be silent.
[2020.12.06-18.50.58:344][  0]LogAudioCaptureCore: Display: No Audio Capture implementations found. Audio input will be silent.
[2020.12.06-18.50.58:383][  0]LogOcInput: OculusInput pre-init called
[2020.12.06-18.50.58:392][  0]LogWindows: Failed to load 'OVRPlugin.dll' (GetLastError=126)
[2020.12.06-18.50.58:392][  0]LogWindows: File 'OVRPlugin.dll' does not exist
[2020.12.06-18.50.58:439][  0]LogEngine: Initializing Engine...
[2020.12.06-18.50.58:441][  0]LogHMD: Failed to initialize OpenVR with code 110
[2020.12.06-18.50.58:441][  0]LogMagicLeap: Warning: VR disabled because ZI is not enabled.  To enable, in the editor, Edit -> Project Settings -> Plugins -> Magic Leap Plugin -> Enable Zero Iteration
[2020.12.06-18.50.58:442][  0]LogStats: UGameplayTagsManager::InitializeManager -  0.000 s
[2020.12.06-18.50.58:536][  0]LogInit: Initializing FReadOnlyCVARCache
[2020.12.06-18.50.58:541][  0]LogAIModule: Creating AISystem for world Untitled
[2020.12.06-18.50.58:541][  0]LogAISub: UAISubsystem::UAISubsystem EnvQueryManager (000001F175271C00), frame # 0
[2020.12.06-18.50.58:541][  0]LogAISub: UAISubsystem::UAISubsystem AIPerceptionSystem (000001F17524B880), frame # 0
[2020.12.06-18.50.58:554][  0]LogAudioMixer: Display: Audio Mixer Platform Settings:
[2020.12.06-18.50.58:554][  0]LogAudioMixer: Display: 	Sample Rate:						  48000
[2020.12.06-18.50.58:554][  0]LogAudioMixer: Display: 	Callback Buffer Frame Size Requested: 1024
[2020.12.06-18.50.58:554][  0]LogAudioMixer: Display: 	Callback Buffer Frame Size To Use:	  1024
[2020.12.06-18.50.58:554][  0]LogAudioMixer: Display: 	Number of buffers to queue:			  2
[2020.12.06-18.50.58:554][  0]LogAudioMixer: Display: 	Max Channels (voices):				  32
[2020.12.06-18.50.58:554][  0]LogAudioMixer: Display: 	Number of Async Source Workers:		  0
[2020.12.06-18.50.58:554][  0]LogAudio: Display: AudioDevice MaxSources: 32
[2020.12.06-18.50.58:554][  0]LogAudio: Display: Using built-in audio occlusion.
[2020.12.06-18.50.58:554][  0]LogAudioMixer: Display: Initializing audio mixer.
[2020.12.06-18.50.58:562][  0]LogAudioMixer: Display: 0: FrontLeft
[2020.12.06-18.50.58:562][  0]LogAudioMixer: Display: 1: FrontRight
[2020.12.06-18.50.58:562][  0]LogAudioMixer: Display: 2: FrontCenter
[2020.12.06-18.50.58:562][  0]LogAudioMixer: Display: 3: LowFrequency
[2020.12.06-18.50.58:562][  0]LogAudioMixer: Display: 4: BackLeft
[2020.12.06-18.50.58:562][  0]LogAudioMixer: Display: 5: BackRight
[2020.12.06-18.50.58:591][  0]LogAudioMixer: Display: Using Audio Device Alto-falantes (Realtek(R) Audio)
[2020.12.06-18.50.58:594][  0]LogAudioMixer: Display: Initializing Sound Submixes...
[2020.12.06-18.50.58:595][  0]LogAudioMixer: Display: Creating Master Submix 'MasterSubmixDefault'
[2020.12.06-18.50.58:595][  0]LogAudioMixer: Display: Creating Master Submix 'MasterReverbSubmixDefault'
[2020.12.06-18.50.58:596][  0]LogAudioMixer: Display: Creating Master Submix 'MasterEQSubmixDefault'
[2020.12.06-18.50.58:596][  0]LogInit: FAudioDevice initialized.
[2020.12.06-18.50.58:597][  0]LogNetVersion: Set ProjectVersion to 1.0.0.0. Version Checksum will be recalculated on next use.
[2020.12.06-18.50.59:066][  0]LogDerivedDataCache: Saved boot cache 0.47s 76MB C:/Users/Augusto/AppData/Local/UnrealEngine/4.25/DerivedDataCache/Boot.ddc.
[2020.12.06-18.50.59:066][  0]LogInit: Texture streaming: Enabled
[2020.12.06-18.50.59:078][  0]LogEngineSessionManager: EngineSessionManager initialized
[2020.12.06-18.50.59:078][  0]LogEngineSessionManager: EngineSessionManager sent abnormal shutdown report. Type=Crashed, SessionId={3ECBC83B-4788-B039-403F-7DA315B0AB8B}
[2020.12.06-18.50.59:078][  0]LogEditorSessionSummary: Verbose: Initializing EditorSessionSummaryWriter for editor session tracking
[2020.12.06-18.50.59:079][  0]LogEditorSessionSummary: EditorSessionSummaryWriter initialized
[2020.12.06-18.50.59:107][  0]LogInit: Transaction tracking system initialized
[2020.12.06-18.50.59:122][  0]BlueprintLog: New page: Editor Load
[2020.12.06-18.50.59:175][  0]LocalizationService: Localization service is disabled
[2020.12.06-18.50.59:287][  0]LogCook: Display: Max memory allowance for cook 16384mb min free memory 0mb
[2020.12.06-18.50.59:287][  0]LogCook: Display: Mobile HDR setting 1
[2020.12.06-18.50.59:380][  0]LogFileCache: Scanning file cache for directory 'F:/Unreal/Projects/EscapeRoom/Content/' took 0.00s
[2020.12.06-18.50.59:546][  0]SourceControl: Source control is disabled
[2020.12.06-18.50.59:546][  0]LogUnrealEdMisc: Loading editor; pre map load, took 5.119
[2020.12.06-18.50.59:546][  0]Cmd: MAP LOAD FILE="F:/Unreal/Projects/EscapeRoom/Content/Levels/InitialMap.umap" TEMPLATE=0 SHOWPROGRESS=1 FEATURELEVEL=3
[2020.12.06-18.50.59:546][  0]LightingResults: New page: Lighting Build
[2020.12.06-18.50.59:547][  0]LogWorld: UWorld::CleanupWorld for Untitled, bSessionEnded=true, bCleanupResources=true
[2020.12.06-18.50.59:547][  0]LogSlate: InvalidateAllWidgets triggered.  All widgets were invalidated
[2020.12.06-18.50.59:547][  0]MapCheck: New page: Map Check
[2020.12.06-18.50.59:547][  0]LightingResults: New page: Lighting Build
[2020.12.06-18.50.59:554][  0]LogAISub: UAISubsystem::~UAISubsystem EnvQueryManager (000001F175271C00), frame # 0
[2020.12.06-18.50.59:554][  0]LogAISub: UAISubsystem::~UAISubsystem AIPerceptionSystem (000001F17524B880), frame # 0
[2020.12.06-18.50.59:555][  0]LogUObjectHash: Compacting FUObjectHashTables data took   0.53ms
[2020.12.06-18.50.59:634][  0]LogAIModule: Creating AISystem for world InitialMap
[2020.12.06-18.50.59:634][  0]LogAISub: UAISubsystem::UAISubsystem EnvQueryManager (000001F1070BFE00), frame # 0
[2020.12.06-18.50.59:634][  0]LogAISub: UAISubsystem::UAISubsystem AIPerceptionSystem (000001F108E8CCC0), frame # 0
[2020.12.06-18.50.59:641][  0]LogEditorServer: Finished looking for orphan Actors (0.000 secs)
[2020.12.06-18.50.59:651][  0]LogUObjectHash: Compacting FUObjectHashTables data took   0.56ms
[2020.12.06-18.50.59:652][  0]Cmd: MAP CHECKDEP NOCLEARLOG
[2020.12.06-18.50.59:652][  0]MapCheck: Map check complete: 0 Error(s), 0 Warning(s), took 0.126ms to complete.
[2020.12.06-18.50.59:652][  0]LogFileHelpers: Loading map 'InitialMap' took 0.106
[2020.12.06-18.50.59:654][  0]LogUnrealEdMisc: Total Editor Startup Time, took 5.227
[2020.12.06-18.50.59:769][  0]LogSlate: Updating window title bar state: overlay mode, drag disabled, window buttons hidden, title bar hidden
[2020.12.06-18.50.59:776][  0]LogSlate: Updating window title bar state: overlay mode, drag disabled, window buttons hidden, title bar hidden
[2020.12.06-18.50.59:782][  0]LogSlate: Updating window title bar state: overlay mode, drag disabled, window buttons hidden, title bar hidden
[2020.12.06-18.50.59:788][  0]LogSlate: Updating window title bar state: overlay mode, drag disabled, window buttons hidden, title bar hidden
[2020.12.06-18.50.59:793][  0]LogCollectionManager: Loaded 0 collections in 0.001236 seconds
[2020.12.06-18.50.59:805][  0]LogFileCache: Scanning file cache for directory 'F:/Unreal/Projects/EscapeRoom/Saved/Collections/' took 0.00s
[2020.12.06-18.50.59:805][  0]LogFileCache: Scanning file cache for directory 'F:/Unreal/Projects/EscapeRoom/Content/Developers/Augusto/Collections/' took 0.00s
[2020.12.06-18.50.59:805][  0]LogFileCache: Scanning file cache for directory 'F:/Unreal/Projects/EscapeRoom/Content/Collections/' took 0.00s
[2020.12.06-18.50.59:805][  0]LogContentBrowser: Native class hierarchy populated in 0.0073 seconds. Added 3431 classes and 823 folders.
[2020.12.06-18.50.59:807][  0]LogContentBrowser: Native class hierarchy updated for 'WidgetCarousel' in 0.0003 seconds. Added 0 classes and 0 folders.
[2020.12.06-18.50.59:839][  0]LogContentBrowser: Native class hierarchy updated for 'AddContentDialog' in 0.0003 seconds. Added 0 classes and 0 folders.
[2020.12.06-18.50.59:842][  0]LogContentBrowser: Native class hierarchy updated for 'SceneOutliner' in 0.0003 seconds. Added 2 classes and 0 folders.
[2020.12.06-18.50.59:908][  0]LogSlate: Took 0.000139 seconds to synchronously load lazily loaded font '../../../Engine/Content/Slate/Fonts/Roboto-Regular.ttf' (155K)
[2020.12.06-18.50.59:909][  0]LogSlate: Took 0.000102 seconds to synchronously load lazily loaded font '../../../Engine/Content/Slate/Fonts/Roboto-Bold.ttf' (160K)
[2020.12.06-18.50.59:913][  0]LogSlate: Took 0.000110 seconds to synchronously load lazily loaded font '../../../Engine/Content/Editor/Slate/Fonts/FontAwesome.ttf' (139K)
[2020.12.06-18.50.59:913][  0]LogSlate: Took 0.000064 seconds to synchronously load lazily loaded font '../../../Engine/Content/Slate/Fonts/DroidSansMono.ttf' (77K)
[2020.12.06-18.50.59:999][  0]LogRenderer: Reallocating scene render targets to support 980x504 Format 10 NumSamples 1 (Frame:1).
[2020.12.06-18.51.00:127][  0]LogContentBrowser: Native class hierarchy updated for 'HierarchicalLODOutliner' in 0.0003 seconds. Added 0 classes and 0 folders.
[2020.12.06-18.51.00:127][  0]LogLoad: (Engine Initialization) Total time: 5.70 seconds
[2020.12.06-18.51.00:127][  0]LogLoad: (Engine Initialization) Total Blueprint compile time: 0.00 seconds
[2020.12.06-18.51.00:161][  0]LogAssetRegistry: Asset discovery search completed in 2.9817 seconds
[2020.12.06-18.51.00:164][  0]LogCollectionManager: Fixed up redirectors for 0 collections in 0.000002 seconds (updated 0 objects)
[2020.12.06-18.51.00:165][  0]LogContentStreaming: Texture pool size now 1000 MB
[2020.12.06-18.52.52:804][420]Candidate modules for hot reload:
[2020.12.06-18.52.52:804][420]  EscapeRoom
[2020.12.06-18.52.52:804][420]Launching UnrealBuildTool... [D:/64x/Epic Games/UE_4.25/Engine/Binaries/DotNET/UnrealBuildTool.exe  -ModuleWithSuffix=EscapeRoom,1558 EscapeRoomEditor Win64 Development -Project="F:/Unreal/Projects/EscapeRoom/EscapeRoom.uproject" "F:/Unreal/Projects/EscapeRoom/EscapeRoom.uproject"  -IgnoreJunk]
[2020.12.06-18.52.52:806][420]Warning: Starting HotReload took  0.0s.
[2020.12.06-18.52.53:419][446]LogEditorViewport: Clicking on Actor (context menu): PlayerStart (Player Start)
[2020.12.06-18.52.55:421][658]CompilerResultsLog: New page: Compilation - Dec 6, 2020, 1:52:55 PM
[2020.12.06-18.52.55:421][658]CompilerResultsLog: Using 'git status' to determine working set for adaptive non-unity build (F:\Unreal\Projects).
[2020.12.06-18.52.55:421][658]CompilerResultsLog: Building EscapeRoomEditor...
[2020.12.06-18.52.55:421][658]CompilerResultsLog: Using Visual Studio 2019 14.28.29333 toolchain (C:\Program Files (x86)\Microsoft Visual Studio\2019\Community\VC\Tools\MSVC\14.28.29333) and Windows 10.0.18362.0 SDK (C:\Program Files (x86)\Windows Kits\10).
[2020.12.06-18.52.55:421][658]CompilerResultsLog: Building 4 actions with 6 processes...
[2020.12.06-18.52.55:421][658]CompilerResultsLog:   [1/4] OpenDoor.cpp
[2020.12.06-18.52.55:421][658]CompilerResultsLog:   [2/4] UE4Editor-EscapeRoom-1558.lib
[2020.12.06-18.52.55:421][658]CompilerResultsLog:      Criando biblioteca F:\Unreal\Projects\EscapeRoom\Intermediate\Build\Win64\UE4Editor\Development\EscapeRoom\UE4Editor-EscapeRoom-1558.lib e objeto F:\Unreal\Projects\EscapeRoom\Intermediate\Build\Win64\UE4Editor\Development\EscapeRoom\UE4Editor-EscapeRoom-1558.exp
[2020.12.06-18.52.55:421][658]CompilerResultsLog:   [3/4] UE4Editor-EscapeRoom-1558.dll
[2020.12.06-18.52.55:421][658]CompilerResultsLog:      Criando biblioteca F:\Unreal\Projects\EscapeRoom\Intermediate\Build\Win64\UE4Editor\Development\EscapeRoom\UE4Editor-EscapeRoom-1558.suppressed.lib e objeto F:\Unreal\Projects\EscapeRoom\Intermediate\Build\Win64\UE4Editor\Development\EscapeRoom\UE4Editor-EscapeRoom-1558.suppressed.exp
[2020.12.06-18.52.55:421][658]CompilerResultsLog:   [4/4] EscapeRoomEditor.target
[2020.12.06-18.52.55:421][658]CompilerResultsLog: Total time in Parallel executor: 1,95 seconds
[2020.12.06-18.52.55:421][658]CompilerResultsLog: Total execution time: 2,41 seconds
[2020.12.06-18.52.55:421][658]LogMainFrame: MainFrame: Module compiling took 2.621 seconds
[2020.12.06-18.52.55:427][658]LogContentBrowser: Native class hierarchy updated for 'EscapeRoom' in 0.0003 seconds. Added 4 classes and 2 folders.
[2020.12.06-18.52.55:428][658]Display: HotReload successful (0 functions remapped  0 scriptstructs remapped)
[2020.12.06-18.52.55:461][658]LogContentBrowser: Native class hierarchy populated in 0.0070 seconds. Added 3431 classes and 823 folders.
[2020.12.06-18.52.55:461][658]Display: HotReload took  2.7s.
[2020.12.06-18.52.56:066][730]LogEditorViewport: Clicking on Actor (LMB): BP_Sky_Sphere_C (Sky Sphere)
[2020.12.06-18.52.56:960][829]LogTemp: Repeating last play command: Selected Viewport
[2020.12.06-18.52.56:971][829]LogPlayLevel: PlayLevel: No blueprints needed recompiling
[2020.12.06-18.52.56:971][829]PIE: New page: PIE session: InitialMap (Dec 6, 2020, 1:52:56 PM)
[2020.12.06-18.52.56:972][829]LogOnline: OSS: Creating online subsystem instance for: NULL
[2020.12.06-18.52.56:973][829]LogOnline: OSS: TryLoadSubsystemAndSetDefault: Loaded subsystem for module [NULL]
[2020.12.06-18.52.56:973][829]LogPlayLevel: Creating play world package: /Game/Levels/UEDPIE_0_InitialMap
[2020.12.06-18.52.56:993][829]LogPlayLevel: PIE: StaticDuplicateObject took: (0.020295s)
[2020.12.06-18.52.56:994][829]LogAIModule: Creating AISystem for world InitialMap
[2020.12.06-18.52.56:994][829]LogAISub: UAISubsystem::UAISubsystem EnvQueryManager (000001F101B19400), frame # 829
[2020.12.06-18.52.56:994][829]LogAISub: UAISubsystem::UAISubsystem AIPerceptionSystem (000001F108DFCE00), frame # 829
[2020.12.06-18.52.56:994][829]LogPlayLevel: PIE: World Init took: (0.000935s)
[2020.12.06-18.52.56:994][829]LogPlayLevel: PIE: Created PIE world by copying editor world from /Game/Levels/InitialMap.InitialMap to /Game/Levels/UEDPIE_0_InitialMap.InitialMap (0.021387s)
[2020.12.06-18.52.57:002][829]LogUObjectHash: Compacting FUObjectHashTables data took   0.47ms
[2020.12.06-18.52.57:004][829]LogAudioMixer: Display: Audio Mixer Platform Settings:
[2020.12.06-18.52.57:004][829]LogAudioMixer: Display: 	Sample Rate:						  48000
[2020.12.06-18.52.57:004][829]LogAudioMixer: Display: 	Callback Buffer Frame Size Requested: 1024
[2020.12.06-18.52.57:004][829]LogAudioMixer: Display: 	Callback Buffer Frame Size To Use:	  1024
[2020.12.06-18.52.57:004][829]LogAudioMixer: Display: 	Number of buffers to queue:			  2
[2020.12.06-18.52.57:004][829]LogAudioMixer: Display: 	Max Channels (voices):				  32
[2020.12.06-18.52.57:004][829]LogAudioMixer: Display: 	Number of Async Source Workers:		  0
[2020.12.06-18.52.57:004][829]LogAudio: Display: AudioDevice MaxSources: 32
[2020.12.06-18.52.57:004][829]LogAudio: Display: Using built-in audio occlusion.
[2020.12.06-18.52.57:004][829]LogAudioMixer: Display: Initializing audio mixer.
[2020.12.06-18.52.57:006][829]LogAudioMixer: Display: 0: FrontLeft
[2020.12.06-18.52.57:006][829]LogAudioMixer: Display: 1: FrontRight
[2020.12.06-18.52.57:006][829]LogAudioMixer: Display: 2: FrontCenter
[2020.12.06-18.52.57:006][829]LogAudioMixer: Display: 3: LowFrequency
[2020.12.06-18.52.57:006][829]LogAudioMixer: Display: 4: BackLeft
[2020.12.06-18.52.57:006][829]LogAudioMixer: Display: 5: BackRight
[2020.12.06-18.52.57:020][829]LogAudioMixer: Display: Using Audio Device Alto-falantes (Realtek(R) Audio)
[2020.12.06-18.52.57:020][829]LogAudioMixer: Display: Initializing Sound Submixes...
[2020.12.06-18.52.57:020][829]LogAudioMixer: Display: Creating Master Submix 'MasterSubmixDefault'
[2020.12.06-18.52.57:020][829]LogAudioMixer: Display: Creating Master Submix 'MasterReverbSubmixDefault'
[2020.12.06-18.52.57:021][829]LogAudioMixer: Display: Creating Master Submix 'MasterEQSubmixDefault'
[2020.12.06-18.52.57:032][829]LogInit: FAudioDevice initialized.
[2020.12.06-18.52.57:041][829]LogLoad: Game class is 'BP_EscapeRoomGame_C'
[2020.12.06-18.52.57:044][829]LogWorld: Bringing World /Game/Levels/UEDPIE_0_InitialMap.InitialMap up for play (max tick rate 0) at 2020.12.06-15.52.57
[2020.12.06-18.52.57:044][829]LogWorld: Bringing up level for play took: 0.001594
[2020.12.06-18.52.57:044][829]LogOnline: OSS: Creating online subsystem instance for: :Context_2
[2020.12.06-18.52.57:062][829]LogContentBrowser: Native class hierarchy updated for 'MovieSceneCapture' in 0.0003 seconds. Added 20 classes and 0 folders.
[2020.12.06-18.52.57:063][829]LogTemp: Error: Não foi possível encontrar AudioComponent no componente 2x1_Door_and_Frame_Door_5
[2020.12.06-18.52.57:064][829]PIE: Server logged in
[2020.12.06-18.52.57:065][829]PIE: Play in editor total start time 0.097 seconds.
[2020.12.06-18.53.03:684][615]LogSlate: Updating window title bar state: overlay mode, drag disabled, window buttons hidden, title bar hidden
[2020.12.06-18.53.03:684][615]LogWorld: BeginTearingDown for /Game/Levels/UEDPIE_0_InitialMap
[2020.12.06-18.53.03:684][615]LogWorld: UWorld::CleanupWorld for InitialMap, bSessionEnded=true, bCleanupResources=true
[2020.12.06-18.53.03:684][615]LogSlate: InvalidateAllWidgets triggered.  All widgets were invalidated
[2020.12.06-18.53.03:693][615]LogPlayLevel: Display: Shutting down PIE online subsystems
[2020.12.06-18.53.03:694][615]LogSlate: InvalidateAllWidgets triggered.  All widgets were invalidated
[2020.12.06-18.53.03:715][615]LogSlate: Updating window title bar state: overlay mode, drag disabled, window buttons hidden, title bar hidden
[2020.12.06-18.53.03:717][615]LogAISub: UAISubsystem::~UAISubsystem EnvQueryManager (000001F101B19400), frame # 1615
[2020.12.06-18.53.03:717][615]LogAISub: UAISubsystem::~UAISubsystem AIPerceptionSystem (000001F108DFCE00), frame # 1615
[2020.12.06-18.53.03:717][615]LogUObjectHash: Compacting FUObjectHashTables data took   0.56ms
[2020.12.06-18.53.03:756][617]LogPlayLevel: Display: Destroying online subsystem :Context_2
[2020.12.06-18.53.04:832][746]LogEditorViewport: Clicking on Actor (LMB): StaticMeshActor (2x1_Door_and_Frame_Door2)
[2020.12.06-18.53.10:076][362]LogSlate: Took 0.000117 seconds to synchronously load lazily loaded font '../../../Engine/Content/Slate/Fonts/Roboto-Italic.ttf' (157K)
[2020.12.06-18.53.24:653][926]LogTemp: Repeating last play command: Selected Viewport
[2020.12.06-18.53.24:661][926]LogPlayLevel: PlayLevel: No blueprints needed recompiling
[2020.12.06-18.53.24:661][926]PIE: New page: PIE session: InitialMap (Dec 6, 2020, 1:53:24 PM)
[2020.12.06-18.53.24:693][926]LogPlayLevel: Creating play world package: /Game/Levels/UEDPIE_0_InitialMap
[2020.12.06-18.53.24:715][926]LogPlayLevel: PIE: StaticDuplicateObject took: (0.022386s)
[2020.12.06-18.53.24:717][926]LogAIModule: Creating AISystem for world InitialMap
[2020.12.06-18.53.24:717][926]LogAISub: UAISubsystem::UAISubsystem EnvQueryManager (000001F10FAE5200), frame # 3926
[2020.12.06-18.53.24:717][926]LogAISub: UAISubsystem::UAISubsystem AIPerceptionSystem (000001F108F0CF40), frame # 3926
[2020.12.06-18.53.24:717][926]LogPlayLevel: PIE: World Init took: (0.001554s)
[2020.12.06-18.53.24:717][926]LogPlayLevel: PIE: Created PIE world by copying editor world from /Game/Levels/InitialMap.InitialMap to /Game/Levels/UEDPIE_0_InitialMap.InitialMap (0.024130s)
[2020.12.06-18.53.24:725][926]LogUObjectHash: Compacting FUObjectHashTables data took   0.46ms
[2020.12.06-18.53.24:727][926]LogAudioMixer: Display: Audio Mixer Platform Settings:
[2020.12.06-18.53.24:727][926]LogAudioMixer: Display: 	Sample Rate:						  48000
[2020.12.06-18.53.24:727][926]LogAudioMixer: Display: 	Callback Buffer Frame Size Requested: 1024
[2020.12.06-18.53.24:727][926]LogAudioMixer: Display: 	Callback Buffer Frame Size To Use:	  1024
[2020.12.06-18.53.24:727][926]LogAudioMixer: Display: 	Number of buffers to queue:			  2
[2020.12.06-18.53.24:727][926]LogAudioMixer: Display: 	Max Channels (voices):				  32
[2020.12.06-18.53.24:727][926]LogAudioMixer: Display: 	Number of Async Source Workers:		  0
[2020.12.06-18.53.24:727][926]LogAudio: Display: AudioDevice MaxSources: 32
[2020.12.06-18.53.24:727][926]LogAudio: Display: Using built-in audio occlusion.
[2020.12.06-18.53.24:727][926]LogAudioMixer: Display: Initializing audio mixer.
[2020.12.06-18.53.24:729][926]LogAudioMixer: Display: 0: FrontLeft
[2020.12.06-18.53.24:729][926]LogAudioMixer: Display: 1: FrontRight
[2020.12.06-18.53.24:729][926]LogAudioMixer: Display: 2: FrontCenter
[2020.12.06-18.53.24:729][926]LogAudioMixer: Display: 3: LowFrequency
[2020.12.06-18.53.24:729][926]LogAudioMixer: Display: 4: BackLeft
[2020.12.06-18.53.24:729][926]LogAudioMixer: Display: 5: BackRight
[2020.12.06-18.53.24:743][926]LogAudioMixer: Display: Using Audio Device Alto-falantes (Realtek(R) Audio)
[2020.12.06-18.53.24:743][926]LogAudioMixer: Display: Initializing Sound Submixes...
[2020.12.06-18.53.24:743][926]LogAudioMixer: Display: Creating Master Submix 'MasterSubmixDefault'
[2020.12.06-18.53.24:743][926]LogAudioMixer: Display: Creating Master Submix 'MasterReverbSubmixDefault'
[2020.12.06-18.53.24:743][926]LogAudioMixer: Display: Creating Master Submix 'MasterEQSubmixDefault'
[2020.12.06-18.53.24:744][926]LogInit: FAudioDevice initialized.
[2020.12.06-18.53.24:761][926]LogLoad: Game class is 'BP_EscapeRoomGame_C'
[2020.12.06-18.53.24:763][926]LogWorld: Bringing World /Game/Levels/UEDPIE_0_InitialMap.InitialMap up for play (max tick rate 0) at 2020.12.06-15.53.24
[2020.12.06-18.53.24:763][926]LogWorld: Bringing up level for play took: 0.001713
[2020.12.06-18.53.24:764][926]LogOnline: OSS: Creating online subsystem instance for: :Context_4
[2020.12.06-18.53.24:765][926]LogTemp: Error: Não foi possível encontrar AudioComponent no componente 2x1_Door_and_Frame_Door_5
[2020.12.06-18.53.24:766][926]PIE: Server logged in
[2020.12.06-18.53.24:766][926]PIE: Play in editor total start time 0.105 seconds.
[2020.12.06-18.53.44:430][185]Cmd: SELECT NONE
[2020.12.06-18.53.47:624][561]Cmd: SELECT NONE
[2020.12.06-18.53.47:858][589]Cmd: SELECT NONE
[2020.12.06-18.53.49:453][777]LogSlate: Updating window title bar state: overlay mode, drag disabled, window buttons hidden, title bar hidden
[2020.12.06-18.53.49:453][777]LogWorld: BeginTearingDown for /Game/Levels/UEDPIE_0_InitialMap
[2020.12.06-18.53.49:454][777]LogWorld: UWorld::CleanupWorld for InitialMap, bSessionEnded=true, bCleanupResources=true
[2020.12.06-18.53.49:454][777]LogSlate: InvalidateAllWidgets triggered.  All widgets were invalidated
[2020.12.06-18.53.49:464][777]LogPlayLevel: Display: Shutting down PIE online subsystems
[2020.12.06-18.53.49:465][777]LogSlate: InvalidateAllWidgets triggered.  All widgets were invalidated
[2020.12.06-18.53.49:473][777]LogSlate: Updating window title bar state: overlay mode, drag disabled, window buttons hidden, title bar hidden
[2020.12.06-18.53.49:487][777]LogAISub: UAISubsystem::~UAISubsystem AIPerceptionSystem (000001F108F0CF40), frame # 6777
[2020.12.06-18.53.49:488][777]LogAISub: UAISubsystem::~UAISubsystem EnvQueryManager (000001F10FAE5200), frame # 6777
[2020.12.06-18.53.49:488][777]LogUObjectHash: Compacting FUObjectHashTables data took   0.51ms
[2020.12.06-18.53.49:527][779]LogPlayLevel: Display: Destroying online subsystem :Context_4
[2020.12.06-18.54.48:034][938]Cmd: DELETE
[2020.12.06-18.54.48:034][938]Cmd: ACTOR DELETE
[2020.12.06-18.54.48:040][938]LogEditorActor: Deleted Actor: StaticMeshActor
[2020.12.06-18.54.48:048][938]LogUObjectHash: Compacting FUObjectHashTables data took   0.45ms
[2020.12.06-18.54.48:050][938]LogEditorActor: Deleted 1 Actors (0.016 secs)
[2020.12.06-18.54.52:973][470]LogSlate: Took 0.000155 seconds to synchronously load lazily loaded font '../../../Engine/Content/Slate/Fonts/Roboto-Light.ttf' (167K)
[2020.12.06-18.55.00:388][312]LogSlate: Took 0.000101 seconds to synchronously load lazily loaded font '../../../Engine/Content/Slate/Fonts/Roboto-Light.ttf' (167K)
[2020.12.06-18.55.00:417][312]Cmd: OBJ SAVEPACKAGE PACKAGE="/Game/Sounds/door-lock" FILE="F:/Unreal/Projects/EscapeRoom/Content/Sounds/door-lock.uasset" SILENT=true
[2020.12.06-18.55.00:421][312]LogSavePackage: Moving 'F:/Unreal/Projects/EscapeRoom/Saved/door-lockCBF5D4024A4E332F8B7F88AAD214E28F.tmp' to 'F:/Unreal/Projects/EscapeRoom/Content/Sounds/door-lock.uasset'
[2020.12.06-18.55.00:430][312]AssetCheck: New page: Asset Save: door-lock
[2020.12.06-18.55.00:430][312]LogContentValidation: Display: Validating SoundWave /Game/Sounds/door-lock.door-lock
[2020.12.06-18.55.01:340][417]Candidate modules for hot reload:
[2020.12.06-18.55.01:340][417]  EscapeRoom
[2020.12.06-18.55.01:340][417]Launching UnrealBuildTool... [D:/64x/Epic Games/UE_4.25/Engine/Binaries/DotNET/UnrealBuildTool.exe  -ModuleWithSuffix=EscapeRoom,6150 EscapeRoomEditor Win64 Development -Project="F:/Unreal/Projects/EscapeRoom/EscapeRoom.uproject" "F:/Unreal/Projects/EscapeRoom/EscapeRoom.uproject"  -IgnoreJunk]
[2020.12.06-18.55.01:341][417]Warning: Starting HotReload took  0.0s.
[2020.12.06-18.55.03:227][438]CompilerResultsLog: New page: Compilation - Dec 6, 2020, 1:55:03 PM
[2020.12.06-18.55.03:227][438]CompilerResultsLog: Using 'git status' to determine working set for adaptive non-unity build (F:\Unreal\Projects).
[2020.12.06-18.55.03:228][438]CompilerResultsLog: Building EscapeRoomEditor...
[2020.12.06-18.55.03:228][438]CompilerResultsLog: Using Visual Studio 2019 14.28.29333 toolchain (C:\Program Files (x86)\Microsoft Visual Studio\2019\Community\VC\Tools\MSVC\14.28.29333) and Windows 10.0.18362.0 SDK (C:\Program Files (x86)\Windows Kits\10).
[2020.12.06-18.55.03:228][438]CompilerResultsLog: Building 3 actions with 6 processes...
[2020.12.06-18.55.03:228][438]CompilerResultsLog:   [1/3] UE4Editor-EscapeRoom-6150.lib
[2020.12.06-18.55.03:228][438]CompilerResultsLog:      Criando biblioteca F:\Unreal\Projects\EscapeRoom\Intermediate\Build\Win64\UE4Editor\Development\EscapeRoom\UE4Editor-EscapeRoom-6150.lib e objeto F:\Unreal\Projects\EscapeRoom\Intermediate\Build\Win64\UE4Editor\Development\EscapeRoom\UE4Editor-EscapeRoom-6150.exp
[2020.12.06-18.55.03:228][438]CompilerResultsLog:   [2/3] UE4Editor-EscapeRoom-6150.dll
[2020.12.06-18.55.03:228][438]CompilerResultsLog:      Criando biblioteca F:\Unreal\Projects\EscapeRoom\Intermediate\Build\Win64\UE4Editor\Development\EscapeRoom\UE4Editor-EscapeRoom-6150.suppressed.lib e objeto F:\Unreal\Projects\EscapeRoom\Intermediate\Build\Win64\UE4Editor\Development\EscapeRoom\UE4Editor-EscapeRoom-6150.suppressed.exp
[2020.12.06-18.55.03:228][438]CompilerResultsLog:   [3/3] EscapeRoomEditor.target
[2020.12.06-18.55.03:228][438]CompilerResultsLog: Total time in Parallel executor: 1,16 seconds
[2020.12.06-18.55.03:228][438]CompilerResultsLog: Total execution time: 1,62 seconds
[2020.12.06-18.55.03:228][438]LogMainFrame: MainFrame: Module compiling took 1.892 seconds
[2020.12.06-18.55.03:236][438]LogContentBrowser: Native class hierarchy updated for 'EscapeRoom' in 0.0003 seconds. Added 4 classes and 2 folders.
[2020.12.06-18.55.03:237][438]Display: HotReload successful (0 functions remapped  0 scriptstructs remapped)
[2020.12.06-18.55.03:268][438]LogContentBrowser: Native class hierarchy populated in 0.0077 seconds. Added 3431 classes and 823 folders.
[2020.12.06-18.55.03:268][438]Display: HotReload took  1.9s.
[2020.12.06-18.55.16:475][694]LogRenderer: Reallocating scene render targets to support 992x504 Format 10 NumSamples 1 (Frame:9656).
[2020.12.06-18.55.16:504][695]LogRenderer: Reallocating scene render targets to support 1004x504 Format 10 NumSamples 1 (Frame:9658).
[2020.12.06-18.55.16:537][696]LogRenderer: Reallocating scene render targets to support 1016x504 Format 10 NumSamples 1 (Frame:9660).
[2020.12.06-18.55.16:562][697]LogRenderer: Reallocating scene render targets to support 1020x504 Format 10 NumSamples 1 (Frame:9662).
[2020.12.06-18.55.17:135][763]LogTemp: Repeating last play command: Selected Viewport
[2020.12.06-18.55.17:146][763]LogPlayLevel: PlayLevel: No blueprints needed recompiling
[2020.12.06-18.55.17:146][763]PIE: New page: PIE session: InitialMap (Dec 6, 2020, 1:55:17 PM)
[2020.12.06-18.55.17:183][763]LogPlayLevel: Creating play world package: /Game/Levels/UEDPIE_0_InitialMap
[2020.12.06-18.55.17:202][763]LogPlayLevel: PIE: StaticDuplicateObject took: (0.019301s)
[2020.12.06-18.55.17:203][763]LogAIModule: Creating AISystem for world InitialMap
[2020.12.06-18.55.17:203][763]LogAISub: UAISubsystem::UAISubsystem EnvQueryManager (000001F113279400), frame # 13763
[2020.12.06-18.55.17:203][763]LogAISub: UAISubsystem::UAISubsystem AIPerceptionSystem (000001F163193B00), frame # 13763
[2020.12.06-18.55.17:203][763]LogPlayLevel: PIE: World Init took: (0.001276s)
[2020.12.06-18.55.17:204][763]LogPlayLevel: PIE: Created PIE world by copying editor world from /Game/Levels/InitialMap.InitialMap to /Game/Levels/UEDPIE_0_InitialMap.InitialMap (0.020851s)
[2020.12.06-18.55.17:211][763]LogUObjectHash: Compacting FUObjectHashTables data took   0.44ms
[2020.12.06-18.55.17:213][763]LogAudioMixer: Display: Audio Mixer Platform Settings:
[2020.12.06-18.55.17:213][763]LogAudioMixer: Display: 	Sample Rate:						  48000
[2020.12.06-18.55.17:213][763]LogAudioMixer: Display: 	Callback Buffer Frame Size Requested: 1024
[2020.12.06-18.55.17:213][763]LogAudioMixer: Display: 	Callback Buffer Frame Size To Use:	  1024
[2020.12.06-18.55.17:213][763]LogAudioMixer: Display: 	Number of buffers to queue:			  2
[2020.12.06-18.55.17:213][763]LogAudioMixer: Display: 	Max Channels (voices):				  32
[2020.12.06-18.55.17:213][763]LogAudioMixer: Display: 	Number of Async Source Workers:		  0
[2020.12.06-18.55.17:213][763]LogAudio: Display: AudioDevice MaxSources: 32
[2020.12.06-18.55.17:214][763]LogAudio: Display: Using built-in audio occlusion.
[2020.12.06-18.55.17:214][763]LogAudioMixer: Display: Initializing audio mixer.
[2020.12.06-18.55.17:216][763]LogAudioMixer: Display: 0: FrontLeft
[2020.12.06-18.55.17:216][763]LogAudioMixer: Display: 1: FrontRight
[2020.12.06-18.55.17:216][763]LogAudioMixer: Display: 2: FrontCenter
[2020.12.06-18.55.17:216][763]LogAudioMixer: Display: 3: LowFrequency
[2020.12.06-18.55.17:216][763]LogAudioMixer: Display: 4: BackLeft
[2020.12.06-18.55.17:216][763]LogAudioMixer: Display: 5: BackRight
[2020.12.06-18.55.17:230][763]LogAudioMixer: Display: Using Audio Device Alto-falantes (Realtek(R) Audio)
[2020.12.06-18.55.17:230][763]LogAudioMixer: Display: Initializing Sound Submixes...
[2020.12.06-18.55.17:230][763]LogAudioMixer: Display: Creating Master Submix 'MasterSubmixDefault'
[2020.12.06-18.55.17:230][763]LogAudioMixer: Display: Creating Master Submix 'MasterReverbSubmixDefault'
[2020.12.06-18.55.17:231][763]LogAudioMixer: Display: Creating Master Submix 'MasterEQSubmixDefault'
[2020.12.06-18.55.17:242][763]LogInit: FAudioDevice initialized.
[2020.12.06-18.55.17:246][763]LogLoad: Game class is 'BP_EscapeRoomGame_C'
[2020.12.06-18.55.17:248][763]LogWorld: Bringing World /Game/Levels/UEDPIE_0_InitialMap.InitialMap up for play (max tick rate 0) at 2020.12.06-15.55.17
[2020.12.06-18.55.17:248][763]LogWorld: Bringing up level for play took: 0.001092
[2020.12.06-18.55.17:248][763]LogOnline: OSS: Creating online subsystem instance for: :Context_6
[2020.12.06-18.55.17:250][763]PIE: Server logged in
[2020.12.06-18.55.17:251][763]PIE: Play in editor total start time 0.108 seconds.
[2020.12.06-18.55.26:943][920]LogSlate: Updating window title bar state: overlay mode, drag disabled, window buttons hidden, title bar hidden
[2020.12.06-18.55.26:943][920]LogWorld: BeginTearingDown for /Game/Levels/UEDPIE_0_InitialMap
[2020.12.06-18.55.26:943][920]LogWorld: UWorld::CleanupWorld for InitialMap, bSessionEnded=true, bCleanupResources=true
[2020.12.06-18.55.26:944][920]LogSlate: InvalidateAllWidgets triggered.  All widgets were invalidated
[2020.12.06-18.55.26:951][920]LogPlayLevel: Display: Shutting down PIE online subsystems
[2020.12.06-18.55.26:953][920]LogSlate: InvalidateAllWidgets triggered.  All widgets were invalidated
[2020.12.06-18.55.26:974][920]LogSlate: Updating window title bar state: overlay mode, drag disabled, window buttons hidden, title bar hidden
[2020.12.06-18.55.26:975][920]LogAISub: UAISubsystem::~UAISubsystem EnvQueryManager (000001F113279400), frame # 14920
[2020.12.06-18.55.26:975][920]LogAISub: UAISubsystem::~UAISubsystem AIPerceptionSystem (000001F163193B00), frame # 14920
[2020.12.06-18.55.26:976][920]LogUObjectHash: Compacting FUObjectHashTables data took   0.50ms
[2020.12.06-18.55.26:978][920]LogActorComponent: ReregisterComponent: (/Game/Levels/InitialMap.InitialMap:PersistentLevel.2x1_Door_and_Frame_Door2.DoorSound) Not currently registered. Aborting.
[2020.12.06-18.55.27:023][923]LogPlayLevel: Display: Destroying online subsystem :Context_6
[2020.12.06-18.57.04:628][437]Candidate modules for hot reload:
[2020.12.06-18.57.04:628][437]  EscapeRoom
[2020.12.06-18.57.04:628][437]Launching UnrealBuildTool... [D:/64x/Epic Games/UE_4.25/Engine/Binaries/DotNET/UnrealBuildTool.exe  -ModuleWithSuffix=EscapeRoom,8755 EscapeRoomEditor Win64 Development -Project="F:/Unreal/Projects/EscapeRoom/EscapeRoom.uproject" "F:/Unreal/Projects/EscapeRoom/EscapeRoom.uproject"  -IgnoreJunk]
[2020.12.06-18.57.04:630][437]Warning: Starting HotReload took  0.0s.
[2020.12.06-18.57.07:539][500]CompilerResultsLog: New page: Compilation - Dec 6, 2020, 1:57:07 PM
[2020.12.06-18.57.07:539][500]CompilerResultsLog: Using 'git status' to determine working set for adaptive non-unity build (F:\Unreal\Projects).
[2020.12.06-18.57.07:539][500]CompilerResultsLog: Building EscapeRoomEditor...
[2020.12.06-18.57.07:539][500]CompilerResultsLog: Using Visual Studio 2019 14.28.29333 toolchain (C:\Program Files (x86)\Microsoft Visual Studio\2019\Community\VC\Tools\MSVC\14.28.29333) and Windows 10.0.18362.0 SDK (C:\Program Files (x86)\Windows Kits\10).
[2020.12.06-18.57.07:539][500]CompilerResultsLog: Building 4 actions with 6 processes...
[2020.12.06-18.57.07:539][500]CompilerResultsLog:   [1/4] OpenDoor.cpp
[2020.12.06-18.57.07:539][500]CompilerResultsLog:   [2/4] UE4Editor-EscapeRoom-8755.lib
[2020.12.06-18.57.07:539][500]CompilerResultsLog:      Criando biblioteca F:\Unreal\Projects\EscapeRoom\Intermediate\Build\Win64\UE4Editor\Development\EscapeRoom\UE4Editor-EscapeRoom-8755.lib e objeto F:\Unreal\Projects\EscapeRoom\Intermediate\Build\Win64\UE4Editor\Development\EscapeRoom\UE4Editor-EscapeRoom-8755.exp
[2020.12.06-18.57.07:539][500]CompilerResultsLog:   [3/4] UE4Editor-EscapeRoom-8755.dll
[2020.12.06-18.57.07:539][500]CompilerResultsLog:      Criando biblioteca F:\Unreal\Projects\EscapeRoom\Intermediate\Build\Win64\UE4Editor\Development\EscapeRoom\UE4Editor-EscapeRoom-8755.suppressed.lib e objeto F:\Unreal\Projects\EscapeRoom\Intermediate\Build\Win64\UE4Editor\Development\EscapeRoom\UE4Editor-EscapeRoom-8755.suppressed.exp
[2020.12.06-18.57.07:539][500]CompilerResultsLog:   [4/4] EscapeRoomEditor.target
[2020.12.06-18.57.07:539][500]CompilerResultsLog: Total time in Parallel executor: 2,01 seconds
[2020.12.06-18.57.07:539][500]CompilerResultsLog: Total execution time: 2,52 seconds
[2020.12.06-18.57.07:539][500]LogMainFrame: MainFrame: Module compiling took 2.913 seconds
[2020.12.06-18.57.07:548][500]LogContentBrowser: Native class hierarchy updated for 'EscapeRoom' in 0.0003 seconds. Added 4 classes and 2 folders.
[2020.12.06-18.57.07:549][500]Display: HotReload successful (0 functions remapped  0 scriptstructs remapped)
[2020.12.06-18.57.07:578][500]LogContentBrowser: Native class hierarchy populated in 0.0073 seconds. Added 3431 classes and 823 folders.
[2020.12.06-18.57.07:578][500]Display: HotReload took  3.0s.
[2020.12.06-18.57.44:579][650]LogTemp: Repeating last play command: Selected Viewport
[2020.12.06-18.57.44:590][650]LogPlayLevel: PlayLevel: No blueprints needed recompiling
[2020.12.06-18.57.44:591][650]PIE: New page: PIE session: InitialMap (Dec 6, 2020, 1:57:44 PM)
[2020.12.06-18.57.44:613][650]LogPlayLevel: Creating play world package: /Game/Levels/UEDPIE_0_InitialMap
[2020.12.06-18.57.44:634][650]LogPlayLevel: PIE: StaticDuplicateObject took: (0.021321s)
[2020.12.06-18.57.44:635][650]LogAIModule: Creating AISystem for world InitialMap
[2020.12.06-18.57.44:635][650]LogAISub: UAISubsystem::UAISubsystem EnvQueryManager (000001F101B1A400), frame # 15650
[2020.12.06-18.57.44:635][650]LogAISub: UAISubsystem::UAISubsystem AIPerceptionSystem (000001F163191300), frame # 15650
[2020.12.06-18.57.44:635][650]LogPlayLevel: PIE: World Init took: (0.001041s)
[2020.12.06-18.57.44:635][650]LogPlayLevel: PIE: Created PIE world by copying editor world from /Game/Levels/InitialMap.InitialMap to /Game/Levels/UEDPIE_0_InitialMap.InitialMap (0.022546s)
[2020.12.06-18.57.44:643][650]LogUObjectHash: Compacting FUObjectHashTables data took   0.50ms
[2020.12.06-18.57.44:645][650]LogAudioMixer: Display: Audio Mixer Platform Settings:
[2020.12.06-18.57.44:645][650]LogAudioMixer: Display: 	Sample Rate:						  48000
[2020.12.06-18.57.44:645][650]LogAudioMixer: Display: 	Callback Buffer Frame Size Requested: 1024
[2020.12.06-18.57.44:645][650]LogAudioMixer: Display: 	Callback Buffer Frame Size To Use:	  1024
[2020.12.06-18.57.44:645][650]LogAudioMixer: Display: 	Number of buffers to queue:			  2
[2020.12.06-18.57.44:645][650]LogAudioMixer: Display: 	Max Channels (voices):				  32
[2020.12.06-18.57.44:645][650]LogAudioMixer: Display: 	Number of Async Source Workers:		  0
[2020.12.06-18.57.44:645][650]LogAudio: Display: AudioDevice MaxSources: 32
[2020.12.06-18.57.44:645][650]LogAudio: Display: Using built-in audio occlusion.
[2020.12.06-18.57.44:645][650]LogAudioMixer: Display: Initializing audio mixer.
[2020.12.06-18.57.44:647][650]LogAudioMixer: Display: 0: FrontLeft
[2020.12.06-18.57.44:647][650]LogAudioMixer: Display: 1: FrontRight
[2020.12.06-18.57.44:647][650]LogAudioMixer: Display: 2: FrontCenter
[2020.12.06-18.57.44:647][650]LogAudioMixer: Display: 3: LowFrequency
[2020.12.06-18.57.44:647][650]LogAudioMixer: Display: 4: BackLeft
[2020.12.06-18.57.44:647][650]LogAudioMixer: Display: 5: BackRight
[2020.12.06-18.57.44:663][650]LogAudioMixer: Display: Using Audio Device Alto-falantes (Realtek(R) Audio)
[2020.12.06-18.57.44:663][650]LogAudioMixer: Display: Initializing Sound Submixes...
[2020.12.06-18.57.44:663][650]LogAudioMixer: Display: Creating Master Submix 'MasterSubmixDefault'
[2020.12.06-18.57.44:663][650]LogAudioMixer: Display: Creating Master Submix 'MasterReverbSubmixDefault'
[2020.12.06-18.57.44:664][650]LogAudioMixer: Display: Creating Master Submix 'MasterEQSubmixDefault'
[2020.12.06-18.57.44:675][650]LogInit: FAudioDevice initialized.
[2020.12.06-18.57.44:687][650]LogLoad: Game class is 'BP_EscapeRoomGame_C'
[2020.12.06-18.57.44:689][650]LogWorld: Bringing World /Game/Levels/UEDPIE_0_InitialMap.InitialMap up for play (max tick rate 0) at 2020.12.06-15.57.44
[2020.12.06-18.57.44:689][650]LogWorld: Bringing up level for play took: 0.001191
[2020.12.06-18.57.44:689][650]LogOnline: OSS: Creating online subsystem instance for: :Context_7
[2020.12.06-18.57.44:691][650]PIE: Server logged in
[2020.12.06-18.57.44:692][650]PIE: Play in editor total start time 0.104 seconds.
[2020.12.06-18.57.47:289][957]LogOutputDevice: Warning: 

Script Stack (0 frames):

[2020.12.06-18.57.47:289][957]LogWindows: Windows GetLastError: A operação foi concluída com êxito. (0)
[2020.12.06-18.57.48:292][957]LogWindows: Error: === Critical error: ===
[2020.12.06-18.57.48:292][957]LogWindows: Error: 
[2020.12.06-18.57.48:292][957]LogWindows: Error: Assertion failed: !bHasBegunPlay [File:D:/Build/++UE4/Sync/Engine/Source/Runtime/Engine/Private/Components/ActorComponent.cpp] [Line: 939] 
[2020.12.06-18.57.48:292][957]LogWindows: Error: 
[2020.12.06-18.57.48:292][957]LogWindows: Error: 
[2020.12.06-18.57.48:292][957]LogWindows: Error: 
[2020.12.06-18.57.48:292][957]LogWindows: Error: [Callstack] 0x00007ff948913e49 KERNELBASE.dll!UnknownFunction []
[2020.12.06-18.57.48:292][957]LogWindows: Error: [Callstack] 0x00007ff8b926ec66 UE4Editor-Core.dll!UnknownFunction []
[2020.12.06-18.57.48:292][957]LogWindows: Error: [Callstack] 0x00007ff8b9272048 UE4Editor-Core.dll!UnknownFunction []
[2020.12.06-18.57.48:292][957]LogWindows: Error: [Callstack] 0x00007ff8b8ffe52d UE4Editor-Core.dll!UnknownFunction []
[2020.12.06-18.57.48:292][957]LogWindows: Error: [Callstack] 0x00007ff8b8f897c5 UE4Editor-Core.dll!UnknownFunction []
[2020.12.06-18.57.48:292][957]LogWindows: Error: [Callstack] 0x00007ff8b8f8bb00 UE4Editor-Core.dll!UnknownFunction []
[2020.12.06-18.57.48:292][957]LogWindows: Error: [Callstack] 0x00007ff8ba26cf43 UE4Editor-Engine.dll!UnknownFunction []
[2020.12.06-18.57.48:292][957]LogWindows: Error: [Callstack] 0x00007ff899024109 UE4Editor-EscapeRoom-8755.dll!UnknownFunction [F:\Unreal\Projects\EscapeRoom\Source\EscapeRoom\OpenDoor.cpp:57]
[2020.12.06-18.57.48:292][957]LogWindows: Error: [Callstack] 0x00007ff899024172 UE4Editor-EscapeRoom-8755.dll!UnknownFunction [F:\Unreal\Projects\EscapeRoom\Source\EscapeRoom\OpenDoor.cpp:42]
[2020.12.06-18.57.48:292][957]LogWindows: Error: [Callstack] 0x00007ff8ba259346 UE4Editor-Engine.dll!UnknownFunction []
[2020.12.06-18.57.48:292][957]LogWindows: Error: [Callstack] 0x00007ff8ba2801c4 UE4Editor-Engine.dll!UnknownFunction []
[2020.12.06-18.57.48:292][957]LogWindows: Error: [Callstack] 0x00007ff8baf9936f UE4Editor-Engine.dll!UnknownFunction []
[2020.12.06-18.57.48:292][957]LogWindows: Error: [Callstack] 0x00007ff8baf9e3c7 UE4Editor-Engine.dll!UnknownFunction []
[2020.12.06-18.57.48:292][957]LogWindows: Error: [Callstack] 0x00007ff8b8da87d8 UE4Editor-Core.dll!UnknownFunction []
[2020.12.06-18.57.48:293][957]LogWindows: Error: [Callstack] 0x00007ff8b8da89aa UE4Editor-Core.dll!UnknownFunction []
[2020.12.06-18.57.48:293][957]LogWindows: Error: [Callstack] 0x00007ff8b8da8bb0 UE4Editor-Core.dll!UnknownFunction []
[2020.12.06-18.57.48:293][957]LogWindows: Error: [Callstack] 0x00007ff8bafba217 UE4Editor-Engine.dll!UnknownFunction []
[2020.12.06-18.57.48:293][957]LogWindows: Error: [Callstack] 0x00007ff8bafbf6ca UE4Editor-Engine.dll!UnknownFunction []
[2020.12.06-18.57.48:293][957]LogWindows: Error: [Callstack] 0x00007ff8ba77d0bf UE4Editor-Engine.dll!UnknownFunction []
[2020.12.06-18.57.48:293][957]LogWindows: Error: [Callstack] 0x00007ff8ba78809a UE4Editor-Engine.dll!UnknownFunction []
[2020.12.06-18.57.48:293][957]LogWindows: Error: [Callstack] 0x00007ff8b70aaf57 UE4Editor-UnrealEd.dll!UnknownFunction []
[2020.12.06-18.57.48:293][957]LogWindows: Error: [Callstack] 0x00007ff8b79837e6 UE4Editor-UnrealEd.dll!UnknownFunction []
[2020.12.06-18.57.48:293][957]LogWindows: Error: [Callstack] 0x00007ff6a7b67800 UE4Editor.exe!UnknownFunction []
[2020.12.06-18.57.48:293][957]LogWindows: Error: [Callstack] 0x00007ff6a7b7ba7c UE4Editor.exe!UnknownFunction []
[2020.12.06-18.57.48:293][957]LogWindows: Error: [Callstack] 0x00007ff6a7b7bb5a UE4Editor.exe!UnknownFunction []
[2020.12.06-18.57.48:293][957]LogWindows: Error: [Callstack] 0x00007ff6a7b8e31d UE4Editor.exe!UnknownFunction []
[2020.12.06-18.57.48:293][957]LogWindows: Error: [Callstack] 0x00007ff6a7b9145a UE4Editor.exe!UnknownFunction []
[2020.12.06-18.57.48:293][957]LogWindows: Error: [Callstack] 0x00007ff948f96fd4 KERNEL32.DLL!UnknownFunction []
[2020.12.06-18.57.48:293][957]LogWindows: Error: [Callstack] 0x00007ff94adbcec1 ntdll.dll!UnknownFunction []
[2020.12.06-18.57.48:293][957]LogWindows: Error: 
[2020.12.06-18.57.48:301][957]LogExit: Executing StaticShutdownAfterError
[2020.12.06-18.57.48:302][957]LogWindows: FPlatformMisc::RequestExit(1)
[2020.12.06-18.57.48:302][957]LogCore: Engine exit requested (reason: Win RequestExit)
[2020.12.06-18.57.48:308][957]Log file closed, 12/06/20 15:57:48
