Log file open, 12/06/20 15:48:00
LogInit: Display: Running engine for game: EscapeRoom
LogPlatformFile: Not using cached read wrapper
LogTaskGraph: Started task graph with 5 named threads and 20 total threads with 3 sets of task threads.
LogStats: Stats thread started at 0.250406
LogD3D11RHI: Loaded GFSDK_Aftermath_Lib.x64.dll
LogICUInternationalization: ICU TimeZone Detection - Raw Offset: -3:00, Platform Override: ''
LogPluginManager: Mounting plugin Paper2D
LogPluginManager: Mounting plugin AISupport
LogPluginManager: Mounting plugin LightPropagationVolume
LogPluginManager: Mounting plugin CameraShakePreviewer
LogPluginManager: Mounting plugin ActorLayerUtilities
LogPluginManager: Mounting plugin AnimationSharing
LogPluginManager: Mounting plugin CLionSourceCodeAccess
LogPluginManager: Mounting plugin CodeLiteSourceCodeAccess
LogPluginManager: Mounting plugin GitSourceControl
LogPluginManager: Mounting plugin KDevelopSourceCodeAccess
LogPluginManager: Mounting plugin NullSourceCodeAccess
LogPluginManager: Mounting plugin PerforceSourceControl
LogPluginManager: Mounting plugin PlasticSourceControl
LogPluginManager: Mounting plugin RiderLink
LogPluginManager: Mounting plugin RiderSourceCodeAccess
LogPluginManager: Mounting plugin SubversionSourceControl
LogPluginManager: Mounting plugin UObjectPlugin
LogPluginManager: Mounting plugin VisualStudioCodeSourceCodeAccess
LogPluginManager: Mounting plugin VisualStudioSourceCodeAccess
LogPluginManager: Mounting plugin XCodeSourceCodeAccess
LogPluginManager: Mounting plugin AssetManagerEditor
LogPluginManager: Mounting plugin CryptoKeys
LogPluginManager: Mounting plugin CurveEditorTools
LogPluginManager: Mounting plugin DataValidation
LogPluginManager: Mounting plugin EditorScriptingUtilities
LogPluginManager: Mounting plugin FacialAnimation
LogPluginManager: Mounting plugin GameplayTagsEditor
LogPluginManager: Mounting plugin GeometryMode
LogPluginManager: Mounting plugin MacGraphicsSwitching
LogPluginManager: Mounting plugin MaterialAnalyzer
LogPluginManager: Mounting plugin MobileLauncherProfileWizard
LogPluginManager: Mounting plugin PluginBrowser
LogPluginManager: Mounting plugin SpeedTreeImporter
LogPluginManager: Mounting plugin DatasmithContent
LogPluginManager: Mounting plugin VariantManagerContent
LogPluginManager: Mounting plugin AlembicImporter
LogPluginManager: Mounting plugin AutomationUtils
LogPluginManager: Mounting plugin BackChannel
LogPluginManager: Mounting plugin ChaosCloth
LogPluginManager: Mounting plugin ChaosClothEditor
LogPluginManager: Mounting plugin ChaosEditor
LogPluginManager: Mounting plugin ChaosNiagara
LogPluginManager: Mounting plugin ChaosSolverPlugin
LogPluginManager: Mounting plugin CharacterAI
LogPluginManager: Mounting plugin GeometryCache
LogPluginManager: Mounting plugin GeometryCollectionPlugin
LogPluginManager: Mounting plugin GeometryProcessing
LogPluginManager: Mounting plugin PlanarCut
LogPluginManager: Mounting plugin PlatformCrypto
LogPluginManager: Mounting plugin ProxyLODPlugin
LogPluginManager: Mounting plugin SkeletalReduction
LogPluginManager: Mounting plugin Niagara
LogPluginManager: Mounting plugin MagicLeap
LogPluginManager: Mounting plugin MagicLeapLightEstimation
LogPluginManager: Mounting plugin MagicLeapMedia
LogPluginManager: Mounting plugin MagicLeapPassableWorld
LogPluginManager: Mounting plugin MLSDK
LogPluginManager: Mounting plugin AndroidMedia
LogPluginManager: Mounting plugin AvfMedia
LogPluginManager: Mounting plugin ImgMedia
LogPluginManager: Mounting plugin MediaCompositing
LogPluginManager: Mounting plugin MediaPlayerEditor
LogPluginManager: Mounting plugin WebMMedia
LogPluginManager: Mounting plugin WmfMedia
LogPluginManager: Mounting plugin MeshPainting
LogPluginManager: Mounting plugin TcpMessaging
LogPluginManager: Mounting plugin UdpMessaging
LogPluginManager: Mounting plugin ActorSequence
LogPluginManager: Mounting plugin LevelSequenceEditor
LogPluginManager: Mounting plugin MatineeToLevelSequence
LogPluginManager: Mounting plugin MovieRenderPipeline
LogPluginManager: Mounting plugin TemplateSequence
LogPluginManager: Mounting plugin NetcodeUnitTest
LogPluginManager: Mounting plugin NUTUnrealEngine4
LogPluginManager: Mounting plugin OnlineSubsystemGooglePlay
LogPluginManager: Mounting plugin OnlineSubsystemIOS
LogPluginManager: Mounting plugin OnlineSubsystem
LogPluginManager: Mounting plugin OnlineSubsystemNull
LogPluginManager: Mounting plugin OnlineSubsystemUtils
LogPluginManager: Mounting plugin LauncherChunkInstaller
LogPluginManager: Mounting plugin AndroidDeviceProfileSelector
LogPluginManager: Mounting plugin AndroidMoviePlayer
LogPluginManager: Mounting plugin AndroidPermission
LogPluginManager: Mounting plugin AppleImageUtils
LogPluginManager: Mounting plugin AppleMoviePlayer
LogPluginManager: Mounting plugin ArchVisCharacter
LogPluginManager: Mounting plugin AssetTags
LogPluginManager: Mounting plugin AudioCapture
LogPluginManager: Mounting plugin CableComponent
LogPluginManager: Mounting plugin CustomMeshComponent
LogPluginManager: Mounting plugin EditableMesh
LogPluginManager: Mounting plugin ExampleDeviceProfileSelector
LogPluginManager: Mounting plugin GoogleCloudMessaging
LogPluginManager: Mounting plugin GooglePAD
LogPluginManager: Mounting plugin IOSDeviceProfileSelector
LogPluginManager: Mounting plugin LinuxDeviceProfileSelector
LogPluginManager: Mounting plugin LocationServicesBPLibrary
LogPluginManager: Mounting plugin MobilePatchingUtils
LogPluginManager: Mounting plugin OculusVR
LogPluginManager: Mounting plugin PhysXVehicles
LogPluginManager: Mounting plugin PostSplashScreen
LogPluginManager: Mounting plugin ProceduralMeshComponent
LogPluginManager: Mounting plugin RuntimePhysXCooking
LogPluginManager: Mounting plugin SignificanceManager
LogPluginManager: Mounting plugin SoundFields
LogPluginManager: Mounting plugin SteamVR
LogPluginManager: Mounting plugin Synthesis
LogPluginManager: Mounting plugin WebMMoviePlayer
LogPluginManager: Mounting plugin WindowsMoviePlayer
LogPluginManager: Mounting plugin ScreenshotTools
LogInit: Using libcurl 7.55.1-DEV
LogInit:  - built for x86_64-pc-win32
LogInit:  - supports SSL with OpenSSL/1.1.1
LogInit:  - supports HTTP deflate (compression) using libz 1.2.8
LogInit:  - other features:
LogInit:      CURL_VERSION_SSL
LogInit:      CURL_VERSION_LIBZ
LogInit:      CURL_VERSION_IPV6
LogInit:      CURL_VERSION_ASYNCHDNS
LogInit:      CURL_VERSION_LARGEFILE
LogInit:      CURL_VERSION_IDN
LogInit:  CurlRequestOptions (configurable via config and command line):
LogInit:  - bVerifyPeer = true  - Libcurl will verify peer certificate
LogInit:  - bUseHttpProxy = false  - Libcurl will NOT use HTTP proxy
LogInit:  - bDontReuseConnections = false  - Libcurl will reuse connections
LogInit:  - MaxHostConnections = 16  - Libcurl will limit the number of connections to a host
LogInit:  - LocalHostAddr = Default
LogInit:  - BufferSize = 65536
LogOnline: OSS: Creating online subsystem instance for: NULL
LogInit: WinSock: version 1.1 (2.2), MaxSocks=32767, MaxUdp=65467
LogOnline: OSS: TryLoadSubsystemAndSetDefault: Loaded subsystem for module [NULL]
LogInit: Build: ++UE4+Release-4.25-CL-14469661
LogInit: Engine Version: 4.25.4-14469661+++UE4+Release-4.25
LogInit: Compatible Engine Version: 4.25.0-13144385+++UE4+Release-4.25
LogInit: Net CL: 13144385
LogInit: OS: Windows 10 (Release 2004) (), CPU: Intel(R) Core(TM) i5-9600K CPU @ 3.70GHz, GPU: NVIDIA GeForce GTX 1660 SUPER
LogInit: Compiled (64-bit): Oct 11 2020 08:10:49
LogInit: Compiled with Visual C++: 19.24.28315.00
LogInit: Build Configuration: Development
LogInit: Branch Name: ++UE4+Release-4.25
LogInit: Command Line: 
LogInit: Base Directory: D:/64x/Epic Games/UE_4.25/Engine/Binaries/Win64/
LogInit: Allocator: TBB
LogInit: Installed Engine Build: 1
LogDevObjectVersion: Number of dev versions registered: 26
LogDevObjectVersion:   Dev-Blueprints (B0D832E4-1F89-4F0D-ACCF-7EB736FD4AA2): 10
LogDevObjectVersion:   Dev-Build (E1C64328-A22C-4D53-A36C-8E866417BD8C): 0
LogDevObjectVersion:   Dev-Core (375EC13C-06E4-48FB-B500-84F0262A717E): 4
LogDevObjectVersion:   Dev-Editor (E4B068ED-F494-42E9-A231-DA0B2E46BB41): 38
LogDevObjectVersion:   Dev-Framework (CFFC743F-43B0-4480-9391-14DF171D2073): 37
LogDevObjectVersion:   Dev-Mobile (B02B49B5-BB20-44E9-A304-32B752E40360): 2
LogDevObjectVersion:   Dev-Networking (A4E4105C-59A1-49B5-A7C5-40C4547EDFEE): 0
LogDevObjectVersion:   Dev-Online (39C831C9-5AE6-47DC-9A44-9C173E1C8E7C): 0
LogDevObjectVersion:   Dev-Physics (78F01B33-EBEA-4F98-B9B4-84EACCB95AA2): 4
LogDevObjectVersion:   Dev-Platform (6631380F-2D4D-43E0-8009-CF276956A95A): 0
LogDevObjectVersion:   Dev-Rendering (12F88B9F-8875-4AFC-A67C-D90C383ABD29): 43
LogDevObjectVersion:   Dev-Sequencer (7B5AE74C-D270-4C10-A958-57980B212A5A): 12
LogDevObjectVersion:   Dev-VR (D7296918-1DD6-4BDD-9DE2-64A83CC13884): 3
LogDevObjectVersion:   Dev-LoadTimes (C2A15278-BFE7-4AFE-6C17-90FF531DF755): 1
LogDevObjectVersion:   Private-Geometry (6EACA3D4-40EC-4CC1-B786-8BED09428FC5): 3
LogDevObjectVersion:   Dev-AnimPhys (29E575DD-E0A3-4627-9D10-D276232CDCEA): 17
LogDevObjectVersion:   Dev-Anim (AF43A65D-7FD3-4947-9873-3E8ED9C1BB05): 7
LogDevObjectVersion:   Dev-ReflectionCapture (6B266CEC-1EC7-4B8F-A30B-E4D90942FC07): 1
LogDevObjectVersion:   Dev-Automation (0DF73D61-A23F-47EA-B727-89E90C41499A): 1
LogDevObjectVersion:   FortniteMain (601D1886-AC64-4F84-AA16-D3DE0DEAC7D6): 31
LogDevObjectVersion:   Dev-Enterprise (9DFFBCD6-494F-0158-E221-12823C92A888): 10
LogDevObjectVersion:   Dev-Niagara (F2AED0AC-9AFE-416F-8664-AA7FFA26D6FC): 1
LogDevObjectVersion:   Dev-Destruction (174F1F0B-B4C6-45A5-B13F-2EE8D0FB917D): 10
LogDevObjectVersion:   Dev-Physics-Ext (35F94A83-E258-406C-A318-09F59610247C): 37
LogDevObjectVersion:   Dev-PhysicsMaterial-Chaos (B68FC16E-8B1B-42E2-B453-215C058844FE): 1
LogDevObjectVersion:   Dev-CineCamera (B2E18506-4273-CFC2-A54E-F4BB758BBA07): 1
LogInit: Presizing for max 25165824 objects, including 0 objects not considered by GC, pre-allocating 0 bytes for permanent pool.
LogConfig: Applying CVar settings from Section [/Script/Engine.StreamingSettings] File [F:/Unreal/Projects/EscapeRoom/Saved/Config/Windows/Engine.ini]
LogConfig: Setting CVar [[s.MinBulkDataSizeForAsyncLoading:131072]]
LogConfig: Setting CVar [[s.AsyncLoadingThreadEnabled:0]]
LogConfig: Setting CVar [[s.EventDrivenLoaderEnabled:1]]
LogConfig: Setting CVar [[s.WarnIfTimeLimitExceeded:0]]
LogConfig: Setting CVar [[s.TimeLimitExceededMultiplier:1.5]]
LogConfig: Setting CVar [[s.TimeLimitExceededMinTime:0.005]]
LogConfig: Setting CVar [[s.UseBackgroundLevelStreaming:1]]
LogConfig: Setting CVar [[s.PriorityAsyncLoadingExtraTime:15.0]]
LogConfig: Setting CVar [[s.LevelStreamingActorsUpdateTimeLimit:5.0]]
LogConfig: Setting CVar [[s.PriorityLevelStreamingActorsUpdateExtraTime:5.0]]
LogConfig: Setting CVar [[s.LevelStreamingComponentsRegistrationGranularity:10]]
LogConfig: Setting CVar [[s.UnregisterComponentsTimeLimit:1.0]]
LogConfig: Setting CVar [[s.LevelStreamingComponentsUnregistrationGranularity:5]]
LogConfig: Setting CVar [[s.FlushStreamingOnExit:1]]
LogInit: Object subsystem initialized
LogConfig: Setting CVar [[con.DebugEarlyDefault:1]]
LogConfig: Setting CVar [[r.setres:1280x720]]
[2020.12.06-18.48.00:543][  0]LogConfig: Setting CVar [[r.VSync:0]]
[2020.12.06-18.48.00:543][  0]LogConfig: Setting CVar [[r.RHICmdBypass:0]]
[2020.12.06-18.48.00:543][  0]LogConfig: Applying CVar settings from Section [/Script/Engine.RendererSettings] File [F:/Unreal/Projects/EscapeRoom/Saved/Config/Windows/Engine.ini]
[2020.12.06-18.48.00:543][  0]LogConfig: Setting CVar [[r.GPUCrashDebugging:0]]
[2020.12.06-18.48.00:543][  0]LogConfig: Applying CVar settings from Section [/Script/Engine.RendererOverrideSettings] File [F:/Unreal/Projects/EscapeRoom/Saved/Config/Windows/Engine.ini]
[2020.12.06-18.48.00:543][  0]LogConfig: Applying CVar settings from Section [/Script/Engine.StreamingSettings] File [F:/Unreal/Projects/EscapeRoom/Saved/Config/Windows/Engine.ini]
[2020.12.06-18.48.00:543][  0]LogConfig: Setting CVar [[s.MinBulkDataSizeForAsyncLoading:131072]]
[2020.12.06-18.48.00:543][  0]LogConfig: Setting CVar [[s.AsyncLoadingThreadEnabled:0]]
[2020.12.06-18.48.00:543][  0]LogConfig: Setting CVar [[s.EventDrivenLoaderEnabled:1]]
[2020.12.06-18.48.00:543][  0]LogConfig: Setting CVar [[s.WarnIfTimeLimitExceeded:0]]
[2020.12.06-18.48.00:543][  0]LogConfig: Setting CVar [[s.TimeLimitExceededMultiplier:1.5]]
[2020.12.06-18.48.00:544][  0]LogConfig: Setting CVar [[s.TimeLimitExceededMinTime:0.005]]
[2020.12.06-18.48.00:544][  0]LogConfig: Setting CVar [[s.UseBackgroundLevelStreaming:1]]
[2020.12.06-18.48.00:544][  0]LogConfig: Setting CVar [[s.PriorityAsyncLoadingExtraTime:15.0]]
[2020.12.06-18.48.00:544][  0]LogConfig: Setting CVar [[s.LevelStreamingActorsUpdateTimeLimit:5.0]]
[2020.12.06-18.48.00:544][  0]LogConfig: Setting CVar [[s.PriorityLevelStreamingActorsUpdateExtraTime:5.0]]
[2020.12.06-18.48.00:544][  0]LogConfig: Setting CVar [[s.LevelStreamingComponentsRegistrationGranularity:10]]
[2020.12.06-18.48.00:544][  0]LogConfig: Setting CVar [[s.UnregisterComponentsTimeLimit:1.0]]
[2020.12.06-18.48.00:544][  0]LogConfig: Setting CVar [[s.LevelStreamingComponentsUnregistrationGranularity:5]]
[2020.12.06-18.48.00:544][  0]LogConfig: Setting CVar [[s.FlushStreamingOnExit:1]]
[2020.12.06-18.48.00:544][  0]LogConfig: Applying CVar settings from Section [/Script/Engine.GarbageCollectionSettings] File [F:/Unreal/Projects/EscapeRoom/Saved/Config/Windows/Engine.ini]
[2020.12.06-18.48.00:544][  0]LogConfig: Setting CVar [[gc.MaxObjectsNotConsideredByGC:1]]
[2020.12.06-18.48.00:544][  0]LogConfig: Setting CVar [[gc.SizeOfPermanentObjectPool:0]]
[2020.12.06-18.48.00:544][  0]LogConfig: Setting CVar [[gc.FlushStreamingOnGC:0]]
[2020.12.06-18.48.00:544][  0]LogConfig: Setting CVar [[gc.NumRetriesBeforeForcingGC:10]]
[2020.12.06-18.48.00:544][  0]LogConfig: Setting CVar [[gc.AllowParallelGC:1]]
[2020.12.06-18.48.00:544][  0]LogConfig: Setting CVar [[gc.TimeBetweenPurgingPendingKillObjects:61.1]]
[2020.12.06-18.48.00:544][  0]LogConfig: Setting CVar [[gc.MaxObjectsInEditor:25165824]]
[2020.12.06-18.48.00:544][  0]LogConfig: Setting CVar [[gc.IncrementalBeginDestroyEnabled:1]]
[2020.12.06-18.48.00:544][  0]LogConfig: Setting CVar [[gc.CreateGCClusters:1]]
[2020.12.06-18.48.00:544][  0]LogConfig: Setting CVar [[gc.MinGCClusterSize:5]]
[2020.12.06-18.48.00:544][  0]LogConfig: Setting CVar [[gc.ActorClusteringEnabled:0]]
[2020.12.06-18.48.00:544][  0]LogConfig: Setting CVar [[gc.BlueprintClusteringEnabled:0]]
[2020.12.06-18.48.00:544][  0]LogConfig: Setting CVar [[gc.UseDisregardForGCOnDedicatedServers:0]]
[2020.12.06-18.48.00:544][  0]LogConfig: Applying CVar settings from Section [/Script/Engine.NetworkSettings] File [F:/Unreal/Projects/EscapeRoom/Saved/Config/Windows/Engine.ini]
[2020.12.06-18.48.00:544][  0]LogConfig: Applying CVar settings from Section [/Script/UnrealEd.CookerSettings] File [F:/Unreal/Projects/EscapeRoom/Saved/Config/Windows/Engine.ini]
[2020.12.06-18.48.00:547][  0]LogConfig: Applying CVar settings from Section [ViewDistanceQuality@3] File [F:/Unreal/Projects/EscapeRoom/Saved/Config/Windows/Scalability.ini]
[2020.12.06-18.48.00:547][  0]LogConfig: Setting CVar [[r.SkeletalMeshLODBias:0]]
[2020.12.06-18.48.00:547][  0]LogConfig: Setting CVar [[r.ViewDistanceScale:1.0]]
[2020.12.06-18.48.00:547][  0]LogConfig: Applying CVar settings from Section [AntiAliasingQuality@3] File [F:/Unreal/Projects/EscapeRoom/Saved/Config/Windows/Scalability.ini]
[2020.12.06-18.48.00:547][  0]LogConfig: Setting CVar [[r.PostProcessAAQuality:4]]
[2020.12.06-18.48.00:547][  0]LogConfig: Applying CVar settings from Section [ShadowQuality@3] File [F:/Unreal/Projects/EscapeRoom/Saved/Config/Windows/Scalability.ini]
[2020.12.06-18.48.00:547][  0]LogConfig: Setting CVar [[r.LightFunctionQuality:1]]
[2020.12.06-18.48.00:547][  0]LogConfig: Setting CVar [[r.ShadowQuality:5]]
[2020.12.06-18.48.00:547][  0]LogConfig: Setting CVar [[r.Shadow.CSM.MaxCascades:10]]
[2020.12.06-18.48.00:547][  0]LogConfig: Setting CVar [[r.Shadow.MaxResolution:2048]]
[2020.12.06-18.48.00:547][  0]LogConfig: Setting CVar [[r.Shadow.MaxCSMResolution:2048]]
[2020.12.06-18.48.00:547][  0]LogConfig: Setting CVar [[r.Shadow.RadiusThreshold:0.01]]
[2020.12.06-18.48.00:547][  0]LogConfig: Setting CVar [[r.Shadow.DistanceScale:1.0]]
[2020.12.06-18.48.00:547][  0]LogConfig: Setting CVar [[r.Shadow.CSM.TransitionScale:1.0]]
[2020.12.06-18.48.00:547][  0]LogConfig: Setting CVar [[r.Shadow.PreShadowResolutionFactor:1.0]]
[2020.12.06-18.48.00:547][  0]LogConfig: Setting CVar [[r.DistanceFieldShadowing:1]]
[2020.12.06-18.48.00:547][  0]LogConfig: Setting CVar [[r.DistanceFieldAO:1]]
[2020.12.06-18.48.00:547][  0]LogConfig: Setting CVar [[r.AOQuality:2]]
[2020.12.06-18.48.00:547][  0]LogConfig: Setting CVar [[r.VolumetricFog:1]]
[2020.12.06-18.48.00:547][  0]LogConfig: Setting CVar [[r.VolumetricFog.GridPixelSize:8]]
[2020.12.06-18.48.00:547][  0]LogConfig: Setting CVar [[r.VolumetricFog.GridSizeZ:128]]
[2020.12.06-18.48.00:547][  0]LogConfig: Setting CVar [[r.VolumetricFog.HistoryMissSupersampleCount:4]]
[2020.12.06-18.48.00:547][  0]LogConfig: Setting CVar [[r.LightMaxDrawDistanceScale:1]]
[2020.12.06-18.48.00:547][  0]LogConfig: Setting CVar [[r.CapsuleShadows:1]]
[2020.12.06-18.48.00:547][  0]LogConfig: Applying CVar settings from Section [PostProcessQuality@3] File [F:/Unreal/Projects/EscapeRoom/Saved/Config/Windows/Scalability.ini]
[2020.12.06-18.48.00:547][  0]LogConfig: Setting CVar [[r.MotionBlurQuality:4]]
[2020.12.06-18.48.00:547][  0]LogConfig: Setting CVar [[r.AmbientOcclusionMipLevelFactor:0.4]]
[2020.12.06-18.48.00:547][  0]LogConfig: Setting CVar [[r.AmbientOcclusionMaxQuality:100]]
[2020.12.06-18.48.00:547][  0]LogConfig: Setting CVar [[r.AmbientOcclusionLevels:-1]]
[2020.12.06-18.48.00:547][  0]LogConfig: Setting CVar [[r.AmbientOcclusionRadiusScale:1.0]]
[2020.12.06-18.48.00:547][  0]LogConfig: Setting CVar [[r.DepthOfFieldQuality:2]]
[2020.12.06-18.48.00:547][  0]LogConfig: Setting CVar [[r.RenderTargetPoolMin:400]]
[2020.12.06-18.48.00:547][  0]LogConfig: Setting CVar [[r.LensFlareQuality:2]]
[2020.12.06-18.48.00:547][  0]LogConfig: Setting CVar [[r.SceneColorFringeQuality:1]]
[2020.12.06-18.48.00:547][  0]LogConfig: Setting CVar [[r.EyeAdaptationQuality:2]]
[2020.12.06-18.48.00:547][  0]LogConfig: Setting CVar [[r.BloomQuality:5]]
[2020.12.06-18.48.00:547][  0]LogConfig: Setting CVar [[r.FastBlurThreshold:100]]
[2020.12.06-18.48.00:547][  0]LogConfig: Setting CVar [[r.Upscale.Quality:3]]
[2020.12.06-18.48.00:547][  0]LogConfig: Setting CVar [[r.Tonemapper.GrainQuantization:1]]
[2020.12.06-18.48.00:547][  0]LogConfig: Setting CVar [[r.LightShaftQuality:1]]
[2020.12.06-18.48.00:547][  0]LogConfig: Setting CVar [[r.Filter.SizeScale:1]]
[2020.12.06-18.48.00:547][  0]LogConfig: Setting CVar [[r.Tonemapper.Quality:5]]
[2020.12.06-18.48.00:547][  0]LogConfig: Setting CVar [[r.DOF.Gather.AccumulatorQuality:1        ; higher gathering accumulator quality]]
[2020.12.06-18.48.00:547][  0]LogConfig: Setting CVar [[r.DOF.Gather.PostfilterMethod:1          ; Median3x3 postfilering method]]
[2020.12.06-18.48.00:547][  0]LogConfig: Setting CVar [[r.DOF.Gather.EnableBokehSettings:0       ; no bokeh simulation when gathering]]
[2020.12.06-18.48.00:547][  0]LogConfig: Setting CVar [[r.DOF.Gather.RingCount:4                 ; medium number of samples when gathering]]
[2020.12.06-18.48.00:547][  0]LogConfig: Setting CVar [[r.DOF.Scatter.ForegroundCompositing:1    ; additive foreground scattering]]
[2020.12.06-18.48.00:547][  0]LogConfig: Setting CVar [[r.DOF.Scatter.BackgroundCompositing:2    ; additive background scattering]]
[2020.12.06-18.48.00:547][  0]LogConfig: Setting CVar [[r.DOF.Scatter.EnableBokehSettings:1      ; bokeh simulation when scattering]]
[2020.12.06-18.48.00:547][  0]LogConfig: Setting CVar [[r.DOF.Scatter.MaxSpriteRatio:0.1         ; only a maximum of 10% of scattered bokeh]]
[2020.12.06-18.48.00:547][  0]LogConfig: Setting CVar [[r.DOF.Recombine.Quality:1                ; cheap slight out of focus]]
[2020.12.06-18.48.00:547][  0]LogConfig: Setting CVar [[r.DOF.Recombine.EnableBokehSettings:0    ; no bokeh simulation on slight out of focus]]
[2020.12.06-18.48.00:547][  0]LogConfig: Setting CVar [[r.DOF.TemporalAAQuality:1                ; more stable temporal accumulation]]
[2020.12.06-18.48.00:547][  0]LogConfig: Setting CVar [[r.DOF.Kernel.MaxForegroundRadius:0.025]]
[2020.12.06-18.48.00:547][  0]LogConfig: Setting CVar [[r.DOF.Kernel.MaxBackgroundRadius:0.025]]
[2020.12.06-18.48.00:547][  0]LogConfig: Applying CVar settings from Section [TextureQuality@3] File [F:/Unreal/Projects/EscapeRoom/Saved/Config/Windows/Scalability.ini]
[2020.12.06-18.48.00:547][  0]LogConfig: Setting CVar [[r.Streaming.MipBias:0]]
[2020.12.06-18.48.00:547][  0]LogConfig: Setting CVar [[r.Streaming.AmortizeCPUToGPUCopy:0]]
[2020.12.06-18.48.00:547][  0]LogConfig: Setting CVar [[r.Streaming.MaxNumTexturesToStreamPerFrame:0]]
[2020.12.06-18.48.00:547][  0]LogConfig: Setting CVar [[r.Streaming.Boost:1]]
[2020.12.06-18.48.00:547][  0]LogConfig: Setting CVar [[r.MaxAnisotropy:8]]
[2020.12.06-18.48.00:547][  0]LogConfig: Setting CVar [[r.VT.MaxAnisotropy:8]]
[2020.12.06-18.48.00:547][  0]LogConfig: Setting CVar [[r.Streaming.LimitPoolSizeToVRAM:0]]
[2020.12.06-18.48.00:547][  0]LogConfig: Setting CVar [[r.Streaming.PoolSize:1000]]
[2020.12.06-18.48.00:547][  0]LogConfig: Setting CVar [[r.Streaming.MaxEffectiveScreenSize:0]]
[2020.12.06-18.48.00:547][  0]LogConfig: Applying CVar settings from Section [EffectsQuality@3] File [F:/Unreal/Projects/EscapeRoom/Saved/Config/Windows/Scalability.ini]
[2020.12.06-18.48.00:547][  0]LogConfig: Setting CVar [[r.TranslucencyLightingVolumeDim:64]]
[2020.12.06-18.48.00:547][  0]LogConfig: Setting CVar [[r.RefractionQuality:2]]
[2020.12.06-18.48.00:547][  0]LogConfig: Setting CVar [[r.SSR.Quality:3]]
[2020.12.06-18.48.00:547][  0]LogConfig: Setting CVar [[r.SSR.HalfResSceneColor:0]]
[2020.12.06-18.48.00:547][  0]LogConfig: Setting CVar [[r.SceneColorFormat:4]]
[2020.12.06-18.48.00:547][  0]LogConfig: Setting CVar [[r.DetailMode:2]]
[2020.12.06-18.48.00:547][  0]LogConfig: Setting CVar [[r.TranslucencyVolumeBlur:1]]
[2020.12.06-18.48.00:547][  0]LogConfig: Setting CVar [[r.MaterialQualityLevel:1 ; High quality]]
[2020.12.06-18.48.00:547][  0]LogConfig: Setting CVar [[r.SSS.Scale:1]]
[2020.12.06-18.48.00:547][  0]LogConfig: Setting CVar [[r.SSS.SampleSet:2]]
[2020.12.06-18.48.00:547][  0]LogConfig: Setting CVar [[r.SSS.Quality:1]]
[2020.12.06-18.48.00:547][  0]LogConfig: Setting CVar [[r.SSS.HalfRes:0]]
[2020.12.06-18.48.00:547][  0]LogConfig: Setting CVar [[r.SSGI.Quality:3]]
[2020.12.06-18.48.00:547][  0]LogConfig: Setting CVar [[r.EmitterSpawnRateScale:1.0]]
[2020.12.06-18.48.00:547][  0]LogConfig: Setting CVar [[r.ParticleLightQuality:2]]
[2020.12.06-18.48.00:547][  0]LogConfig: Setting CVar [[r.SkyAtmosphere.AerialPerspectiveLUT.FastApplyOnOpaque:1 ; Always have FastSkyLUT 1 in this case to avoid wrong sky]]
[2020.12.06-18.48.00:547][  0]LogConfig: Setting CVar [[r.SkyAtmosphere.AerialPerspectiveLUT.SampleCountPerSlice:1]]
[2020.12.06-18.48.00:547][  0]LogConfig: Setting CVar [[r.SkyAtmosphere.AerialPerspectiveLUT.DepthResolution:16.0]]
[2020.12.06-18.48.00:547][  0]LogConfig: Setting CVar [[r.SkyAtmosphere.FastSkyLUT:1]]
[2020.12.06-18.48.00:547][  0]LogConfig: Setting CVar [[r.SkyAtmosphere.FastSkyLUT.SampleCountMin:4.0]]
[2020.12.06-18.48.00:547][  0]LogConfig: Setting CVar [[r.SkyAtmosphere.FastSkyLUT.SampleCountMax:32.0]]
[2020.12.06-18.48.00:547][  0]LogConfig: Setting CVar [[r.SkyAtmosphere.SampleCountMin:4.0]]
[2020.12.06-18.48.00:547][  0]LogConfig: Setting CVar [[r.SkyAtmosphere.SampleCountMax:32.0]]
[2020.12.06-18.48.00:547][  0]LogConfig: Setting CVar [[r.SkyAtmosphere.TransmittanceLUT.UseSmallFormat:0]]
[2020.12.06-18.48.00:547][  0]LogConfig: Setting CVar [[r.SkyAtmosphere.TransmittanceLUT.SampleCount:10.0]]
[2020.12.06-18.48.00:547][  0]LogConfig: Setting CVar [[r.SkyAtmosphere.MultiScatteringLUT.SampleCount:15.0]]
[2020.12.06-18.48.00:547][  0]LogConfig: Applying CVar settings from Section [FoliageQuality@3] File [F:/Unreal/Projects/EscapeRoom/Saved/Config/Windows/Scalability.ini]
[2020.12.06-18.48.00:547][  0]LogConfig: Setting CVar [[foliage.DensityScale:1.0]]
[2020.12.06-18.48.00:548][  0]LogConfig: Setting CVar [[grass.DensityScale:1.0]]
[2020.12.06-18.48.00:548][  0]LogConfig: Applying CVar settings from Section [ShadingQuality@3] File [F:/Unreal/Projects/EscapeRoom/Saved/Config/Windows/Scalability.ini]
[2020.12.06-18.48.00:548][  0]LogConfig: Setting CVar [[r.HairStrands.SkyLighting.SampleCount:16]]
[2020.12.06-18.48.00:548][  0]LogConfig: Setting CVar [[r.HairStrands.SkyLighting.JitterIntegration:0]]
[2020.12.06-18.48.00:548][  0]LogConfig: Setting CVar [[r.HairStrands.SkyAO.SampleCount:16]]
[2020.12.06-18.48.00:548][  0]LogConfig: Setting CVar [[r.HairStrands.DeepShadow.SuperSampling:0]]
[2020.12.06-18.48.00:548][  0]LogConfig: Setting CVar [[r.HairStrands.VisibilityPPLL:0]]
[2020.12.06-18.48.00:548][  0]LogConfig: Setting CVar [[r.HairStrands.RasterizationScale:0.5]]
[2020.12.06-18.48.00:548][  0]LogConfig: Setting CVar [[r.HairStrands.VelocityRasterizationScale:1]]
[2020.12.06-18.48.00:548][  0]LogInit: Selected Device Profile: [Windows]
[2020.12.06-18.48.00:548][  0]LogInit: Applying CVar settings loaded from the selected device profile: [Windows]
[2020.12.06-18.48.00:548][  0]LogHAL: Display: Platform has ~ 32 GB [34295877632 / 34359738368 / 32], which maps to Largest [LargestMinGB=32, LargerMinGB=12, DefaultMinGB=8, SmallerMinGB=6, SmallestMinGB=0)
[2020.12.06-18.48.00:548][  0]LogInit: Going up to parent DeviceProfile []
[2020.12.06-18.48.00:548][  0]LogConfig: Applying CVar settings from Section [ViewDistanceQuality@3] File [F:/Unreal/Projects/EscapeRoom/Saved/Config/Windows/Scalability.ini]
[2020.12.06-18.48.00:548][  0]LogConfig: Setting CVar [[r.SkeletalMeshLODBias:0]]
[2020.12.06-18.48.00:548][  0]LogConfig: Setting CVar [[r.ViewDistanceScale:1.0]]
[2020.12.06-18.48.00:548][  0]LogConfig: Applying CVar settings from Section [AntiAliasingQuality@3] File [F:/Unreal/Projects/EscapeRoom/Saved/Config/Windows/Scalability.ini]
[2020.12.06-18.48.00:548][  0]LogConfig: Setting CVar [[r.PostProcessAAQuality:4]]
[2020.12.06-18.48.00:548][  0]LogConfig: Applying CVar settings from Section [ShadowQuality@3] File [F:/Unreal/Projects/EscapeRoom/Saved/Config/Windows/Scalability.ini]
[2020.12.06-18.48.00:548][  0]LogConfig: Setting CVar [[r.LightFunctionQuality:1]]
[2020.12.06-18.48.00:548][  0]LogConfig: Setting CVar [[r.ShadowQuality:5]]
[2020.12.06-18.48.00:548][  0]LogConfig: Setting CVar [[r.Shadow.CSM.MaxCascades:10]]
[2020.12.06-18.48.00:548][  0]LogConfig: Setting CVar [[r.Shadow.MaxResolution:2048]]
[2020.12.06-18.48.00:548][  0]LogConfig: Setting CVar [[r.Shadow.MaxCSMResolution:2048]]
[2020.12.06-18.48.00:548][  0]LogConfig: Setting CVar [[r.Shadow.RadiusThreshold:0.01]]
[2020.12.06-18.48.00:548][  0]LogConfig: Setting CVar [[r.Shadow.DistanceScale:1.0]]
[2020.12.06-18.48.00:548][  0]LogConfig: Setting CVar [[r.Shadow.CSM.TransitionScale:1.0]]
[2020.12.06-18.48.00:548][  0]LogConfig: Setting CVar [[r.Shadow.PreShadowResolutionFactor:1.0]]
[2020.12.06-18.48.00:548][  0]LogConfig: Setting CVar [[r.DistanceFieldShadowing:1]]
[2020.12.06-18.48.00:548][  0]LogConfig: Setting CVar [[r.DistanceFieldAO:1]]
[2020.12.06-18.48.00:548][  0]LogConfig: Setting CVar [[r.AOQuality:2]]
[2020.12.06-18.48.00:548][  0]LogConfig: Setting CVar [[r.VolumetricFog:1]]
[2020.12.06-18.48.00:548][  0]LogConfig: Setting CVar [[r.VolumetricFog.GridPixelSize:8]]
[2020.12.06-18.48.00:548][  0]LogConfig: Setting CVar [[r.VolumetricFog.GridSizeZ:128]]
[2020.12.06-18.48.00:548][  0]LogConfig: Setting CVar [[r.VolumetricFog.HistoryMissSupersampleCount:4]]
[2020.12.06-18.48.00:548][  0]LogConfig: Setting CVar [[r.LightMaxDrawDistanceScale:1]]
[2020.12.06-18.48.00:548][  0]LogConfig: Setting CVar [[r.CapsuleShadows:1]]
[2020.12.06-18.48.00:548][  0]LogConfig: Applying CVar settings from Section [PostProcessQuality@3] File [F:/Unreal/Projects/EscapeRoom/Saved/Config/Windows/Scalability.ini]
[2020.12.06-18.48.00:548][  0]LogConfig: Setting CVar [[r.MotionBlurQuality:4]]
[2020.12.06-18.48.00:548][  0]LogConfig: Setting CVar [[r.AmbientOcclusionMipLevelFactor:0.4]]
[2020.12.06-18.48.00:548][  0]LogConfig: Setting CVar [[r.AmbientOcclusionMaxQuality:100]]
[2020.12.06-18.48.00:548][  0]LogConfig: Setting CVar [[r.AmbientOcclusionLevels:-1]]
[2020.12.06-18.48.00:548][  0]LogConfig: Setting CVar [[r.AmbientOcclusionRadiusScale:1.0]]
[2020.12.06-18.48.00:548][  0]LogConfig: Setting CVar [[r.DepthOfFieldQuality:2]]
[2020.12.06-18.48.00:548][  0]LogConfig: Setting CVar [[r.RenderTargetPoolMin:400]]
[2020.12.06-18.48.00:548][  0]LogConfig: Setting CVar [[r.LensFlareQuality:2]]
[2020.12.06-18.48.00:548][  0]LogConfig: Setting CVar [[r.SceneColorFringeQuality:1]]
[2020.12.06-18.48.00:548][  0]LogConfig: Setting CVar [[r.EyeAdaptationQuality:2]]
[2020.12.06-18.48.00:548][  0]LogConfig: Setting CVar [[r.BloomQuality:5]]
[2020.12.06-18.48.00:548][  0]LogConfig: Setting CVar [[r.FastBlurThreshold:100]]
[2020.12.06-18.48.00:548][  0]LogConfig: Setting CVar [[r.Upscale.Quality:3]]
[2020.12.06-18.48.00:548][  0]LogConfig: Setting CVar [[r.Tonemapper.GrainQuantization:1]]
[2020.12.06-18.48.00:548][  0]LogConfig: Setting CVar [[r.LightShaftQuality:1]]
[2020.12.06-18.48.00:548][  0]LogConfig: Setting CVar [[r.Filter.SizeScale:1]]
[2020.12.06-18.48.00:548][  0]LogConfig: Setting CVar [[r.Tonemapper.Quality:5]]
[2020.12.06-18.48.00:548][  0]LogConfig: Setting CVar [[r.DOF.Gather.AccumulatorQuality:1        ; higher gathering accumulator quality]]
[2020.12.06-18.48.00:548][  0]LogConfig: Setting CVar [[r.DOF.Gather.PostfilterMethod:1          ; Median3x3 postfilering method]]
[2020.12.06-18.48.00:548][  0]LogConfig: Setting CVar [[r.DOF.Gather.EnableBokehSettings:0       ; no bokeh simulation when gathering]]
[2020.12.06-18.48.00:548][  0]LogConfig: Setting CVar [[r.DOF.Gather.RingCount:4                 ; medium number of samples when gathering]]
[2020.12.06-18.48.00:548][  0]LogConfig: Setting CVar [[r.DOF.Scatter.ForegroundCompositing:1    ; additive foreground scattering]]
[2020.12.06-18.48.00:548][  0]LogConfig: Setting CVar [[r.DOF.Scatter.BackgroundCompositing:2    ; additive background scattering]]
[2020.12.06-18.48.00:548][  0]LogConfig: Setting CVar [[r.DOF.Scatter.EnableBokehSettings:1      ; bokeh simulation when scattering]]
[2020.12.06-18.48.00:548][  0]LogConfig: Setting CVar [[r.DOF.Scatter.MaxSpriteRatio:0.1         ; only a maximum of 10% of scattered bokeh]]
[2020.12.06-18.48.00:548][  0]LogConfig: Setting CVar [[r.DOF.Recombine.Quality:1                ; cheap slight out of focus]]
[2020.12.06-18.48.00:548][  0]LogConfig: Setting CVar [[r.DOF.Recombine.EnableBokehSettings:0    ; no bokeh simulation on slight out of focus]]
[2020.12.06-18.48.00:548][  0]LogConfig: Setting CVar [[r.DOF.TemporalAAQuality:1                ; more stable temporal accumulation]]
[2020.12.06-18.48.00:548][  0]LogConfig: Setting CVar [[r.DOF.Kernel.MaxForegroundRadius:0.025]]
[2020.12.06-18.48.00:548][  0]LogConfig: Setting CVar [[r.DOF.Kernel.MaxBackgroundRadius:0.025]]
[2020.12.06-18.48.00:548][  0]LogConfig: Applying CVar settings from Section [TextureQuality@3] File [F:/Unreal/Projects/EscapeRoom/Saved/Config/Windows/Scalability.ini]
[2020.12.06-18.48.00:548][  0]LogConfig: Setting CVar [[r.Streaming.MipBias:0]]
[2020.12.06-18.48.00:548][  0]LogConfig: Setting CVar [[r.Streaming.AmortizeCPUToGPUCopy:0]]
[2020.12.06-18.48.00:548][  0]LogConfig: Setting CVar [[r.Streaming.MaxNumTexturesToStreamPerFrame:0]]
[2020.12.06-18.48.00:548][  0]LogConfig: Setting CVar [[r.Streaming.Boost:1]]
[2020.12.06-18.48.00:548][  0]LogConfig: Setting CVar [[r.MaxAnisotropy:8]]
[2020.12.06-18.48.00:548][  0]LogConfig: Setting CVar [[r.VT.MaxAnisotropy:8]]
[2020.12.06-18.48.00:548][  0]LogConfig: Setting CVar [[r.Streaming.LimitPoolSizeToVRAM:0]]
[2020.12.06-18.48.00:548][  0]LogConfig: Setting CVar [[r.Streaming.PoolSize:1000]]
[2020.12.06-18.48.00:548][  0]LogConfig: Setting CVar [[r.Streaming.MaxEffectiveScreenSize:0]]
[2020.12.06-18.48.00:548][  0]LogConfig: Applying CVar settings from Section [EffectsQuality@3] File [F:/Unreal/Projects/EscapeRoom/Saved/Config/Windows/Scalability.ini]
[2020.12.06-18.48.00:548][  0]LogConfig: Setting CVar [[r.TranslucencyLightingVolumeDim:64]]
[2020.12.06-18.48.00:548][  0]LogConfig: Setting CVar [[r.RefractionQuality:2]]
[2020.12.06-18.48.00:548][  0]LogConfig: Setting CVar [[r.SSR.Quality:3]]
[2020.12.06-18.48.00:548][  0]LogConfig: Setting CVar [[r.SSR.HalfResSceneColor:0]]
[2020.12.06-18.48.00:548][  0]LogConfig: Setting CVar [[r.SceneColorFormat:4]]
[2020.12.06-18.48.00:548][  0]LogConfig: Setting CVar [[r.DetailMode:2]]
[2020.12.06-18.48.00:548][  0]LogConfig: Setting CVar [[r.TranslucencyVolumeBlur:1]]
[2020.12.06-18.48.00:548][  0]LogConfig: Setting CVar [[r.MaterialQualityLevel:1 ; High quality]]
[2020.12.06-18.48.00:548][  0]LogConfig: Setting CVar [[r.SSS.Scale:1]]
[2020.12.06-18.48.00:548][  0]LogConfig: Setting CVar [[r.SSS.SampleSet:2]]
[2020.12.06-18.48.00:549][  0]LogConfig: Setting CVar [[r.SSS.Quality:1]]
[2020.12.06-18.48.00:549][  0]LogConfig: Setting CVar [[r.SSS.HalfRes:0]]
[2020.12.06-18.48.00:549][  0]LogConfig: Setting CVar [[r.SSGI.Quality:3]]
[2020.12.06-18.48.00:549][  0]LogConfig: Setting CVar [[r.EmitterSpawnRateScale:1.0]]
[2020.12.06-18.48.00:549][  0]LogConfig: Setting CVar [[r.ParticleLightQuality:2]]
[2020.12.06-18.48.00:549][  0]LogConfig: Setting CVar [[r.SkyAtmosphere.AerialPerspectiveLUT.FastApplyOnOpaque:1 ; Always have FastSkyLUT 1 in this case to avoid wrong sky]]
[2020.12.06-18.48.00:549][  0]LogConfig: Setting CVar [[r.SkyAtmosphere.AerialPerspectiveLUT.SampleCountPerSlice:1]]
[2020.12.06-18.48.00:549][  0]LogConfig: Setting CVar [[r.SkyAtmosphere.AerialPerspectiveLUT.DepthResolution:16.0]]
[2020.12.06-18.48.00:549][  0]LogConfig: Setting CVar [[r.SkyAtmosphere.FastSkyLUT:1]]
[2020.12.06-18.48.00:549][  0]LogConfig: Setting CVar [[r.SkyAtmosphere.FastSkyLUT.SampleCountMin:4.0]]
[2020.12.06-18.48.00:549][  0]LogConfig: Setting CVar [[r.SkyAtmosphere.FastSkyLUT.SampleCountMax:32.0]]
[2020.12.06-18.48.00:549][  0]LogConfig: Setting CVar [[r.SkyAtmosphere.SampleCountMin:4.0]]
[2020.12.06-18.48.00:549][  0]LogConfig: Setting CVar [[r.SkyAtmosphere.SampleCountMax:32.0]]
[2020.12.06-18.48.00:549][  0]LogConfig: Setting CVar [[r.SkyAtmosphere.TransmittanceLUT.UseSmallFormat:0]]
[2020.12.06-18.48.00:549][  0]LogConfig: Setting CVar [[r.SkyAtmosphere.TransmittanceLUT.SampleCount:10.0]]
[2020.12.06-18.48.00:549][  0]LogConfig: Setting CVar [[r.SkyAtmosphere.MultiScatteringLUT.SampleCount:15.0]]
[2020.12.06-18.48.00:549][  0]LogConfig: Applying CVar settings from Section [FoliageQuality@3] File [F:/Unreal/Projects/EscapeRoom/Saved/Config/Windows/Scalability.ini]
[2020.12.06-18.48.00:549][  0]LogConfig: Setting CVar [[foliage.DensityScale:1.0]]
[2020.12.06-18.48.00:549][  0]LogConfig: Setting CVar [[grass.DensityScale:1.0]]
[2020.12.06-18.48.00:549][  0]LogConfig: Applying CVar settings from Section [ShadingQuality@3] File [F:/Unreal/Projects/EscapeRoom/Saved/Config/Windows/Scalability.ini]
[2020.12.06-18.48.00:549][  0]LogConfig: Setting CVar [[r.HairStrands.SkyLighting.SampleCount:16]]
[2020.12.06-18.48.00:549][  0]LogConfig: Setting CVar [[r.HairStrands.SkyLighting.JitterIntegration:0]]
[2020.12.06-18.48.00:549][  0]LogConfig: Setting CVar [[r.HairStrands.SkyAO.SampleCount:16]]
[2020.12.06-18.48.00:549][  0]LogConfig: Setting CVar [[r.HairStrands.DeepShadow.SuperSampling:0]]
[2020.12.06-18.48.00:549][  0]LogConfig: Setting CVar [[r.HairStrands.VisibilityPPLL:0]]
[2020.12.06-18.48.00:549][  0]LogConfig: Setting CVar [[r.HairStrands.RasterizationScale:0.5]]
[2020.12.06-18.48.00:549][  0]LogConfig: Setting CVar [[r.HairStrands.VelocityRasterizationScale:1]]
[2020.12.06-18.48.00:549][  0]LogConfig: Applying CVar settings from Section [Startup] File [../../../Engine/Config/ConsoleVariables.ini]
[2020.12.06-18.48.00:549][  0]LogConfig: Setting CVar [[net.UseAdaptiveNetUpdateFrequency:0]]
[2020.12.06-18.48.00:549][  0]LogConfig: Setting CVar [[p.chaos.AllowCreatePhysxBodies:1]]
[2020.12.06-18.48.00:549][  0]LogConfig: Setting CVar [[fx.SkipVectorVMBackendOptimizations:1]]
[2020.12.06-18.48.00:549][  0]LogConfig: Applying CVar settings from Section [ConsoleVariables] File [F:/Unreal/Projects/EscapeRoom/Saved/Config/Windows/Engine.ini]
[2020.12.06-18.48.00:549][  0]LogInit: Computer: DESKTOP-S5TPAU6
[2020.12.06-18.48.00:549][  0]LogInit: User: Augusto
[2020.12.06-18.48.00:549][  0]LogInit: CPU Page size=4096, Cores=6
[2020.12.06-18.48.00:549][  0]LogInit: High frequency timer resolution =10.000000 MHz
[2020.12.06-18.48.00:549][  0]LogMemory: Memory total: Physical=31.9GB (32GB approx)
[2020.12.06-18.48.00:549][  0]LogMemory: Platform Memory Stats for Windows
[2020.12.06-18.48.00:549][  0]LogMemory: Process Physical Memory: 116.04 MB used, 116.04 MB peak
[2020.12.06-18.48.00:549][  0]LogMemory: Process Virtual Memory: 103.83 MB used, 103.83 MB peak
[2020.12.06-18.48.00:549][  0]LogMemory: Physical Memory: 15036.51 MB used,  17670.59 MB free, 32707.10 MB total
[2020.12.06-18.48.00:549][  0]LogMemory: Virtual Memory: 5147.48 MB used,  134212584.00 MB free, 134217728.00 MB total
[2020.12.06-18.48.00:555][  0]LogWindows: WindowsPlatformFeatures enabled
[2020.12.06-18.48.00:588][  0]LogInit: Physics initialised using underlying interface: PhysX
[2020.12.06-18.48.00:589][  0]LogInit: Overriding language with editor language configuration option (en).
[2020.12.06-18.48.00:589][  0]LogInit: Overriding locale with editor locale configuration option (en).
[2020.12.06-18.48.00:730][  0]LogInit: Setting process to per monitor DPI aware
[2020.12.06-18.48.00:751][  0]LogSlate: New Slate User Created.  User Index 0, Is Virtual User: 0
[2020.12.06-18.48.00:751][  0]LogSlate: Slate User Registered.  User Index 0, Is Virtual User: 0
[2020.12.06-18.48.00:852][  0]LogHMD: Failed to initialize OpenVR with code 110
[2020.12.06-18.48.00:852][  0]LogD3D11RHI: D3D11 min allowed feature level: 11_0
[2020.12.06-18.48.00:852][  0]LogD3D11RHI: D3D11 max allowed feature level: 11_0
[2020.12.06-18.48.00:852][  0]LogD3D11RHI: D3D11 adapters:
[2020.12.06-18.48.00:928][  0]LogD3D11RHI:    0. 'NVIDIA GeForce GTX 1660 SUPER' (Feature Level 11_0)
[2020.12.06-18.48.00:928][  0]LogD3D11RHI:       5991/0/16353 MB DedicatedVideo/DedicatedSystem/SharedSystem, Outputs:2, VendorId:0x10de
[2020.12.06-18.48.00:930][  0]LogD3D11RHI:    1. 'Microsoft Basic Render Driver' (Feature Level 11_0)
[2020.12.06-18.48.00:930][  0]LogD3D11RHI:       0/0/16353 MB DedicatedVideo/DedicatedSystem/SharedSystem, Outputs:0, VendorId:0x1414
[2020.12.06-18.48.00:930][  0]LogD3D11RHI: Chosen D3D11 Adapter: 0
[2020.12.06-18.48.00:936][  0]LogD3D11RHI: Creating new Direct3DDevice
[2020.12.06-18.48.00:936][  0]LogD3D11RHI:     GPU DeviceId: 0x21c4 (for the marketing name, search the web for "GPU Device Id")
[2020.12.06-18.48.00:936][  0]LogWindows: EnumDisplayDevices:
[2020.12.06-18.48.00:936][  0]LogWindows:    0. 'NVIDIA GeForce GTX 1660 SUPER' (P:1 D:1)
[2020.12.06-18.48.00:936][  0]LogWindows:    1. 'NVIDIA GeForce GTX 1660 SUPER' (P:0 D:1)
[2020.12.06-18.48.00:936][  0]LogWindows:    2. 'NVIDIA GeForce GTX 1660 SUPER' (P:0 D:0)
[2020.12.06-18.48.00:936][  0]LogWindows:    3. 'NVIDIA GeForce GTX 1660 SUPER' (P:0 D:0)
[2020.12.06-18.48.00:936][  0]LogWindows: DebugString: FoundDriverCount:4 
[2020.12.06-18.48.00:936][  0]LogD3D11RHI:     Adapter Name: NVIDIA GeForce GTX 1660 SUPER
[2020.12.06-18.48.00:936][  0]LogD3D11RHI:   Driver Version: 457.51 (internal:27.21.14.5751, unified:457.51)
[2020.12.06-18.48.00:936][  0]LogD3D11RHI:      Driver Date: 11-22-2020
[2020.12.06-18.48.00:936][  0]LogRHI: Texture pool is 4193 MB (70% of 5991 MB)
[2020.12.06-18.48.00:985][  0]LogD3D11RHI: RHI has support for 64 bit atomics
[2020.12.06-18.48.00:985][  0]LogD3D11RHI: Async texture creation enabled
[2020.12.06-18.48.00:985][  0]LogD3D11RHI: Array index from any shader is supported
[2020.12.06-18.48.00:999][  0]LogD3D11RHI: GPU Timing Frequency: 1000.000000 (Debug: 2 1)
[2020.12.06-18.48.01:336][  0]LogTargetPlatformManager: Display: Loaded TargetPlatform 'AllDesktop'
[2020.12.06-18.48.01:355][  0]LogTargetPlatformManager: Display: Loaded TargetPlatform 'Android'
[2020.12.06-18.48.01:355][  0]LogTargetPlatformManager: Display: Loaded TargetPlatform 'Android_ASTC'
[2020.12.06-18.48.01:355][  0]LogTargetPlatformManager: Display: Loaded TargetPlatform 'Android_DXT'
[2020.12.06-18.48.01:355][  0]LogTargetPlatformManager: Display: Loaded TargetPlatform 'Android_ETC2'
[2020.12.06-18.48.01:355][  0]LogTargetPlatformManager: Display: Loaded TargetPlatform 'AndroidClient'
[2020.12.06-18.48.01:355][  0]LogTargetPlatformManager: Display: Loaded TargetPlatform 'Android_ASTCClient'
[2020.12.06-18.48.01:355][  0]LogTargetPlatformManager: Display: Loaded TargetPlatform 'Android_DXTClient'
[2020.12.06-18.48.01:355][  0]LogTargetPlatformManager: Display: Loaded TargetPlatform 'Android_ETC2Client'
[2020.12.06-18.48.01:355][  0]LogTargetPlatformManager: Display: Loaded TargetPlatform 'Android_Multi'
[2020.12.06-18.48.01:355][  0]LogTargetPlatformManager: Display: Loaded TargetPlatform 'Android_MultiClient'
[2020.12.06-18.48.01:373][  0]LogTargetPlatformManager: Display: Loaded TargetPlatform 'IOSClient'
[2020.12.06-18.48.01:373][  0]LogTargetPlatformManager: Display: Loaded TargetPlatform 'IOS'
[2020.12.06-18.48.01:381][  0]LogTargetPlatformManager: Display: Loaded TargetPlatform 'Linux'
[2020.12.06-18.48.01:388][  0]LogTargetPlatformManager: Display: Loaded TargetPlatform 'LinuxNoEditor'
[2020.12.06-18.48.01:395][  0]LogTargetPlatformManager: Display: Loaded TargetPlatform 'LinuxClient'
[2020.12.06-18.48.01:402][  0]LogTargetPlatformManager: Display: Loaded TargetPlatform 'LinuxServer'
[2020.12.06-18.48.01:409][  0]LogTargetPlatformManager: Display: Loaded TargetPlatform 'LinuxAArch64NoEditor'
[2020.12.06-18.48.01:416][  0]LogTargetPlatformManager: Display: Loaded TargetPlatform 'LinuxAArch64Client'
[2020.12.06-18.48.01:423][  0]LogTargetPlatformManager: Display: Loaded TargetPlatform 'LinuxAArch64Server'
[2020.12.06-18.48.01:443][  0]LogTargetPlatformManager: Display: Loaded TargetPlatform 'Lumin'
[2020.12.06-18.48.01:443][  0]LogTargetPlatformManager: Display: Loaded TargetPlatform 'LuminClient'
[2020.12.06-18.48.01:455][  0]LogTargetPlatformManager: Display: Loaded TargetPlatform 'TVOSClient'
[2020.12.06-18.48.01:455][  0]LogTargetPlatformManager: Display: Loaded TargetPlatform 'TVOS'
[2020.12.06-18.48.01:462][  0]LogTargetPlatformManager: Display: Loaded TargetPlatform 'WindowsNoEditor'
[2020.12.06-18.48.01:470][  0]LogTargetPlatformManager: Display: Loaded TargetPlatform 'Windows'
[2020.12.06-18.48.01:477][  0]LogTargetPlatformManager: Display: Loaded TargetPlatform 'WindowsClient'
[2020.12.06-18.48.01:484][  0]LogTargetPlatformManager: Display: Loaded TargetPlatform 'WindowsServer'
[2020.12.06-18.48.01:484][  0]LogTargetPlatformManager: Display: Building Assets For Windows
[2020.12.06-18.48.01:489][  0]LogAudioDebug: Display: Lib vorbis DLL was dynamically loaded.
[2020.12.06-18.48.01:532][  0]LogShaderCompilers: Guid format shader working directory is 18 characters bigger than the processId version (F:/Unreal/Projects/EscapeRoom/Intermediate/Shaders/WorkingDirectory/21780/).
[2020.12.06-18.48.01:532][  0]LogShaderCompilers: Cleaned the shader compiler working directory 'C:/Users/Augusto/AppData/Local/Temp/UnrealShaderWorkingDir/4C1C19E14F0B90A4271101BD29FA215B/'.
[2020.12.06-18.48.01:533][  0]LogXGEController: Cleaning working directory: C:/Users/Augusto/AppData/Local/Temp/UnrealXGEWorkingDir/
[2020.12.06-18.48.01:533][  0]LogXGEController: Cannot use XGE Controller as Incredibuild is not installed on this machine.
[2020.12.06-18.48.01:533][  0]LogShaderCompilers: Cannot use XGE Shader Compiler as Incredibuild is not installed on this machine.
[2020.12.06-18.48.01:533][  0]LogShaderCompilers: Display: Using Local Shader Compiler.
[2020.12.06-18.48.03:111][  0]LogDerivedDataCache: Display: Max Cache Size: 512 MB
[2020.12.06-18.48.03:156][  0]LogDerivedDataCache: Loaded boot cache 0.04s 76MB C:/Users/Augusto/AppData/Local/UnrealEngine/4.25/DerivedDataCache/Boot.ddc.
[2020.12.06-18.48.03:156][  0]LogDerivedDataCache: Display: Loaded Boot cache: C:/Users/Augusto/AppData/Local/UnrealEngine/4.25/DerivedDataCache/Boot.ddc
[2020.12.06-18.48.03:156][  0]LogDerivedDataCache: FDerivedDataBackendGraph:  Pak pak cache file F:/Unreal/Projects/EscapeRoom/DerivedDataCache/DDC.ddp not found, will not use a pak cache.
[2020.12.06-18.48.03:156][  0]LogDerivedDataCache: Unable to find inner node Pak for hierarchical cache Hierarchy.
[2020.12.06-18.48.03:156][  0]LogDerivedDataCache: FDerivedDataBackendGraph:  CompressedPak pak cache file F:/Unreal/Projects/EscapeRoom/DerivedDataCache/Compressed.ddp not found, will not use a pak cache.
[2020.12.06-18.48.03:156][  0]LogDerivedDataCache: Unable to find inner node CompressedPak for hierarchical cache Hierarchy.
[2020.12.06-18.48.03:164][  0]LogDerivedDataCache: Display: Pak cache opened for reading ../../../Engine/DerivedDataCache/Compressed.ddp.
[2020.12.06-18.48.03:164][  0]LogDerivedDataCache: FDerivedDataBackendGraph:  EnterprisePak pak cache file ../../../Enterprise/DerivedDataCache/Compressed.ddp not found, will not use a pak cache.
[2020.12.06-18.48.03:164][  0]LogDerivedDataCache: Unable to find inner node EnterprisePak for hierarchical cache Hierarchy.
[2020.12.06-18.48.03:165][  0]LogDerivedDataCache: Using Local data cache path C:/Users/Augusto/AppData/Local/UnrealEngine/Common/DerivedDataCache: Writable
[2020.12.06-18.48.03:165][  0]LogDerivedDataCache: Shared data cache path not found in *engine.ini, will not use an Shared cache.
[2020.12.06-18.48.03:165][  0]LogDerivedDataCache: Unable to find inner node Shared for hierarchical cache Hierarchy.
[2020.12.06-18.48.03:205][  0]LogSlate: Using FreeType 2.10.0
[2020.12.06-18.48.03:205][  0]LogSlate: SlateFontServices - WITH_FREETYPE: 1, WITH_HARFBUZZ: 1
[2020.12.06-18.48.03:226][  0]LogAssetRegistry: FAssetRegistry took 0.0020 seconds to start up
[2020.12.06-18.48.03:404][  0]LogInit: Selected Device Profile: [Windows]
[2020.12.06-18.48.03:500][  0]LogMeshReduction: Using QuadricMeshReduction for automatic static mesh reduction
[2020.12.06-18.48.03:500][  0]LogMeshReduction: Using SimplygonMeshReduction for automatic skeletal mesh reduction
[2020.12.06-18.48.03:500][  0]LogMeshReduction: Using ProxyLODMeshReduction for automatic mesh merging
[2020.12.06-18.48.03:500][  0]LogMeshReduction: No distributed automatic mesh merging module available
[2020.12.06-18.48.03:500][  0]LogMeshMerging: No distributed automatic mesh merging module available
[2020.12.06-18.48.03:512][  0]LogNetVersion: EscapeRoom 1.0.0, NetCL: 13144385, EngineNetVer: 14, GameNetVer: 0 (Checksum: 2058882427)
[2020.12.06-18.48.03:850][  0]LogAISub: UAISubsystem::UAISubsystem AISubsystem (000001FD8E015BC0), frame # 0
[2020.12.06-18.48.03:850][  0]LogAISub: UAISubsystem::UAISubsystem AIPerceptionSystem (000001FD8DF72AC0), frame # 0
[2020.12.06-18.48.03:851][  0]LogAISub: UAISubsystem::UAISubsystem EnvQueryManager (000001FD8DFD4800), frame # 0
[2020.12.06-18.48.03:883][  0]LogPackageLocalizationCache: Processed 19 localized package path(s) for 1 prioritized culture(s) in 0.026930 seconds
[2020.12.06-18.48.03:888][  0]LogUObjectArray: 15917 objects as part of root set at end of initial load.
[2020.12.06-18.48.03:888][  0]LogUObjectAllocator: 3965568 out of 0 bytes used by permanent object pool.
[2020.12.06-18.48.03:888][  0]LogUObjectArray: CloseDisregardForGC: 0/0 objects in disregard for GC pool
[2020.12.06-18.48.04:162][  0]LogTcpMessaging: Initializing TcpMessaging bridge
[2020.12.06-18.48.04:165][  0]LogUdpMessaging: Initializing bridge on interface 0.0.0.0:0 to multicast group 230.0.0.1:6666.
[2020.12.06-18.48.04:232][  0]SourceControl: Source control is disabled
[2020.12.06-18.48.04:232][  0]SourceControl: Source control is disabled
[2020.12.06-18.48.04:235][  0]SourceControl: Source control is disabled
[2020.12.06-18.48.04:237][  0]SourceControl: Source control is disabled
[2020.12.06-18.48.04:246][  0]SourceControl: Source control is disabled
[2020.12.06-18.48.04:433][  0]LogAndroidPermission: UAndroidPermissionCallbackProxy::GetInstance
[2020.12.06-18.48.04:450][  0]LogAudioCaptureCore: Display: No Audio Capture implementations found. Audio input will be silent.
[2020.12.06-18.48.04:450][  0]LogAudioCaptureCore: Display: No Audio Capture implementations found. Audio input will be silent.
[2020.12.06-18.48.04:492][  0]LogOcInput: OculusInput pre-init called
[2020.12.06-18.48.04:501][  0]LogWindows: Failed to load 'OVRPlugin.dll' (GetLastError=126)
[2020.12.06-18.48.04:501][  0]LogWindows: File 'OVRPlugin.dll' does not exist
[2020.12.06-18.48.04:552][  0]LogEngine: Initializing Engine...
[2020.12.06-18.48.04:553][  0]LogHMD: Failed to initialize OpenVR with code 110
[2020.12.06-18.48.04:553][  0]LogMagicLeap: Warning: VR disabled because ZI is not enabled.  To enable, in the editor, Edit -> Project Settings -> Plugins -> Magic Leap Plugin -> Enable Zero Iteration
[2020.12.06-18.48.04:553][  0]LogStats: UGameplayTagsManager::InitializeManager -  0.000 s
[2020.12.06-18.48.04:648][  0]LogInit: Initializing FReadOnlyCVARCache
[2020.12.06-18.48.04:654][  0]LogAIModule: Creating AISystem for world Untitled
[2020.12.06-18.48.04:654][  0]LogAISub: UAISubsystem::UAISubsystem EnvQueryManager (000001FD92679C00), frame # 0
[2020.12.06-18.48.04:654][  0]LogAISub: UAISubsystem::UAISubsystem AIPerceptionSystem (000001FD9264B880), frame # 0
[2020.12.06-18.48.04:667][  0]LogAudioMixer: Display: Audio Mixer Platform Settings:
[2020.12.06-18.48.04:667][  0]LogAudioMixer: Display: 	Sample Rate:						  48000
[2020.12.06-18.48.04:667][  0]LogAudioMixer: Display: 	Callback Buffer Frame Size Requested: 1024
[2020.12.06-18.48.04:667][  0]LogAudioMixer: Display: 	Callback Buffer Frame Size To Use:	  1024
[2020.12.06-18.48.04:667][  0]LogAudioMixer: Display: 	Number of buffers to queue:			  2
[2020.12.06-18.48.04:667][  0]LogAudioMixer: Display: 	Max Channels (voices):				  32
[2020.12.06-18.48.04:667][  0]LogAudioMixer: Display: 	Number of Async Source Workers:		  0
[2020.12.06-18.48.04:667][  0]LogAudio: Display: AudioDevice MaxSources: 32
[2020.12.06-18.48.04:668][  0]LogAudio: Display: Using built-in audio occlusion.
[2020.12.06-18.48.04:668][  0]LogAudioMixer: Display: Initializing audio mixer.
[2020.12.06-18.48.04:676][  0]LogAudioMixer: Display: 0: FrontLeft
[2020.12.06-18.48.04:676][  0]LogAudioMixer: Display: 1: FrontRight
[2020.12.06-18.48.04:676][  0]LogAudioMixer: Display: 2: FrontCenter
[2020.12.06-18.48.04:676][  0]LogAudioMixer: Display: 3: LowFrequency
[2020.12.06-18.48.04:676][  0]LogAudioMixer: Display: 4: BackLeft
[2020.12.06-18.48.04:676][  0]LogAudioMixer: Display: 5: BackRight
[2020.12.06-18.48.04:705][  0]LogAudioMixer: Display: Using Audio Device Alto-falantes (Realtek(R) Audio)
[2020.12.06-18.48.04:707][  0]LogAudioMixer: Display: Initializing Sound Submixes...
[2020.12.06-18.48.04:709][  0]LogAudioMixer: Display: Creating Master Submix 'MasterSubmixDefault'
[2020.12.06-18.48.04:709][  0]LogAudioMixer: Display: Creating Master Submix 'MasterReverbSubmixDefault'
[2020.12.06-18.48.04:710][  0]LogAudioMixer: Display: Creating Master Submix 'MasterEQSubmixDefault'
[2020.12.06-18.48.04:711][  0]LogInit: FAudioDevice initialized.
[2020.12.06-18.48.04:711][  0]LogNetVersion: Set ProjectVersion to 1.0.0.0. Version Checksum will be recalculated on next use.
[2020.12.06-18.48.05:553][  0]LogDerivedDataCache: Saved boot cache 0.84s 76MB C:/Users/Augusto/AppData/Local/UnrealEngine/4.25/DerivedDataCache/Boot.ddc.
[2020.12.06-18.48.05:554][  0]LogInit: Texture streaming: Enabled
[2020.12.06-18.48.05:566][  0]LogEngineSessionManager: EngineSessionManager initialized
[2020.12.06-18.48.05:567][  0]LogEngineSessionManager: EngineSessionManager sent abnormal shutdown report. Type=Crashed, SessionId={90E40EF8-42D8-2A78-2B10-038661A9D125}
[2020.12.06-18.48.05:567][  0]LogEditorSessionSummary: Verbose: Initializing EditorSessionSummaryWriter for editor session tracking
[2020.12.06-18.48.05:568][  0]LogEditorSessionSummary: EditorSessionSummaryWriter initialized
[2020.12.06-18.48.05:596][  0]LogInit: Transaction tracking system initialized
[2020.12.06-18.48.05:616][  0]BlueprintLog: New page: Editor Load
[2020.12.06-18.48.05:669][  0]LocalizationService: Localization service is disabled
[2020.12.06-18.48.05:780][  0]LogCook: Display: Max memory allowance for cook 16384mb min free memory 0mb
[2020.12.06-18.48.05:780][  0]LogCook: Display: Mobile HDR setting 1
[2020.12.06-18.48.05:878][  0]LogFileCache: Scanning file cache for directory 'F:/Unreal/Projects/EscapeRoom/Content/' took 0.00s
[2020.12.06-18.48.06:034][  0]SourceControl: Source control is disabled
[2020.12.06-18.48.06:034][  0]LogUnrealEdMisc: Loading editor; pre map load, took 6.558
[2020.12.06-18.48.06:034][  0]Cmd: MAP LOAD FILE="F:/Unreal/Projects/EscapeRoom/Content/Levels/InitialMap.umap" TEMPLATE=0 SHOWPROGRESS=1 FEATURELEVEL=3
[2020.12.06-18.48.06:034][  0]LightingResults: New page: Lighting Build
[2020.12.06-18.48.06:035][  0]LogWorld: UWorld::CleanupWorld for Untitled, bSessionEnded=true, bCleanupResources=true
[2020.12.06-18.48.06:035][  0]LogSlate: InvalidateAllWidgets triggered.  All widgets were invalidated
[2020.12.06-18.48.06:035][  0]MapCheck: New page: Map Check
[2020.12.06-18.48.06:035][  0]LightingResults: New page: Lighting Build
[2020.12.06-18.48.06:042][  0]LogAISub: UAISubsystem::~UAISubsystem EnvQueryManager (000001FD92679C00), frame # 0
[2020.12.06-18.48.06:042][  0]LogAISub: UAISubsystem::~UAISubsystem AIPerceptionSystem (000001FD9264B880), frame # 0
[2020.12.06-18.48.06:043][  0]LogUObjectHash: Compacting FUObjectHashTables data took   0.62ms
[2020.12.06-18.48.06:125][  0]LogAIModule: Creating AISystem for world InitialMap
[2020.12.06-18.48.06:125][  0]LogAISub: UAISubsystem::UAISubsystem EnvQueryManager (000001FD830B3E00), frame # 0
[2020.12.06-18.48.06:125][  0]LogAISub: UAISubsystem::UAISubsystem AIPerceptionSystem (000001FD8280CCC0), frame # 0
[2020.12.06-18.48.06:132][  0]LogEditorServer: Finished looking for orphan Actors (0.000 secs)
[2020.12.06-18.48.06:143][  0]LogUObjectHash: Compacting FUObjectHashTables data took   0.74ms
[2020.12.06-18.48.06:143][  0]Cmd: MAP CHECKDEP NOCLEARLOG
[2020.12.06-18.48.06:144][  0]MapCheck: Map check complete: 0 Error(s), 0 Warning(s), took 0.124ms to complete.
[2020.12.06-18.48.06:144][  0]LogFileHelpers: Loading map 'InitialMap' took 0.110
[2020.12.06-18.48.06:146][  0]LogUnrealEdMisc: Total Editor Startup Time, took 6.669
[2020.12.06-18.48.06:271][  0]LogSlate: Updating window title bar state: overlay mode, drag disabled, window buttons hidden, title bar hidden
[2020.12.06-18.48.06:277][  0]LogSlate: Updating window title bar state: overlay mode, drag disabled, window buttons hidden, title bar hidden
[2020.12.06-18.48.06:282][  0]LogSlate: Updating window title bar state: overlay mode, drag disabled, window buttons hidden, title bar hidden
[2020.12.06-18.48.06:288][  0]LogSlate: Updating window title bar state: overlay mode, drag disabled, window buttons hidden, title bar hidden
[2020.12.06-18.48.06:293][  0]LogCollectionManager: Loaded 0 collections in 0.001178 seconds
[2020.12.06-18.48.06:304][  0]LogFileCache: Scanning file cache for directory 'F:/Unreal/Projects/EscapeRoom/Saved/Collections/' took 0.00s
[2020.12.06-18.48.06:304][  0]LogFileCache: Scanning file cache for directory 'F:/Unreal/Projects/EscapeRoom/Content/Developers/Augusto/Collections/' took 0.00s
[2020.12.06-18.48.06:304][  0]LogFileCache: Scanning file cache for directory 'F:/Unreal/Projects/EscapeRoom/Content/Collections/' took 0.00s
[2020.12.06-18.48.06:304][  0]LogContentBrowser: Native class hierarchy populated in 0.0074 seconds. Added 3431 classes and 823 folders.
[2020.12.06-18.48.06:306][  0]LogContentBrowser: Native class hierarchy updated for 'WidgetCarousel' in 0.0002 seconds. Added 0 classes and 0 folders.
[2020.12.06-18.48.06:341][  0]LogContentBrowser: Native class hierarchy updated for 'AddContentDialog' in 0.0003 seconds. Added 0 classes and 0 folders.
[2020.12.06-18.48.06:344][  0]LogContentBrowser: Native class hierarchy updated for 'SceneOutliner' in 0.0003 seconds. Added 2 classes and 0 folders.
[2020.12.06-18.48.06:415][  0]LogSlate: Took 0.000116 seconds to synchronously load lazily loaded font '../../../Engine/Content/Slate/Fonts/Roboto-Regular.ttf' (155K)
[2020.12.06-18.48.06:416][  0]LogSlate: Took 0.000084 seconds to synchronously load lazily loaded font '../../../Engine/Content/Slate/Fonts/Roboto-Bold.ttf' (160K)
[2020.12.06-18.48.06:420][  0]LogSlate: Took 0.000104 seconds to synchronously load lazily loaded font '../../../Engine/Content/Editor/Slate/Fonts/FontAwesome.ttf' (139K)
[2020.12.06-18.48.06:420][  0]LogSlate: Took 0.000074 seconds to synchronously load lazily loaded font '../../../Engine/Content/Slate/Fonts/DroidSansMono.ttf' (77K)
[2020.12.06-18.48.06:505][  0]LogRenderer: Reallocating scene render targets to support 980x504 Format 10 NumSamples 1 (Frame:1).
[2020.12.06-18.48.06:656][  0]LogContentBrowser: Native class hierarchy updated for 'HierarchicalLODOutliner' in 0.0003 seconds. Added 0 classes and 0 folders.
[2020.12.06-18.48.06:656][  0]LogLoad: (Engine Initialization) Total time: 7.18 seconds
[2020.12.06-18.48.06:656][  0]LogLoad: (Engine Initialization) Total Blueprint compile time: 0.00 seconds
[2020.12.06-18.48.06:690][  0]LogAssetRegistry: Asset discovery search completed in 3.4661 seconds
[2020.12.06-18.48.06:694][  0]LogCollectionManager: Fixed up redirectors for 0 collections in 0.000002 seconds (updated 0 objects)
[2020.12.06-18.48.06:696][  0]LogContentStreaming: Texture pool size now 1000 MB
[2020.12.06-18.49.34:203][364]Candidate modules for hot reload:
[2020.12.06-18.49.34:203][364]  EscapeRoom
[2020.12.06-18.49.34:203][364]Launching UnrealBuildTool... [D:/64x/Epic Games/UE_4.25/Engine/Binaries/DotNET/UnrealBuildTool.exe  -ModuleWithSuffix=EscapeRoom,5764 EscapeRoomEditor Win64 Development -Project="F:/Unreal/Projects/EscapeRoom/EscapeRoom.uproject" "F:/Unreal/Projects/EscapeRoom/EscapeRoom.uproject"  -IgnoreJunk]
[2020.12.06-18.49.34:205][364]Warning: Starting HotReload took  0.0s.
[2020.12.06-18.49.41:400][746]CompilerResultsLog: New page: Compilation - Dec 6, 2020, 1:49:41 PM
[2020.12.06-18.49.41:400][746]CompilerResultsLog: Using 'git status' to determine working set for adaptive non-unity build (F:\Unreal\Projects).
[2020.12.06-18.49.41:400][746]CompilerResultsLog: Parsing headers for EscapeRoomEditor
[2020.12.06-18.49.41:400][746]CompilerResultsLog:   Running UnrealHeaderTool "F:\Unreal\Projects\EscapeRoom\EscapeRoom.uproject" "F:\Unreal\Projects\EscapeRoom\Intermediate\Build\Win64\EscapeRoomEditor\Development\EscapeRoomEditor.uhtmanifest" -LogCmds="loginit warning, logexit warning, logdatabase error" -Unattended -WarningsAsErrors -abslog="C:\Users\Augusto\AppData\Local\UnrealBuildTool\Log_UHT.txt" -installed
[2020.12.06-18.49.41:401][746]CompilerResultsLog: Reflection code generated for EscapeRoomEditor in 4,2847115 seconds
[2020.12.06-18.49.41:401][746]CompilerResultsLog: Building EscapeRoomEditor...
[2020.12.06-18.49.41:401][746]CompilerResultsLog: Using Visual Studio 2019 14.28.29333 toolchain (C:\Program Files (x86)\Microsoft Visual Studio\2019\Community\VC\Tools\MSVC\14.28.29333) and Windows 10.0.18362.0 SDK (C:\Program Files (x86)\Windows Kits\10).
[2020.12.06-18.49.41:401][746]CompilerResultsLog: Building 5 actions with 6 processes...
[2020.12.06-18.49.41:401][746]CompilerResultsLog:   [1/5] OpenDoor.cpp
[2020.12.06-18.49.41:401][746]CompilerResultsLog:   [2/5] OpenDoor.gen.cpp
[2020.12.06-18.49.41:401][746]CompilerResultsLog:   [3/5] UE4Editor-EscapeRoom-5764.lib
[2020.12.06-18.49.41:401][746]CompilerResultsLog:      Criando biblioteca F:\Unreal\Projects\EscapeRoom\Intermediate\Build\Win64\UE4Editor\Development\EscapeRoom\UE4Editor-EscapeRoom-5764.lib e objeto F:\Unreal\Projects\EscapeRoom\Intermediate\Build\Win64\UE4Editor\Development\EscapeRoom\UE4Editor-EscapeRoom-5764.exp
[2020.12.06-18.49.41:401][746]CompilerResultsLog:   [4/5] UE4Editor-EscapeRoom-5764.dll
[2020.12.06-18.49.41:401][746]CompilerResultsLog:      Criando biblioteca F:\Unreal\Projects\EscapeRoom\Intermediate\Build\Win64\UE4Editor\Development\EscapeRoom\UE4Editor-EscapeRoom-5764.suppressed.lib e objeto F:\Unreal\Projects\EscapeRoom\Intermediate\Build\Win64\UE4Editor\Development\EscapeRoom\UE4Editor-EscapeRoom-5764.suppressed.exp
[2020.12.06-18.49.41:401][746]CompilerResultsLog:   [5/5] EscapeRoomEditor.target
[2020.12.06-18.49.41:401][746]CompilerResultsLog: Total time in Parallel executor: 1,92 seconds
[2020.12.06-18.49.41:401][746]CompilerResultsLog: Total execution time: 6,72 seconds
[2020.12.06-18.49.41:401][746]LogMainFrame: MainFrame: Module compiling took 7.201 seconds
[2020.12.06-18.49.41:407][746]LogContentBrowser: Native class hierarchy updated for 'EscapeRoom' in 0.0004 seconds. Added 4 classes and 2 folders.
[2020.12.06-18.49.41:409][746]Display: HotReload successful (0 functions remapped  0 scriptstructs remapped)
[2020.12.06-18.49.41:443][746]LogContentBrowser: Native class hierarchy populated in 0.0073 seconds. Added 3431 classes and 823 folders.
[2020.12.06-18.49.41:443][746]Display: HotReload took  7.2s.
[2020.12.06-18.50.21:383][417]LogTemp: Repeating last play command: Selected Viewport
[2020.12.06-18.50.21:394][417]LogPlayLevel: PlayLevel: No blueprints needed recompiling
[2020.12.06-18.50.21:394][417]PIE: New page: PIE session: InitialMap (Dec 6, 2020, 1:50:21 PM)
[2020.12.06-18.50.21:395][417]LogOnline: OSS: Creating online subsystem instance for: NULL
[2020.12.06-18.50.21:396][417]LogOnline: OSS: TryLoadSubsystemAndSetDefault: Loaded subsystem for module [NULL]
[2020.12.06-18.50.21:396][417]LogPlayLevel: Creating play world package: /Game/Levels/UEDPIE_0_InitialMap
[2020.12.06-18.50.21:417][417]LogPlayLevel: PIE: StaticDuplicateObject took: (0.021145s)
[2020.12.06-18.50.21:418][417]LogAIModule: Creating AISystem for world InitialMap
[2020.12.06-18.50.21:418][417]LogAISub: UAISubsystem::UAISubsystem EnvQueryManager (000001FD9D54C600), frame # 2417
[2020.12.06-18.50.21:418][417]LogAISub: UAISubsystem::UAISubsystem AIPerceptionSystem (000001FDC56C0CC0), frame # 2417
[2020.12.06-18.50.21:419][417]LogPlayLevel: PIE: World Init took: (0.001130s)
[2020.12.06-18.50.21:419][417]LogPlayLevel: PIE: Created PIE world by copying editor world from /Game/Levels/InitialMap.InitialMap to /Game/Levels/UEDPIE_0_InitialMap.InitialMap (0.022438s)
[2020.12.06-18.50.21:427][417]LogUObjectHash: Compacting FUObjectHashTables data took   0.48ms
[2020.12.06-18.50.21:432][417]LogAudioMixer: Display: Audio Mixer Platform Settings:
[2020.12.06-18.50.21:433][417]LogAudioMixer: Display: 	Sample Rate:						  48000
[2020.12.06-18.50.21:433][417]LogAudioMixer: Display: 	Callback Buffer Frame Size Requested: 1024
[2020.12.06-18.50.21:433][417]LogAudioMixer: Display: 	Callback Buffer Frame Size To Use:	  1024
[2020.12.06-18.50.21:433][417]LogAudioMixer: Display: 	Number of buffers to queue:			  2
[2020.12.06-18.50.21:433][417]LogAudioMixer: Display: 	Max Channels (voices):				  32
[2020.12.06-18.50.21:433][417]LogAudioMixer: Display: 	Number of Async Source Workers:		  0
[2020.12.06-18.50.21:433][417]LogAudio: Display: AudioDevice MaxSources: 32
[2020.12.06-18.50.21:433][417]LogAudio: Display: Using built-in audio occlusion.
[2020.12.06-18.50.21:433][417]LogAudioMixer: Display: Initializing audio mixer.
[2020.12.06-18.50.21:435][417]LogAudioMixer: Display: 0: FrontLeft
[2020.12.06-18.50.21:435][417]LogAudioMixer: Display: 1: FrontRight
[2020.12.06-18.50.21:435][417]LogAudioMixer: Display: 2: FrontCenter
[2020.12.06-18.50.21:435][417]LogAudioMixer: Display: 3: LowFrequency
[2020.12.06-18.50.21:435][417]LogAudioMixer: Display: 4: BackLeft
[2020.12.06-18.50.21:435][417]LogAudioMixer: Display: 5: BackRight
[2020.12.06-18.50.21:450][417]LogAudioMixer: Display: Using Audio Device Alto-falantes (Realtek(R) Audio)
[2020.12.06-18.50.21:450][417]LogAudioMixer: Display: Initializing Sound Submixes...
[2020.12.06-18.50.21:450][417]LogAudioMixer: Display: Creating Master Submix 'MasterSubmixDefault'
[2020.12.06-18.50.21:450][417]LogAudioMixer: Display: Creating Master Submix 'MasterReverbSubmixDefault'
[2020.12.06-18.50.21:451][417]LogAudioMixer: Display: Creating Master Submix 'MasterEQSubmixDefault'
[2020.12.06-18.50.21:462][417]LogInit: FAudioDevice initialized.
[2020.12.06-18.50.21:474][417]LogLoad: Game class is 'BP_EscapeRoomGame_C'
[2020.12.06-18.50.21:477][417]LogWorld: Bringing World /Game/Levels/UEDPIE_0_InitialMap.InitialMap up for play (max tick rate 0) at 2020.12.06-15.50.21
[2020.12.06-18.50.21:477][417]LogWorld: Bringing up level for play took: 0.001378
[2020.12.06-18.50.21:477][417]LogOnline: OSS: Creating online subsystem instance for: :Context_1
[2020.12.06-18.50.21:494][417]LogContentBrowser: Native class hierarchy updated for 'MovieSceneCapture' in 0.0003 seconds. Added 20 classes and 0 folders.
[2020.12.06-18.50.21:495][417]LogTemp: Error: Não foi possível encontrar AudioComponent no componente 2x1_Door_and_Frame_Door_5
[2020.12.06-18.50.21:495][417]PIE: Server logged in
[2020.12.06-18.50.21:496][417]PIE: Play in editor total start time 0.104 seconds.
[2020.12.06-18.50.45:869][339]LogTemp: Warning: HIT Cone_2
[2020.12.06-18.50.52:241][986]LogWindows: Error: === Critical error: ===
[2020.12.06-18.50.52:241][986]LogWindows: Error: 
[2020.12.06-18.50.52:241][986]LogWindows: Error: Fatal error!
[2020.12.06-18.50.52:241][986]LogWindows: Error: 
[2020.12.06-18.50.52:241][986]LogWindows: Error: Unhandled Exception: EXCEPTION_ACCESS_VIOLATION reading address 0x00000000
[2020.12.06-18.50.52:241][986]LogWindows: Error: 
[2020.12.06-18.50.52:241][986]LogWindows: Error: [Callstack] 0x00007ff8990c409c UE4Editor-EscapeRoom-5764.dll!UnknownFunction [F:\Unreal\Projects\EscapeRoom\Source\EscapeRoom\OpenDoor.cpp:54]
[2020.12.06-18.50.52:241][986]LogWindows: Error: [Callstack] 0x00007ff8990c4122 UE4Editor-EscapeRoom-5764.dll!UnknownFunction [F:\Unreal\Projects\EscapeRoom\Source\EscapeRoom\OpenDoor.cpp:42]
[2020.12.06-18.50.52:241][986]LogWindows: Error: [Callstack] 0x00007ff8b9b79346 UE4Editor-Engine.dll!UnknownFunction []
[2020.12.06-18.50.52:241][986]LogWindows: Error: [Callstack] 0x00007ff8b9ba01c4 UE4Editor-Engine.dll!UnknownFunction []
[2020.12.06-18.50.52:241][986]LogWindows: Error: [Callstack] 0x00007ff8ba8b936f UE4Editor-Engine.dll!UnknownFunction []
[2020.12.06-18.50.52:242][986]LogWindows: Error: [Callstack] 0x00007ff8ba8be3c7 UE4Editor-Engine.dll!UnknownFunction []
[2020.12.06-18.50.52:242][986]LogWindows: Error: [Callstack] 0x00007ff8bc4b87d8 UE4Editor-Core.dll!UnknownFunction []
[2020.12.06-18.50.52:242][986]LogWindows: Error: [Callstack] 0x00007ff8bc4b89aa UE4Editor-Core.dll!UnknownFunction []
[2020.12.06-18.50.52:242][986]LogWindows: Error: [Callstack] 0x00007ff8bc4b8bb0 UE4Editor-Core.dll!UnknownFunction []
[2020.12.06-18.50.52:242][986]LogWindows: Error: [Callstack] 0x00007ff8ba8da217 UE4Editor-Engine.dll!UnknownFunction []
[2020.12.06-18.50.52:242][986]LogWindows: Error: [Callstack] 0x00007ff8ba8df6ca UE4Editor-Engine.dll!UnknownFunction []
[2020.12.06-18.50.52:242][986]LogWindows: Error: [Callstack] 0x00007ff8ba09d0bf UE4Editor-Engine.dll!UnknownFunction []
[2020.12.06-18.50.52:242][986]LogWindows: Error: [Callstack] 0x00007ff8ba0a809a UE4Editor-Engine.dll!UnknownFunction []
[2020.12.06-18.50.52:242][986]LogWindows: Error: [Callstack] 0x00007ff8b70aaf57 UE4Editor-UnrealEd.dll!UnknownFunction []
[2020.12.06-18.50.52:242][986]LogWindows: Error: [Callstack] 0x00007ff8b79837e6 UE4Editor-UnrealEd.dll!UnknownFunction []
[2020.12.06-18.50.52:242][986]LogWindows: Error: [Callstack] 0x00007ff6a7b67800 UE4Editor.exe!UnknownFunction []
[2020.12.06-18.50.52:242][986]LogWindows: Error: [Callstack] 0x00007ff6a7b7ba7c UE4Editor.exe!UnknownFunction []
[2020.12.06-18.50.52:242][986]LogWindows: Error: [Callstack] 0x00007ff6a7b7bb5a UE4Editor.exe!UnknownFunction []
[2020.12.06-18.50.52:242][986]LogWindows: Error: [Callstack] 0x00007ff6a7b8e31d UE4Editor.exe!UnknownFunction []
[2020.12.06-18.50.52:242][986]LogWindows: Error: [Callstack] 0x00007ff6a7b9145a UE4Editor.exe!UnknownFunction []
[2020.12.06-18.50.52:242][986]LogWindows: Error: [Callstack] 0x00007ff948f96fd4 KERNEL32.DLL!UnknownFunction []
[2020.12.06-18.50.52:242][986]LogWindows: Error: [Callstack] 0x00007ff94adbcec1 ntdll.dll!UnknownFunction []
[2020.12.06-18.50.52:242][986]LogWindows: Error: 
[2020.12.06-18.50.52:252][986]LogExit: Executing StaticShutdownAfterError
[2020.12.06-18.50.52:254][986]LogWindows: FPlatformMisc::RequestExit(1)
[2020.12.06-18.50.52:254][986]LogCore: Engine exit requested (reason: Win RequestExit)
[2020.12.06-18.50.52:257][986]Log file closed, 12/06/20 15:50:52
