Log file open, 12/06/20 13:40:17
LogInit: Display: Running engine for game: EscapeRoom
LogPlatformFile: Not using cached read wrapper
LogTaskGraph: Started task graph with 5 named threads and 20 total threads with 3 sets of task threads.
LogStats: Stats thread started at 0.247176
LogD3D11RHI: Loaded GFSDK_Aftermath_Lib.x64.dll
LogICUInternationalization: ICU TimeZone Detection - Raw Offset: -3:00, Platform Override: ''
LogPluginManager: Mounting plugin Paper2D
LogPluginManager: Mounting plugin AISupport
LogPluginManager: Mounting plugin LightPropagationVolume
LogPluginManager: Mounting plugin CameraShakePreviewer
LogPluginManager: Mounting plugin ActorLayerUtilities
LogPluginManager: Mounting plugin AnimationSharing
LogPluginManager: Mounting plugin CLionSourceCodeAccess
LogPluginManager: Mounting plugin CodeLiteSourceCodeAccess
LogPluginManager: Mounting plugin GitSourceControl
LogPluginManager: Mounting plugin KDevelopSourceCodeAccess
LogPluginManager: Mounting plugin NullSourceCodeAccess
LogPluginManager: Mounting plugin PerforceSourceControl
LogPluginManager: Mounting plugin PlasticSourceControl
LogPluginManager: Mounting plugin RiderLink
LogPluginManager: Mounting plugin RiderSourceCodeAccess
LogPluginManager: Mounting plugin SubversionSourceControl
LogPluginManager: Mounting plugin UObjectPlugin
LogPluginManager: Mounting plugin VisualStudioCodeSourceCodeAccess
LogPluginManager: Mounting plugin VisualStudioSourceCodeAccess
LogPluginManager: Mounting plugin XCodeSourceCodeAccess
LogPluginManager: Mounting plugin AssetManagerEditor
LogPluginManager: Mounting plugin CryptoKeys
LogPluginManager: Mounting plugin CurveEditorTools
LogPluginManager: Mounting plugin DataValidation
LogPluginManager: Mounting plugin EditorScriptingUtilities
LogPluginManager: Mounting plugin FacialAnimation
LogPluginManager: Mounting plugin GameplayTagsEditor
LogPluginManager: Mounting plugin GeometryMode
LogPluginManager: Mounting plugin MacGraphicsSwitching
LogPluginManager: Mounting plugin MaterialAnalyzer
LogPluginManager: Mounting plugin MobileLauncherProfileWizard
LogPluginManager: Mounting plugin PluginBrowser
LogPluginManager: Mounting plugin SpeedTreeImporter
LogPluginManager: Mounting plugin DatasmithContent
LogPluginManager: Mounting plugin VariantManagerContent
LogPluginManager: Mounting plugin AlembicImporter
LogPluginManager: Mounting plugin AutomationUtils
LogPluginManager: Mounting plugin BackChannel
LogPluginManager: Mounting plugin ChaosCloth
LogPluginManager: Mounting plugin ChaosClothEditor
LogPluginManager: Mounting plugin ChaosEditor
LogPluginManager: Mounting plugin ChaosNiagara
LogPluginManager: Mounting plugin ChaosSolverPlugin
LogPluginManager: Mounting plugin CharacterAI
LogPluginManager: Mounting plugin GeometryCache
LogPluginManager: Mounting plugin GeometryCollectionPlugin
LogPluginManager: Mounting plugin GeometryProcessing
LogPluginManager: Mounting plugin PlanarCut
LogPluginManager: Mounting plugin PlatformCrypto
LogPluginManager: Mounting plugin ProxyLODPlugin
LogPluginManager: Mounting plugin SkeletalReduction
LogPluginManager: Mounting plugin Niagara
LogPluginManager: Mounting plugin MagicLeap
LogPluginManager: Mounting plugin MagicLeapLightEstimation
LogPluginManager: Mounting plugin MagicLeapMedia
LogPluginManager: Mounting plugin MagicLeapPassableWorld
LogPluginManager: Mounting plugin MLSDK
LogPluginManager: Mounting plugin AndroidMedia
LogPluginManager: Mounting plugin AvfMedia
LogPluginManager: Mounting plugin ImgMedia
LogPluginManager: Mounting plugin MediaCompositing
LogPluginManager: Mounting plugin MediaPlayerEditor
LogPluginManager: Mounting plugin WebMMedia
LogPluginManager: Mounting plugin WmfMedia
LogPluginManager: Mounting plugin MeshPainting
LogPluginManager: Mounting plugin TcpMessaging
LogPluginManager: Mounting plugin UdpMessaging
LogPluginManager: Mounting plugin ActorSequence
LogPluginManager: Mounting plugin LevelSequenceEditor
LogPluginManager: Mounting plugin MatineeToLevelSequence
LogPluginManager: Mounting plugin MovieRenderPipeline
LogPluginManager: Mounting plugin TemplateSequence
LogPluginManager: Mounting plugin NetcodeUnitTest
LogPluginManager: Mounting plugin NUTUnrealEngine4
LogPluginManager: Mounting plugin OnlineSubsystemGooglePlay
LogPluginManager: Mounting plugin OnlineSubsystemIOS
LogPluginManager: Mounting plugin OnlineSubsystem
LogPluginManager: Mounting plugin OnlineSubsystemNull
LogPluginManager: Mounting plugin OnlineSubsystemUtils
LogPluginManager: Mounting plugin LauncherChunkInstaller
LogPluginManager: Mounting plugin AndroidDeviceProfileSelector
LogPluginManager: Mounting plugin AndroidMoviePlayer
LogPluginManager: Mounting plugin AndroidPermission
LogPluginManager: Mounting plugin AppleImageUtils
LogPluginManager: Mounting plugin AppleMoviePlayer
LogPluginManager: Mounting plugin ArchVisCharacter
LogPluginManager: Mounting plugin AssetTags
LogPluginManager: Mounting plugin AudioCapture
LogPluginManager: Mounting plugin CableComponent
LogPluginManager: Mounting plugin CustomMeshComponent
LogPluginManager: Mounting plugin EditableMesh
LogPluginManager: Mounting plugin ExampleDeviceProfileSelector
LogPluginManager: Mounting plugin GoogleCloudMessaging
LogPluginManager: Mounting plugin GooglePAD
LogPluginManager: Mounting plugin IOSDeviceProfileSelector
LogPluginManager: Mounting plugin LinuxDeviceProfileSelector
LogPluginManager: Mounting plugin LocationServicesBPLibrary
LogPluginManager: Mounting plugin MobilePatchingUtils
LogPluginManager: Mounting plugin OculusVR
LogPluginManager: Mounting plugin PhysXVehicles
LogPluginManager: Mounting plugin PostSplashScreen
LogPluginManager: Mounting plugin ProceduralMeshComponent
LogPluginManager: Mounting plugin RuntimePhysXCooking
LogPluginManager: Mounting plugin SignificanceManager
LogPluginManager: Mounting plugin SoundFields
LogPluginManager: Mounting plugin SteamVR
LogPluginManager: Mounting plugin Synthesis
LogPluginManager: Mounting plugin WebMMoviePlayer
LogPluginManager: Mounting plugin WindowsMoviePlayer
LogPluginManager: Mounting plugin ScreenshotTools
LogInit: Using libcurl 7.55.1-DEV
LogInit:  - built for x86_64-pc-win32
LogInit:  - supports SSL with OpenSSL/1.1.1
LogInit:  - supports HTTP deflate (compression) using libz 1.2.8
LogInit:  - other features:
LogInit:      CURL_VERSION_SSL
LogInit:      CURL_VERSION_LIBZ
LogInit:      CURL_VERSION_IPV6
LogInit:      CURL_VERSION_ASYNCHDNS
LogInit:      CURL_VERSION_LARGEFILE
LogInit:      CURL_VERSION_IDN
LogInit:  CurlRequestOptions (configurable via config and command line):
LogInit:  - bVerifyPeer = true  - Libcurl will verify peer certificate
LogInit:  - bUseHttpProxy = false  - Libcurl will NOT use HTTP proxy
LogInit:  - bDontReuseConnections = false  - Libcurl will reuse connections
LogInit:  - MaxHostConnections = 16  - Libcurl will limit the number of connections to a host
LogInit:  - LocalHostAddr = Default
LogInit:  - BufferSize = 65536
LogOnline: OSS: Creating online subsystem instance for: NULL
LogInit: WinSock: version 1.1 (2.2), MaxSocks=32767, MaxUdp=65467
LogOnline: OSS: TryLoadSubsystemAndSetDefault: Loaded subsystem for module [NULL]
LogInit: Build: ++UE4+Release-4.25-CL-14469661
LogInit: Engine Version: 4.25.4-14469661+++UE4+Release-4.25
LogInit: Compatible Engine Version: 4.25.0-13144385+++UE4+Release-4.25
LogInit: Net CL: 13144385
LogInit: OS: Windows 10 (Release 2004) (), CPU: Intel(R) Core(TM) i5-9600K CPU @ 3.70GHz, GPU: NVIDIA GeForce GTX 1660 SUPER
LogInit: Compiled (64-bit): Oct 11 2020 08:10:49
LogInit: Compiled with Visual C++: 19.24.28315.00
LogInit: Build Configuration: Development
LogInit: Branch Name: ++UE4+Release-4.25
LogInit: Command Line: 
LogInit: Base Directory: D:/64x/Epic Games/UE_4.25/Engine/Binaries/Win64/
LogInit: Allocator: TBB
LogInit: Installed Engine Build: 1
LogDevObjectVersion: Number of dev versions registered: 26
LogDevObjectVersion:   Dev-Blueprints (B0D832E4-1F89-4F0D-ACCF-7EB736FD4AA2): 10
LogDevObjectVersion:   Dev-Build (E1C64328-A22C-4D53-A36C-8E866417BD8C): 0
LogDevObjectVersion:   Dev-Core (375EC13C-06E4-48FB-B500-84F0262A717E): 4
LogDevObjectVersion:   Dev-Editor (E4B068ED-F494-42E9-A231-DA0B2E46BB41): 38
LogDevObjectVersion:   Dev-Framework (CFFC743F-43B0-4480-9391-14DF171D2073): 37
LogDevObjectVersion:   Dev-Mobile (B02B49B5-BB20-44E9-A304-32B752E40360): 2
LogDevObjectVersion:   Dev-Networking (A4E4105C-59A1-49B5-A7C5-40C4547EDFEE): 0
LogDevObjectVersion:   Dev-Online (39C831C9-5AE6-47DC-9A44-9C173E1C8E7C): 0
LogDevObjectVersion:   Dev-Physics (78F01B33-EBEA-4F98-B9B4-84EACCB95AA2): 4
LogDevObjectVersion:   Dev-Platform (6631380F-2D4D-43E0-8009-CF276956A95A): 0
LogDevObjectVersion:   Dev-Rendering (12F88B9F-8875-4AFC-A67C-D90C383ABD29): 43
LogDevObjectVersion:   Dev-Sequencer (7B5AE74C-D270-4C10-A958-57980B212A5A): 12
LogDevObjectVersion:   Dev-VR (D7296918-1DD6-4BDD-9DE2-64A83CC13884): 3
LogDevObjectVersion:   Dev-LoadTimes (C2A15278-BFE7-4AFE-6C17-90FF531DF755): 1
LogDevObjectVersion:   Private-Geometry (6EACA3D4-40EC-4CC1-B786-8BED09428FC5): 3
LogDevObjectVersion:   Dev-AnimPhys (29E575DD-E0A3-4627-9D10-D276232CDCEA): 17
LogDevObjectVersion:   Dev-Anim (AF43A65D-7FD3-4947-9873-3E8ED9C1BB05): 7
LogDevObjectVersion:   Dev-ReflectionCapture (6B266CEC-1EC7-4B8F-A30B-E4D90942FC07): 1
LogDevObjectVersion:   Dev-Automation (0DF73D61-A23F-47EA-B727-89E90C41499A): 1
LogDevObjectVersion:   FortniteMain (601D1886-AC64-4F84-AA16-D3DE0DEAC7D6): 31
LogDevObjectVersion:   Dev-Enterprise (9DFFBCD6-494F-0158-E221-12823C92A888): 10
LogDevObjectVersion:   Dev-Niagara (F2AED0AC-9AFE-416F-8664-AA7FFA26D6FC): 1
LogDevObjectVersion:   Dev-Destruction (174F1F0B-B4C6-45A5-B13F-2EE8D0FB917D): 10
LogDevObjectVersion:   Dev-Physics-Ext (35F94A83-E258-406C-A318-09F59610247C): 37
LogDevObjectVersion:   Dev-PhysicsMaterial-Chaos (B68FC16E-8B1B-42E2-B453-215C058844FE): 1
LogDevObjectVersion:   Dev-CineCamera (B2E18506-4273-CFC2-A54E-F4BB758BBA07): 1
LogInit: Presizing for max 25165824 objects, including 0 objects not considered by GC, pre-allocating 0 bytes for permanent pool.
LogConfig: Applying CVar settings from Section [/Script/Engine.StreamingSettings] File [F:/Unreal/Projects/EscapeRoom/Saved/Config/Windows/Engine.ini]
LogConfig: Setting CVar [[s.MinBulkDataSizeForAsyncLoading:131072]]
LogConfig: Setting CVar [[s.AsyncLoadingThreadEnabled:0]]
LogConfig: Setting CVar [[s.EventDrivenLoaderEnabled:1]]
LogConfig: Setting CVar [[s.WarnIfTimeLimitExceeded:0]]
LogConfig: Setting CVar [[s.TimeLimitExceededMultiplier:1.5]]
LogConfig: Setting CVar [[s.TimeLimitExceededMinTime:0.005]]
LogConfig: Setting CVar [[s.UseBackgroundLevelStreaming:1]]
LogConfig: Setting CVar [[s.PriorityAsyncLoadingExtraTime:15.0]]
LogConfig: Setting CVar [[s.LevelStreamingActorsUpdateTimeLimit:5.0]]
LogConfig: Setting CVar [[s.PriorityLevelStreamingActorsUpdateExtraTime:5.0]]
LogConfig: Setting CVar [[s.LevelStreamingComponentsRegistrationGranularity:10]]
LogConfig: Setting CVar [[s.UnregisterComponentsTimeLimit:1.0]]
LogConfig: Setting CVar [[s.LevelStreamingComponentsUnregistrationGranularity:5]]
LogConfig: Setting CVar [[s.FlushStreamingOnExit:1]]
LogInit: Object subsystem initialized
LogConfig: Setting CVar [[con.DebugEarlyDefault:1]]
LogConfig: Setting CVar [[r.setres:1280x720]]
[2020.12.06-16.40.17:369][  0]LogConfig: Setting CVar [[r.VSync:0]]
[2020.12.06-16.40.17:369][  0]LogConfig: Setting CVar [[r.RHICmdBypass:0]]
[2020.12.06-16.40.17:369][  0]LogConfig: Applying CVar settings from Section [/Script/Engine.RendererSettings] File [F:/Unreal/Projects/EscapeRoom/Saved/Config/Windows/Engine.ini]
[2020.12.06-16.40.17:369][  0]LogConfig: Setting CVar [[r.GPUCrashDebugging:0]]
[2020.12.06-16.40.17:369][  0]LogConfig: Applying CVar settings from Section [/Script/Engine.RendererOverrideSettings] File [F:/Unreal/Projects/EscapeRoom/Saved/Config/Windows/Engine.ini]
[2020.12.06-16.40.17:369][  0]LogConfig: Applying CVar settings from Section [/Script/Engine.StreamingSettings] File [F:/Unreal/Projects/EscapeRoom/Saved/Config/Windows/Engine.ini]
[2020.12.06-16.40.17:369][  0]LogConfig: Setting CVar [[s.MinBulkDataSizeForAsyncLoading:131072]]
[2020.12.06-16.40.17:369][  0]LogConfig: Setting CVar [[s.AsyncLoadingThreadEnabled:0]]
[2020.12.06-16.40.17:369][  0]LogConfig: Setting CVar [[s.EventDrivenLoaderEnabled:1]]
[2020.12.06-16.40.17:369][  0]LogConfig: Setting CVar [[s.WarnIfTimeLimitExceeded:0]]
[2020.12.06-16.40.17:369][  0]LogConfig: Setting CVar [[s.TimeLimitExceededMultiplier:1.5]]
[2020.12.06-16.40.17:369][  0]LogConfig: Setting CVar [[s.TimeLimitExceededMinTime:0.005]]
[2020.12.06-16.40.17:369][  0]LogConfig: Setting CVar [[s.UseBackgroundLevelStreaming:1]]
[2020.12.06-16.40.17:369][  0]LogConfig: Setting CVar [[s.PriorityAsyncLoadingExtraTime:15.0]]
[2020.12.06-16.40.17:369][  0]LogConfig: Setting CVar [[s.LevelStreamingActorsUpdateTimeLimit:5.0]]
[2020.12.06-16.40.17:369][  0]LogConfig: Setting CVar [[s.PriorityLevelStreamingActorsUpdateExtraTime:5.0]]
[2020.12.06-16.40.17:369][  0]LogConfig: Setting CVar [[s.LevelStreamingComponentsRegistrationGranularity:10]]
[2020.12.06-16.40.17:369][  0]LogConfig: Setting CVar [[s.UnregisterComponentsTimeLimit:1.0]]
[2020.12.06-16.40.17:369][  0]LogConfig: Setting CVar [[s.LevelStreamingComponentsUnregistrationGranularity:5]]
[2020.12.06-16.40.17:369][  0]LogConfig: Setting CVar [[s.FlushStreamingOnExit:1]]
[2020.12.06-16.40.17:369][  0]LogConfig: Applying CVar settings from Section [/Script/Engine.GarbageCollectionSettings] File [F:/Unreal/Projects/EscapeRoom/Saved/Config/Windows/Engine.ini]
[2020.12.06-16.40.17:369][  0]LogConfig: Setting CVar [[gc.MaxObjectsNotConsideredByGC:1]]
[2020.12.06-16.40.17:369][  0]LogConfig: Setting CVar [[gc.SizeOfPermanentObjectPool:0]]
[2020.12.06-16.40.17:369][  0]LogConfig: Setting CVar [[gc.FlushStreamingOnGC:0]]
[2020.12.06-16.40.17:369][  0]LogConfig: Setting CVar [[gc.NumRetriesBeforeForcingGC:10]]
[2020.12.06-16.40.17:369][  0]LogConfig: Setting CVar [[gc.AllowParallelGC:1]]
[2020.12.06-16.40.17:369][  0]LogConfig: Setting CVar [[gc.TimeBetweenPurgingPendingKillObjects:61.1]]
[2020.12.06-16.40.17:369][  0]LogConfig: Setting CVar [[gc.MaxObjectsInEditor:25165824]]
[2020.12.06-16.40.17:369][  0]LogConfig: Setting CVar [[gc.IncrementalBeginDestroyEnabled:1]]
[2020.12.06-16.40.17:369][  0]LogConfig: Setting CVar [[gc.CreateGCClusters:1]]
[2020.12.06-16.40.17:369][  0]LogConfig: Setting CVar [[gc.MinGCClusterSize:5]]
[2020.12.06-16.40.17:369][  0]LogConfig: Setting CVar [[gc.ActorClusteringEnabled:0]]
[2020.12.06-16.40.17:369][  0]LogConfig: Setting CVar [[gc.BlueprintClusteringEnabled:0]]
[2020.12.06-16.40.17:369][  0]LogConfig: Setting CVar [[gc.UseDisregardForGCOnDedicatedServers:0]]
[2020.12.06-16.40.17:369][  0]LogConfig: Applying CVar settings from Section [/Script/Engine.NetworkSettings] File [F:/Unreal/Projects/EscapeRoom/Saved/Config/Windows/Engine.ini]
[2020.12.06-16.40.17:369][  0]LogConfig: Applying CVar settings from Section [/Script/UnrealEd.CookerSettings] File [F:/Unreal/Projects/EscapeRoom/Saved/Config/Windows/Engine.ini]
[2020.12.06-16.40.17:372][  0]LogConfig: Applying CVar settings from Section [ViewDistanceQuality@3] File [F:/Unreal/Projects/EscapeRoom/Saved/Config/Windows/Scalability.ini]
[2020.12.06-16.40.17:372][  0]LogConfig: Setting CVar [[r.SkeletalMeshLODBias:0]]
[2020.12.06-16.40.17:372][  0]LogConfig: Setting CVar [[r.ViewDistanceScale:1.0]]
[2020.12.06-16.40.17:372][  0]LogConfig: Applying CVar settings from Section [AntiAliasingQuality@3] File [F:/Unreal/Projects/EscapeRoom/Saved/Config/Windows/Scalability.ini]
[2020.12.06-16.40.17:372][  0]LogConfig: Setting CVar [[r.PostProcessAAQuality:4]]
[2020.12.06-16.40.17:372][  0]LogConfig: Applying CVar settings from Section [ShadowQuality@3] File [F:/Unreal/Projects/EscapeRoom/Saved/Config/Windows/Scalability.ini]
[2020.12.06-16.40.17:373][  0]LogConfig: Setting CVar [[r.LightFunctionQuality:1]]
[2020.12.06-16.40.17:373][  0]LogConfig: Setting CVar [[r.ShadowQuality:5]]
[2020.12.06-16.40.17:373][  0]LogConfig: Setting CVar [[r.Shadow.CSM.MaxCascades:10]]
[2020.12.06-16.40.17:373][  0]LogConfig: Setting CVar [[r.Shadow.MaxResolution:2048]]
[2020.12.06-16.40.17:373][  0]LogConfig: Setting CVar [[r.Shadow.MaxCSMResolution:2048]]
[2020.12.06-16.40.17:373][  0]LogConfig: Setting CVar [[r.Shadow.RadiusThreshold:0.01]]
[2020.12.06-16.40.17:373][  0]LogConfig: Setting CVar [[r.Shadow.DistanceScale:1.0]]
[2020.12.06-16.40.17:373][  0]LogConfig: Setting CVar [[r.Shadow.CSM.TransitionScale:1.0]]
[2020.12.06-16.40.17:373][  0]LogConfig: Setting CVar [[r.Shadow.PreShadowResolutionFactor:1.0]]
[2020.12.06-16.40.17:373][  0]LogConfig: Setting CVar [[r.DistanceFieldShadowing:1]]
[2020.12.06-16.40.17:373][  0]LogConfig: Setting CVar [[r.DistanceFieldAO:1]]
[2020.12.06-16.40.17:373][  0]LogConfig: Setting CVar [[r.AOQuality:2]]
[2020.12.06-16.40.17:373][  0]LogConfig: Setting CVar [[r.VolumetricFog:1]]
[2020.12.06-16.40.17:373][  0]LogConfig: Setting CVar [[r.VolumetricFog.GridPixelSize:8]]
[2020.12.06-16.40.17:373][  0]LogConfig: Setting CVar [[r.VolumetricFog.GridSizeZ:128]]
[2020.12.06-16.40.17:373][  0]LogConfig: Setting CVar [[r.VolumetricFog.HistoryMissSupersampleCount:4]]
[2020.12.06-16.40.17:373][  0]LogConfig: Setting CVar [[r.LightMaxDrawDistanceScale:1]]
[2020.12.06-16.40.17:373][  0]LogConfig: Setting CVar [[r.CapsuleShadows:1]]
[2020.12.06-16.40.17:373][  0]LogConfig: Applying CVar settings from Section [PostProcessQuality@3] File [F:/Unreal/Projects/EscapeRoom/Saved/Config/Windows/Scalability.ini]
[2020.12.06-16.40.17:373][  0]LogConfig: Setting CVar [[r.MotionBlurQuality:4]]
[2020.12.06-16.40.17:373][  0]LogConfig: Setting CVar [[r.AmbientOcclusionMipLevelFactor:0.4]]
[2020.12.06-16.40.17:373][  0]LogConfig: Setting CVar [[r.AmbientOcclusionMaxQuality:100]]
[2020.12.06-16.40.17:373][  0]LogConfig: Setting CVar [[r.AmbientOcclusionLevels:-1]]
[2020.12.06-16.40.17:373][  0]LogConfig: Setting CVar [[r.AmbientOcclusionRadiusScale:1.0]]
[2020.12.06-16.40.17:373][  0]LogConfig: Setting CVar [[r.DepthOfFieldQuality:2]]
[2020.12.06-16.40.17:373][  0]LogConfig: Setting CVar [[r.RenderTargetPoolMin:400]]
[2020.12.06-16.40.17:373][  0]LogConfig: Setting CVar [[r.LensFlareQuality:2]]
[2020.12.06-16.40.17:373][  0]LogConfig: Setting CVar [[r.SceneColorFringeQuality:1]]
[2020.12.06-16.40.17:373][  0]LogConfig: Setting CVar [[r.EyeAdaptationQuality:2]]
[2020.12.06-16.40.17:373][  0]LogConfig: Setting CVar [[r.BloomQuality:5]]
[2020.12.06-16.40.17:373][  0]LogConfig: Setting CVar [[r.FastBlurThreshold:100]]
[2020.12.06-16.40.17:373][  0]LogConfig: Setting CVar [[r.Upscale.Quality:3]]
[2020.12.06-16.40.17:373][  0]LogConfig: Setting CVar [[r.Tonemapper.GrainQuantization:1]]
[2020.12.06-16.40.17:373][  0]LogConfig: Setting CVar [[r.LightShaftQuality:1]]
[2020.12.06-16.40.17:373][  0]LogConfig: Setting CVar [[r.Filter.SizeScale:1]]
[2020.12.06-16.40.17:373][  0]LogConfig: Setting CVar [[r.Tonemapper.Quality:5]]
[2020.12.06-16.40.17:373][  0]LogConfig: Setting CVar [[r.DOF.Gather.AccumulatorQuality:1        ; higher gathering accumulator quality]]
[2020.12.06-16.40.17:373][  0]LogConfig: Setting CVar [[r.DOF.Gather.PostfilterMethod:1          ; Median3x3 postfilering method]]
[2020.12.06-16.40.17:373][  0]LogConfig: Setting CVar [[r.DOF.Gather.EnableBokehSettings:0       ; no bokeh simulation when gathering]]
[2020.12.06-16.40.17:373][  0]LogConfig: Setting CVar [[r.DOF.Gather.RingCount:4                 ; medium number of samples when gathering]]
[2020.12.06-16.40.17:373][  0]LogConfig: Setting CVar [[r.DOF.Scatter.ForegroundCompositing:1    ; additive foreground scattering]]
[2020.12.06-16.40.17:373][  0]LogConfig: Setting CVar [[r.DOF.Scatter.BackgroundCompositing:2    ; additive background scattering]]
[2020.12.06-16.40.17:373][  0]LogConfig: Setting CVar [[r.DOF.Scatter.EnableBokehSettings:1      ; bokeh simulation when scattering]]
[2020.12.06-16.40.17:373][  0]LogConfig: Setting CVar [[r.DOF.Scatter.MaxSpriteRatio:0.1         ; only a maximum of 10% of scattered bokeh]]
[2020.12.06-16.40.17:373][  0]LogConfig: Setting CVar [[r.DOF.Recombine.Quality:1                ; cheap slight out of focus]]
[2020.12.06-16.40.17:373][  0]LogConfig: Setting CVar [[r.DOF.Recombine.EnableBokehSettings:0    ; no bokeh simulation on slight out of focus]]
[2020.12.06-16.40.17:373][  0]LogConfig: Setting CVar [[r.DOF.TemporalAAQuality:1                ; more stable temporal accumulation]]
[2020.12.06-16.40.17:373][  0]LogConfig: Setting CVar [[r.DOF.Kernel.MaxForegroundRadius:0.025]]
[2020.12.06-16.40.17:373][  0]LogConfig: Setting CVar [[r.DOF.Kernel.MaxBackgroundRadius:0.025]]
[2020.12.06-16.40.17:373][  0]LogConfig: Applying CVar settings from Section [TextureQuality@3] File [F:/Unreal/Projects/EscapeRoom/Saved/Config/Windows/Scalability.ini]
[2020.12.06-16.40.17:373][  0]LogConfig: Setting CVar [[r.Streaming.MipBias:0]]
[2020.12.06-16.40.17:373][  0]LogConfig: Setting CVar [[r.Streaming.AmortizeCPUToGPUCopy:0]]
[2020.12.06-16.40.17:373][  0]LogConfig: Setting CVar [[r.Streaming.MaxNumTexturesToStreamPerFrame:0]]
[2020.12.06-16.40.17:373][  0]LogConfig: Setting CVar [[r.Streaming.Boost:1]]
[2020.12.06-16.40.17:373][  0]LogConfig: Setting CVar [[r.MaxAnisotropy:8]]
[2020.12.06-16.40.17:373][  0]LogConfig: Setting CVar [[r.VT.MaxAnisotropy:8]]
[2020.12.06-16.40.17:373][  0]LogConfig: Setting CVar [[r.Streaming.LimitPoolSizeToVRAM:0]]
[2020.12.06-16.40.17:373][  0]LogConfig: Setting CVar [[r.Streaming.PoolSize:1000]]
[2020.12.06-16.40.17:373][  0]LogConfig: Setting CVar [[r.Streaming.MaxEffectiveScreenSize:0]]
[2020.12.06-16.40.17:373][  0]LogConfig: Applying CVar settings from Section [EffectsQuality@3] File [F:/Unreal/Projects/EscapeRoom/Saved/Config/Windows/Scalability.ini]
[2020.12.06-16.40.17:373][  0]LogConfig: Setting CVar [[r.TranslucencyLightingVolumeDim:64]]
[2020.12.06-16.40.17:373][  0]LogConfig: Setting CVar [[r.RefractionQuality:2]]
[2020.12.06-16.40.17:373][  0]LogConfig: Setting CVar [[r.SSR.Quality:3]]
[2020.12.06-16.40.17:373][  0]LogConfig: Setting CVar [[r.SSR.HalfResSceneColor:0]]
[2020.12.06-16.40.17:373][  0]LogConfig: Setting CVar [[r.SceneColorFormat:4]]
[2020.12.06-16.40.17:373][  0]LogConfig: Setting CVar [[r.DetailMode:2]]
[2020.12.06-16.40.17:373][  0]LogConfig: Setting CVar [[r.TranslucencyVolumeBlur:1]]
[2020.12.06-16.40.17:373][  0]LogConfig: Setting CVar [[r.MaterialQualityLevel:1 ; High quality]]
[2020.12.06-16.40.17:373][  0]LogConfig: Setting CVar [[r.SSS.Scale:1]]
[2020.12.06-16.40.17:373][  0]LogConfig: Setting CVar [[r.SSS.SampleSet:2]]
[2020.12.06-16.40.17:373][  0]LogConfig: Setting CVar [[r.SSS.Quality:1]]
[2020.12.06-16.40.17:373][  0]LogConfig: Setting CVar [[r.SSS.HalfRes:0]]
[2020.12.06-16.40.17:373][  0]LogConfig: Setting CVar [[r.SSGI.Quality:3]]
[2020.12.06-16.40.17:373][  0]LogConfig: Setting CVar [[r.EmitterSpawnRateScale:1.0]]
[2020.12.06-16.40.17:373][  0]LogConfig: Setting CVar [[r.ParticleLightQuality:2]]
[2020.12.06-16.40.17:373][  0]LogConfig: Setting CVar [[r.SkyAtmosphere.AerialPerspectiveLUT.FastApplyOnOpaque:1 ; Always have FastSkyLUT 1 in this case to avoid wrong sky]]
[2020.12.06-16.40.17:373][  0]LogConfig: Setting CVar [[r.SkyAtmosphere.AerialPerspectiveLUT.SampleCountPerSlice:1]]
[2020.12.06-16.40.17:373][  0]LogConfig: Setting CVar [[r.SkyAtmosphere.AerialPerspectiveLUT.DepthResolution:16.0]]
[2020.12.06-16.40.17:373][  0]LogConfig: Setting CVar [[r.SkyAtmosphere.FastSkyLUT:1]]
[2020.12.06-16.40.17:373][  0]LogConfig: Setting CVar [[r.SkyAtmosphere.FastSkyLUT.SampleCountMin:4.0]]
[2020.12.06-16.40.17:373][  0]LogConfig: Setting CVar [[r.SkyAtmosphere.FastSkyLUT.SampleCountMax:32.0]]
[2020.12.06-16.40.17:373][  0]LogConfig: Setting CVar [[r.SkyAtmosphere.SampleCountMin:4.0]]
[2020.12.06-16.40.17:373][  0]LogConfig: Setting CVar [[r.SkyAtmosphere.SampleCountMax:32.0]]
[2020.12.06-16.40.17:373][  0]LogConfig: Setting CVar [[r.SkyAtmosphere.TransmittanceLUT.UseSmallFormat:0]]
[2020.12.06-16.40.17:373][  0]LogConfig: Setting CVar [[r.SkyAtmosphere.TransmittanceLUT.SampleCount:10.0]]
[2020.12.06-16.40.17:373][  0]LogConfig: Setting CVar [[r.SkyAtmosphere.MultiScatteringLUT.SampleCount:15.0]]
[2020.12.06-16.40.17:373][  0]LogConfig: Applying CVar settings from Section [FoliageQuality@3] File [F:/Unreal/Projects/EscapeRoom/Saved/Config/Windows/Scalability.ini]
[2020.12.06-16.40.17:373][  0]LogConfig: Setting CVar [[foliage.DensityScale:1.0]]
[2020.12.06-16.40.17:373][  0]LogConfig: Setting CVar [[grass.DensityScale:1.0]]
[2020.12.06-16.40.17:373][  0]LogConfig: Applying CVar settings from Section [ShadingQuality@3] File [F:/Unreal/Projects/EscapeRoom/Saved/Config/Windows/Scalability.ini]
[2020.12.06-16.40.17:373][  0]LogConfig: Setting CVar [[r.HairStrands.SkyLighting.SampleCount:16]]
[2020.12.06-16.40.17:373][  0]LogConfig: Setting CVar [[r.HairStrands.SkyLighting.JitterIntegration:0]]
[2020.12.06-16.40.17:373][  0]LogConfig: Setting CVar [[r.HairStrands.SkyAO.SampleCount:16]]
[2020.12.06-16.40.17:373][  0]LogConfig: Setting CVar [[r.HairStrands.DeepShadow.SuperSampling:0]]
[2020.12.06-16.40.17:373][  0]LogConfig: Setting CVar [[r.HairStrands.VisibilityPPLL:0]]
[2020.12.06-16.40.17:373][  0]LogConfig: Setting CVar [[r.HairStrands.RasterizationScale:0.5]]
[2020.12.06-16.40.17:373][  0]LogConfig: Setting CVar [[r.HairStrands.VelocityRasterizationScale:1]]
[2020.12.06-16.40.17:373][  0]LogInit: Selected Device Profile: [Windows]
[2020.12.06-16.40.17:373][  0]LogInit: Applying CVar settings loaded from the selected device profile: [Windows]
[2020.12.06-16.40.17:373][  0]LogHAL: Display: Platform has ~ 32 GB [34295877632 / 34359738368 / 32], which maps to Largest [LargestMinGB=32, LargerMinGB=12, DefaultMinGB=8, SmallerMinGB=6, SmallestMinGB=0)
[2020.12.06-16.40.17:374][  0]LogInit: Going up to parent DeviceProfile []
[2020.12.06-16.40.17:374][  0]LogConfig: Applying CVar settings from Section [ViewDistanceQuality@3] File [F:/Unreal/Projects/EscapeRoom/Saved/Config/Windows/Scalability.ini]
[2020.12.06-16.40.17:374][  0]LogConfig: Setting CVar [[r.SkeletalMeshLODBias:0]]
[2020.12.06-16.40.17:374][  0]LogConfig: Setting CVar [[r.ViewDistanceScale:1.0]]
[2020.12.06-16.40.17:374][  0]LogConfig: Applying CVar settings from Section [AntiAliasingQuality@3] File [F:/Unreal/Projects/EscapeRoom/Saved/Config/Windows/Scalability.ini]
[2020.12.06-16.40.17:374][  0]LogConfig: Setting CVar [[r.PostProcessAAQuality:4]]
[2020.12.06-16.40.17:374][  0]LogConfig: Applying CVar settings from Section [ShadowQuality@3] File [F:/Unreal/Projects/EscapeRoom/Saved/Config/Windows/Scalability.ini]
[2020.12.06-16.40.17:374][  0]LogConfig: Setting CVar [[r.LightFunctionQuality:1]]
[2020.12.06-16.40.17:374][  0]LogConfig: Setting CVar [[r.ShadowQuality:5]]
[2020.12.06-16.40.17:374][  0]LogConfig: Setting CVar [[r.Shadow.CSM.MaxCascades:10]]
[2020.12.06-16.40.17:374][  0]LogConfig: Setting CVar [[r.Shadow.MaxResolution:2048]]
[2020.12.06-16.40.17:374][  0]LogConfig: Setting CVar [[r.Shadow.MaxCSMResolution:2048]]
[2020.12.06-16.40.17:374][  0]LogConfig: Setting CVar [[r.Shadow.RadiusThreshold:0.01]]
[2020.12.06-16.40.17:374][  0]LogConfig: Setting CVar [[r.Shadow.DistanceScale:1.0]]
[2020.12.06-16.40.17:374][  0]LogConfig: Setting CVar [[r.Shadow.CSM.TransitionScale:1.0]]
[2020.12.06-16.40.17:374][  0]LogConfig: Setting CVar [[r.Shadow.PreShadowResolutionFactor:1.0]]
[2020.12.06-16.40.17:374][  0]LogConfig: Setting CVar [[r.DistanceFieldShadowing:1]]
[2020.12.06-16.40.17:374][  0]LogConfig: Setting CVar [[r.DistanceFieldAO:1]]
[2020.12.06-16.40.17:374][  0]LogConfig: Setting CVar [[r.AOQuality:2]]
[2020.12.06-16.40.17:374][  0]LogConfig: Setting CVar [[r.VolumetricFog:1]]
[2020.12.06-16.40.17:374][  0]LogConfig: Setting CVar [[r.VolumetricFog.GridPixelSize:8]]
[2020.12.06-16.40.17:374][  0]LogConfig: Setting CVar [[r.VolumetricFog.GridSizeZ:128]]
[2020.12.06-16.40.17:374][  0]LogConfig: Setting CVar [[r.VolumetricFog.HistoryMissSupersampleCount:4]]
[2020.12.06-16.40.17:374][  0]LogConfig: Setting CVar [[r.LightMaxDrawDistanceScale:1]]
[2020.12.06-16.40.17:374][  0]LogConfig: Setting CVar [[r.CapsuleShadows:1]]
[2020.12.06-16.40.17:374][  0]LogConfig: Applying CVar settings from Section [PostProcessQuality@3] File [F:/Unreal/Projects/EscapeRoom/Saved/Config/Windows/Scalability.ini]
[2020.12.06-16.40.17:374][  0]LogConfig: Setting CVar [[r.MotionBlurQuality:4]]
[2020.12.06-16.40.17:374][  0]LogConfig: Setting CVar [[r.AmbientOcclusionMipLevelFactor:0.4]]
[2020.12.06-16.40.17:374][  0]LogConfig: Setting CVar [[r.AmbientOcclusionMaxQuality:100]]
[2020.12.06-16.40.17:374][  0]LogConfig: Setting CVar [[r.AmbientOcclusionLevels:-1]]
[2020.12.06-16.40.17:374][  0]LogConfig: Setting CVar [[r.AmbientOcclusionRadiusScale:1.0]]
[2020.12.06-16.40.17:374][  0]LogConfig: Setting CVar [[r.DepthOfFieldQuality:2]]
[2020.12.06-16.40.17:374][  0]LogConfig: Setting CVar [[r.RenderTargetPoolMin:400]]
[2020.12.06-16.40.17:374][  0]LogConfig: Setting CVar [[r.LensFlareQuality:2]]
[2020.12.06-16.40.17:374][  0]LogConfig: Setting CVar [[r.SceneColorFringeQuality:1]]
[2020.12.06-16.40.17:374][  0]LogConfig: Setting CVar [[r.EyeAdaptationQuality:2]]
[2020.12.06-16.40.17:374][  0]LogConfig: Setting CVar [[r.BloomQuality:5]]
[2020.12.06-16.40.17:374][  0]LogConfig: Setting CVar [[r.FastBlurThreshold:100]]
[2020.12.06-16.40.17:374][  0]LogConfig: Setting CVar [[r.Upscale.Quality:3]]
[2020.12.06-16.40.17:374][  0]LogConfig: Setting CVar [[r.Tonemapper.GrainQuantization:1]]
[2020.12.06-16.40.17:374][  0]LogConfig: Setting CVar [[r.LightShaftQuality:1]]
[2020.12.06-16.40.17:374][  0]LogConfig: Setting CVar [[r.Filter.SizeScale:1]]
[2020.12.06-16.40.17:374][  0]LogConfig: Setting CVar [[r.Tonemapper.Quality:5]]
[2020.12.06-16.40.17:374][  0]LogConfig: Setting CVar [[r.DOF.Gather.AccumulatorQuality:1        ; higher gathering accumulator quality]]
[2020.12.06-16.40.17:374][  0]LogConfig: Setting CVar [[r.DOF.Gather.PostfilterMethod:1          ; Median3x3 postfilering method]]
[2020.12.06-16.40.17:374][  0]LogConfig: Setting CVar [[r.DOF.Gather.EnableBokehSettings:0       ; no bokeh simulation when gathering]]
[2020.12.06-16.40.17:374][  0]LogConfig: Setting CVar [[r.DOF.Gather.RingCount:4                 ; medium number of samples when gathering]]
[2020.12.06-16.40.17:374][  0]LogConfig: Setting CVar [[r.DOF.Scatter.ForegroundCompositing:1    ; additive foreground scattering]]
[2020.12.06-16.40.17:374][  0]LogConfig: Setting CVar [[r.DOF.Scatter.BackgroundCompositing:2    ; additive background scattering]]
[2020.12.06-16.40.17:374][  0]LogConfig: Setting CVar [[r.DOF.Scatter.EnableBokehSettings:1      ; bokeh simulation when scattering]]
[2020.12.06-16.40.17:374][  0]LogConfig: Setting CVar [[r.DOF.Scatter.MaxSpriteRatio:0.1         ; only a maximum of 10% of scattered bokeh]]
[2020.12.06-16.40.17:374][  0]LogConfig: Setting CVar [[r.DOF.Recombine.Quality:1                ; cheap slight out of focus]]
[2020.12.06-16.40.17:374][  0]LogConfig: Setting CVar [[r.DOF.Recombine.EnableBokehSettings:0    ; no bokeh simulation on slight out of focus]]
[2020.12.06-16.40.17:374][  0]LogConfig: Setting CVar [[r.DOF.TemporalAAQuality:1                ; more stable temporal accumulation]]
[2020.12.06-16.40.17:374][  0]LogConfig: Setting CVar [[r.DOF.Kernel.MaxForegroundRadius:0.025]]
[2020.12.06-16.40.17:374][  0]LogConfig: Setting CVar [[r.DOF.Kernel.MaxBackgroundRadius:0.025]]
[2020.12.06-16.40.17:374][  0]LogConfig: Applying CVar settings from Section [TextureQuality@3] File [F:/Unreal/Projects/EscapeRoom/Saved/Config/Windows/Scalability.ini]
[2020.12.06-16.40.17:374][  0]LogConfig: Setting CVar [[r.Streaming.MipBias:0]]
[2020.12.06-16.40.17:374][  0]LogConfig: Setting CVar [[r.Streaming.AmortizeCPUToGPUCopy:0]]
[2020.12.06-16.40.17:374][  0]LogConfig: Setting CVar [[r.Streaming.MaxNumTexturesToStreamPerFrame:0]]
[2020.12.06-16.40.17:374][  0]LogConfig: Setting CVar [[r.Streaming.Boost:1]]
[2020.12.06-16.40.17:374][  0]LogConfig: Setting CVar [[r.MaxAnisotropy:8]]
[2020.12.06-16.40.17:374][  0]LogConfig: Setting CVar [[r.VT.MaxAnisotropy:8]]
[2020.12.06-16.40.17:374][  0]LogConfig: Setting CVar [[r.Streaming.LimitPoolSizeToVRAM:0]]
[2020.12.06-16.40.17:374][  0]LogConfig: Setting CVar [[r.Streaming.PoolSize:1000]]
[2020.12.06-16.40.17:374][  0]LogConfig: Setting CVar [[r.Streaming.MaxEffectiveScreenSize:0]]
[2020.12.06-16.40.17:374][  0]LogConfig: Applying CVar settings from Section [EffectsQuality@3] File [F:/Unreal/Projects/EscapeRoom/Saved/Config/Windows/Scalability.ini]
[2020.12.06-16.40.17:374][  0]LogConfig: Setting CVar [[r.TranslucencyLightingVolumeDim:64]]
[2020.12.06-16.40.17:374][  0]LogConfig: Setting CVar [[r.RefractionQuality:2]]
[2020.12.06-16.40.17:374][  0]LogConfig: Setting CVar [[r.SSR.Quality:3]]
[2020.12.06-16.40.17:374][  0]LogConfig: Setting CVar [[r.SSR.HalfResSceneColor:0]]
[2020.12.06-16.40.17:374][  0]LogConfig: Setting CVar [[r.SceneColorFormat:4]]
[2020.12.06-16.40.17:374][  0]LogConfig: Setting CVar [[r.DetailMode:2]]
[2020.12.06-16.40.17:374][  0]LogConfig: Setting CVar [[r.TranslucencyVolumeBlur:1]]
[2020.12.06-16.40.17:374][  0]LogConfig: Setting CVar [[r.MaterialQualityLevel:1 ; High quality]]
[2020.12.06-16.40.17:374][  0]LogConfig: Setting CVar [[r.SSS.Scale:1]]
[2020.12.06-16.40.17:374][  0]LogConfig: Setting CVar [[r.SSS.SampleSet:2]]
[2020.12.06-16.40.17:374][  0]LogConfig: Setting CVar [[r.SSS.Quality:1]]
[2020.12.06-16.40.17:374][  0]LogConfig: Setting CVar [[r.SSS.HalfRes:0]]
[2020.12.06-16.40.17:374][  0]LogConfig: Setting CVar [[r.SSGI.Quality:3]]
[2020.12.06-16.40.17:374][  0]LogConfig: Setting CVar [[r.EmitterSpawnRateScale:1.0]]
[2020.12.06-16.40.17:374][  0]LogConfig: Setting CVar [[r.ParticleLightQuality:2]]
[2020.12.06-16.40.17:374][  0]LogConfig: Setting CVar [[r.SkyAtmosphere.AerialPerspectiveLUT.FastApplyOnOpaque:1 ; Always have FastSkyLUT 1 in this case to avoid wrong sky]]
[2020.12.06-16.40.17:374][  0]LogConfig: Setting CVar [[r.SkyAtmosphere.AerialPerspectiveLUT.SampleCountPerSlice:1]]
[2020.12.06-16.40.17:374][  0]LogConfig: Setting CVar [[r.SkyAtmosphere.AerialPerspectiveLUT.DepthResolution:16.0]]
[2020.12.06-16.40.17:374][  0]LogConfig: Setting CVar [[r.SkyAtmosphere.FastSkyLUT:1]]
[2020.12.06-16.40.17:374][  0]LogConfig: Setting CVar [[r.SkyAtmosphere.FastSkyLUT.SampleCountMin:4.0]]
[2020.12.06-16.40.17:374][  0]LogConfig: Setting CVar [[r.SkyAtmosphere.FastSkyLUT.SampleCountMax:32.0]]
[2020.12.06-16.40.17:374][  0]LogConfig: Setting CVar [[r.SkyAtmosphere.SampleCountMin:4.0]]
[2020.12.06-16.40.17:374][  0]LogConfig: Setting CVar [[r.SkyAtmosphere.SampleCountMax:32.0]]
[2020.12.06-16.40.17:374][  0]LogConfig: Setting CVar [[r.SkyAtmosphere.TransmittanceLUT.UseSmallFormat:0]]
[2020.12.06-16.40.17:374][  0]LogConfig: Setting CVar [[r.SkyAtmosphere.TransmittanceLUT.SampleCount:10.0]]
[2020.12.06-16.40.17:374][  0]LogConfig: Setting CVar [[r.SkyAtmosphere.MultiScatteringLUT.SampleCount:15.0]]
[2020.12.06-16.40.17:374][  0]LogConfig: Applying CVar settings from Section [FoliageQuality@3] File [F:/Unreal/Projects/EscapeRoom/Saved/Config/Windows/Scalability.ini]
[2020.12.06-16.40.17:374][  0]LogConfig: Setting CVar [[foliage.DensityScale:1.0]]
[2020.12.06-16.40.17:374][  0]LogConfig: Setting CVar [[grass.DensityScale:1.0]]
[2020.12.06-16.40.17:374][  0]LogConfig: Applying CVar settings from Section [ShadingQuality@3] File [F:/Unreal/Projects/EscapeRoom/Saved/Config/Windows/Scalability.ini]
[2020.12.06-16.40.17:374][  0]LogConfig: Setting CVar [[r.HairStrands.SkyLighting.SampleCount:16]]
[2020.12.06-16.40.17:374][  0]LogConfig: Setting CVar [[r.HairStrands.SkyLighting.JitterIntegration:0]]
[2020.12.06-16.40.17:374][  0]LogConfig: Setting CVar [[r.HairStrands.SkyAO.SampleCount:16]]
[2020.12.06-16.40.17:374][  0]LogConfig: Setting CVar [[r.HairStrands.DeepShadow.SuperSampling:0]]
[2020.12.06-16.40.17:374][  0]LogConfig: Setting CVar [[r.HairStrands.VisibilityPPLL:0]]
[2020.12.06-16.40.17:374][  0]LogConfig: Setting CVar [[r.HairStrands.RasterizationScale:0.5]]
[2020.12.06-16.40.17:374][  0]LogConfig: Setting CVar [[r.HairStrands.VelocityRasterizationScale:1]]
[2020.12.06-16.40.17:374][  0]LogConfig: Applying CVar settings from Section [Startup] File [../../../Engine/Config/ConsoleVariables.ini]
[2020.12.06-16.40.17:375][  0]LogConfig: Setting CVar [[net.UseAdaptiveNetUpdateFrequency:0]]
[2020.12.06-16.40.17:375][  0]LogConfig: Setting CVar [[p.chaos.AllowCreatePhysxBodies:1]]
[2020.12.06-16.40.17:375][  0]LogConfig: Setting CVar [[fx.SkipVectorVMBackendOptimizations:1]]
[2020.12.06-16.40.17:375][  0]LogConfig: Applying CVar settings from Section [ConsoleVariables] File [F:/Unreal/Projects/EscapeRoom/Saved/Config/Windows/Engine.ini]
[2020.12.06-16.40.17:375][  0]LogInit: Computer: DESKTOP-S5TPAU6
[2020.12.06-16.40.17:375][  0]LogInit: User: Augusto
[2020.12.06-16.40.17:375][  0]LogInit: CPU Page size=4096, Cores=6
[2020.12.06-16.40.17:375][  0]LogInit: High frequency timer resolution =10.000000 MHz
[2020.12.06-16.40.17:375][  0]LogMemory: Memory total: Physical=31.9GB (32GB approx)
[2020.12.06-16.40.17:375][  0]LogMemory: Platform Memory Stats for Windows
[2020.12.06-16.40.17:375][  0]LogMemory: Process Physical Memory: 115.73 MB used, 115.73 MB peak
[2020.12.06-16.40.17:375][  0]LogMemory: Process Virtual Memory: 97.71 MB used, 97.71 MB peak
[2020.12.06-16.40.17:375][  0]LogMemory: Physical Memory: 14725.49 MB used,  17981.61 MB free, 32707.10 MB total
[2020.12.06-16.40.17:375][  0]LogMemory: Virtual Memory: 5141.29 MB used,  134212584.00 MB free, 134217728.00 MB total
[2020.12.06-16.40.17:379][  0]LogWindows: WindowsPlatformFeatures enabled
[2020.12.06-16.40.17:411][  0]LogInit: Physics initialised using underlying interface: PhysX
[2020.12.06-16.40.17:412][  0]LogInit: Overriding language with editor language configuration option (en).
[2020.12.06-16.40.17:412][  0]LogInit: Overriding locale with editor locale configuration option (en).
[2020.12.06-16.40.17:557][  0]LogInit: Setting process to per monitor DPI aware
[2020.12.06-16.40.17:583][  0]LogSlate: New Slate User Created.  User Index 0, Is Virtual User: 0
[2020.12.06-16.40.17:583][  0]LogSlate: Slate User Registered.  User Index 0, Is Virtual User: 0
[2020.12.06-16.40.17:687][  0]LogHMD: Failed to initialize OpenVR with code 110
[2020.12.06-16.40.17:687][  0]LogD3D11RHI: D3D11 min allowed feature level: 11_0
[2020.12.06-16.40.17:687][  0]LogD3D11RHI: D3D11 max allowed feature level: 11_0
[2020.12.06-16.40.17:687][  0]LogD3D11RHI: D3D11 adapters:
[2020.12.06-16.40.17:754][  0]LogD3D11RHI:    0. 'NVIDIA GeForce GTX 1660 SUPER' (Feature Level 11_0)
[2020.12.06-16.40.17:755][  0]LogD3D11RHI:       5991/0/16353 MB DedicatedVideo/DedicatedSystem/SharedSystem, Outputs:2, VendorId:0x10de
[2020.12.06-16.40.17:756][  0]LogD3D11RHI:    1. 'Microsoft Basic Render Driver' (Feature Level 11_0)
[2020.12.06-16.40.17:756][  0]LogD3D11RHI:       0/0/16353 MB DedicatedVideo/DedicatedSystem/SharedSystem, Outputs:0, VendorId:0x1414
[2020.12.06-16.40.17:756][  0]LogD3D11RHI: Chosen D3D11 Adapter: 0
[2020.12.06-16.40.17:761][  0]LogD3D11RHI: Creating new Direct3DDevice
[2020.12.06-16.40.17:762][  0]LogD3D11RHI:     GPU DeviceId: 0x21c4 (for the marketing name, search the web for "GPU Device Id")
[2020.12.06-16.40.17:762][  0]LogWindows: EnumDisplayDevices:
[2020.12.06-16.40.17:762][  0]LogWindows:    0. 'NVIDIA GeForce GTX 1660 SUPER' (P:1 D:1)
[2020.12.06-16.40.17:762][  0]LogWindows:    1. 'NVIDIA GeForce GTX 1660 SUPER' (P:0 D:1)
[2020.12.06-16.40.17:762][  0]LogWindows:    2. 'NVIDIA GeForce GTX 1660 SUPER' (P:0 D:0)
[2020.12.06-16.40.17:762][  0]LogWindows:    3. 'NVIDIA GeForce GTX 1660 SUPER' (P:0 D:0)
[2020.12.06-16.40.17:762][  0]LogWindows: DebugString: FoundDriverCount:4 
[2020.12.06-16.40.17:762][  0]LogD3D11RHI:     Adapter Name: NVIDIA GeForce GTX 1660 SUPER
[2020.12.06-16.40.17:762][  0]LogD3D11RHI:   Driver Version: 457.51 (internal:27.21.14.5751, unified:457.51)
[2020.12.06-16.40.17:762][  0]LogD3D11RHI:      Driver Date: 11-22-2020
[2020.12.06-16.40.17:762][  0]LogRHI: Texture pool is 4193 MB (70% of 5991 MB)
[2020.12.06-16.40.17:810][  0]LogD3D11RHI: RHI has support for 64 bit atomics
[2020.12.06-16.40.17:810][  0]LogD3D11RHI: Async texture creation enabled
[2020.12.06-16.40.17:810][  0]LogD3D11RHI: Array index from any shader is supported
[2020.12.06-16.40.17:823][  0]LogD3D11RHI: GPU Timing Frequency: 1000.000000 (Debug: 2 1)
[2020.12.06-16.40.18:170][  0]LogTargetPlatformManager: Display: Loaded TargetPlatform 'AllDesktop'
[2020.12.06-16.40.18:187][  0]LogTargetPlatformManager: Display: Loaded TargetPlatform 'Android'
[2020.12.06-16.40.18:187][  0]LogTargetPlatformManager: Display: Loaded TargetPlatform 'Android_ASTC'
[2020.12.06-16.40.18:187][  0]LogTargetPlatformManager: Display: Loaded TargetPlatform 'Android_DXT'
[2020.12.06-16.40.18:187][  0]LogTargetPlatformManager: Display: Loaded TargetPlatform 'Android_ETC2'
[2020.12.06-16.40.18:187][  0]LogTargetPlatformManager: Display: Loaded TargetPlatform 'AndroidClient'
[2020.12.06-16.40.18:187][  0]LogTargetPlatformManager: Display: Loaded TargetPlatform 'Android_ASTCClient'
[2020.12.06-16.40.18:187][  0]LogTargetPlatformManager: Display: Loaded TargetPlatform 'Android_DXTClient'
[2020.12.06-16.40.18:187][  0]LogTargetPlatformManager: Display: Loaded TargetPlatform 'Android_ETC2Client'
[2020.12.06-16.40.18:187][  0]LogTargetPlatformManager: Display: Loaded TargetPlatform 'Android_Multi'
[2020.12.06-16.40.18:187][  0]LogTargetPlatformManager: Display: Loaded TargetPlatform 'Android_MultiClient'
[2020.12.06-16.40.18:205][  0]LogTargetPlatformManager: Display: Loaded TargetPlatform 'IOSClient'
[2020.12.06-16.40.18:205][  0]LogTargetPlatformManager: Display: Loaded TargetPlatform 'IOS'
[2020.12.06-16.40.18:212][  0]LogTargetPlatformManager: Display: Loaded TargetPlatform 'Linux'
[2020.12.06-16.40.18:219][  0]LogTargetPlatformManager: Display: Loaded TargetPlatform 'LinuxNoEditor'
[2020.12.06-16.40.18:226][  0]LogTargetPlatformManager: Display: Loaded TargetPlatform 'LinuxClient'
[2020.12.06-16.40.18:233][  0]LogTargetPlatformManager: Display: Loaded TargetPlatform 'LinuxServer'
[2020.12.06-16.40.18:240][  0]LogTargetPlatformManager: Display: Loaded TargetPlatform 'LinuxAArch64NoEditor'
[2020.12.06-16.40.18:246][  0]LogTargetPlatformManager: Display: Loaded TargetPlatform 'LinuxAArch64Client'
[2020.12.06-16.40.18:253][  0]LogTargetPlatformManager: Display: Loaded TargetPlatform 'LinuxAArch64Server'
[2020.12.06-16.40.18:273][  0]LogTargetPlatformManager: Display: Loaded TargetPlatform 'Lumin'
[2020.12.06-16.40.18:273][  0]LogTargetPlatformManager: Display: Loaded TargetPlatform 'LuminClient'
[2020.12.06-16.40.18:284][  0]LogTargetPlatformManager: Display: Loaded TargetPlatform 'TVOSClient'
[2020.12.06-16.40.18:284][  0]LogTargetPlatformManager: Display: Loaded TargetPlatform 'TVOS'
[2020.12.06-16.40.18:291][  0]LogTargetPlatformManager: Display: Loaded TargetPlatform 'WindowsNoEditor'
[2020.12.06-16.40.18:298][  0]LogTargetPlatformManager: Display: Loaded TargetPlatform 'Windows'
[2020.12.06-16.40.18:305][  0]LogTargetPlatformManager: Display: Loaded TargetPlatform 'WindowsClient'
[2020.12.06-16.40.18:312][  0]LogTargetPlatformManager: Display: Loaded TargetPlatform 'WindowsServer'
[2020.12.06-16.40.18:312][  0]LogTargetPlatformManager: Display: Building Assets For Windows
[2020.12.06-16.40.18:317][  0]LogAudioDebug: Display: Lib vorbis DLL was dynamically loaded.
[2020.12.06-16.40.18:363][  0]LogShaderCompilers: Guid format shader working directory is 18 characters bigger than the processId version (F:/Unreal/Projects/EscapeRoom/Intermediate/Shaders/WorkingDirectory/15080/).
[2020.12.06-16.40.18:363][  0]LogShaderCompilers: Cleaned the shader compiler working directory 'C:/Users/Augusto/AppData/Local/Temp/UnrealShaderWorkingDir/3768EF4949D6D2373B8853A7CC0E3DDB/'.
[2020.12.06-16.40.18:363][  0]LogXGEController: Cleaning working directory: C:/Users/Augusto/AppData/Local/Temp/UnrealXGEWorkingDir/
[2020.12.06-16.40.18:364][  0]LogXGEController: Cannot use XGE Controller as Incredibuild is not installed on this machine.
[2020.12.06-16.40.18:364][  0]LogShaderCompilers: Cannot use XGE Shader Compiler as Incredibuild is not installed on this machine.
[2020.12.06-16.40.18:364][  0]LogShaderCompilers: Display: Using Local Shader Compiler.
[2020.12.06-16.40.18:987][  0]LogDerivedDataCache: Display: Max Cache Size: 512 MB
[2020.12.06-16.40.19:028][  0]LogDerivedDataCache: Loaded boot cache 0.04s 76MB C:/Users/Augusto/AppData/Local/UnrealEngine/4.25/DerivedDataCache/Boot.ddc.
[2020.12.06-16.40.19:028][  0]LogDerivedDataCache: Display: Loaded Boot cache: C:/Users/Augusto/AppData/Local/UnrealEngine/4.25/DerivedDataCache/Boot.ddc
[2020.12.06-16.40.19:028][  0]LogDerivedDataCache: FDerivedDataBackendGraph:  Pak pak cache file F:/Unreal/Projects/EscapeRoom/DerivedDataCache/DDC.ddp not found, will not use a pak cache.
[2020.12.06-16.40.19:028][  0]LogDerivedDataCache: Unable to find inner node Pak for hierarchical cache Hierarchy.
[2020.12.06-16.40.19:028][  0]LogDerivedDataCache: FDerivedDataBackendGraph:  CompressedPak pak cache file F:/Unreal/Projects/EscapeRoom/DerivedDataCache/Compressed.ddp not found, will not use a pak cache.
[2020.12.06-16.40.19:028][  0]LogDerivedDataCache: Unable to find inner node CompressedPak for hierarchical cache Hierarchy.
[2020.12.06-16.40.19:037][  0]LogDerivedDataCache: Display: Pak cache opened for reading ../../../Engine/DerivedDataCache/Compressed.ddp.
[2020.12.06-16.40.19:037][  0]LogDerivedDataCache: FDerivedDataBackendGraph:  EnterprisePak pak cache file ../../../Enterprise/DerivedDataCache/Compressed.ddp not found, will not use a pak cache.
[2020.12.06-16.40.19:037][  0]LogDerivedDataCache: Unable to find inner node EnterprisePak for hierarchical cache Hierarchy.
[2020.12.06-16.40.19:038][  0]LogDerivedDataCache: Using Local data cache path C:/Users/Augusto/AppData/Local/UnrealEngine/Common/DerivedDataCache: Writable
[2020.12.06-16.40.19:038][  0]LogDerivedDataCache: Shared data cache path not found in *engine.ini, will not use an Shared cache.
[2020.12.06-16.40.19:038][  0]LogDerivedDataCache: Unable to find inner node Shared for hierarchical cache Hierarchy.
[2020.12.06-16.40.19:077][  0]LogSlate: Using FreeType 2.10.0
[2020.12.06-16.40.19:078][  0]LogSlate: SlateFontServices - WITH_FREETYPE: 1, WITH_HARFBUZZ: 1
[2020.12.06-16.40.19:097][  0]LogAssetRegistry: FAssetRegistry took 0.0020 seconds to start up
[2020.12.06-16.40.19:274][  0]LogInit: Selected Device Profile: [Windows]
[2020.12.06-16.40.19:360][  0]LogMeshReduction: Using QuadricMeshReduction for automatic static mesh reduction
[2020.12.06-16.40.19:360][  0]LogMeshReduction: Using SimplygonMeshReduction for automatic skeletal mesh reduction
[2020.12.06-16.40.19:360][  0]LogMeshReduction: Using ProxyLODMeshReduction for automatic mesh merging
[2020.12.06-16.40.19:360][  0]LogMeshReduction: No distributed automatic mesh merging module available
[2020.12.06-16.40.19:360][  0]LogMeshMerging: No distributed automatic mesh merging module available
[2020.12.06-16.40.19:372][  0]LogNetVersion: EscapeRoom 1.0.0, NetCL: 13144385, EngineNetVer: 14, GameNetVer: 0 (Checksum: 2058882427)
[2020.12.06-16.40.19:698][  0]LogAISub: UAISubsystem::UAISubsystem AISubsystem (00000158A28FDBC0), frame # 0
[2020.12.06-16.40.19:698][  0]LogAISub: UAISubsystem::UAISubsystem AIPerceptionSystem (00000158A285AAC0), frame # 0
[2020.12.06-16.40.19:699][  0]LogAISub: UAISubsystem::UAISubsystem EnvQueryManager (00000158A28C0800), frame # 0
[2020.12.06-16.40.19:728][  0]LogPackageLocalizationCache: Processed 19 localized package path(s) for 1 prioritized culture(s) in 0.023759 seconds
[2020.12.06-16.40.19:732][  0]LogUObjectArray: 15917 objects as part of root set at end of initial load.
[2020.12.06-16.40.19:732][  0]LogUObjectAllocator: 3965568 out of 0 bytes used by permanent object pool.
[2020.12.06-16.40.19:732][  0]LogUObjectArray: CloseDisregardForGC: 0/0 objects in disregard for GC pool
[2020.12.06-16.40.19:995][  0]LogTcpMessaging: Initializing TcpMessaging bridge
[2020.12.06-16.40.19:998][  0]LogUdpMessaging: Initializing bridge on interface 0.0.0.0:0 to multicast group 230.0.0.1:6666.
[2020.12.06-16.40.20:064][  0]SourceControl: Source control is disabled
[2020.12.06-16.40.20:064][  0]SourceControl: Source control is disabled
[2020.12.06-16.40.20:066][  0]SourceControl: Source control is disabled
[2020.12.06-16.40.20:068][  0]SourceControl: Source control is disabled
[2020.12.06-16.40.20:076][  0]SourceControl: Source control is disabled
[2020.12.06-16.40.20:256][  0]LogAndroidPermission: UAndroidPermissionCallbackProxy::GetInstance
[2020.12.06-16.40.20:270][  0]LogAudioCaptureCore: Display: No Audio Capture implementations found. Audio input will be silent.
[2020.12.06-16.40.20:270][  0]LogAudioCaptureCore: Display: No Audio Capture implementations found. Audio input will be silent.
[2020.12.06-16.40.20:307][  0]LogOcInput: OculusInput pre-init called
[2020.12.06-16.40.20:314][  0]LogWindows: Failed to load 'OVRPlugin.dll' (GetLastError=126)
[2020.12.06-16.40.20:314][  0]LogWindows: File 'OVRPlugin.dll' does not exist
[2020.12.06-16.40.20:370][  0]LogEngine: Initializing Engine...
[2020.12.06-16.40.20:372][  0]LogHMD: Failed to initialize OpenVR with code 110
[2020.12.06-16.40.20:372][  0]LogMagicLeap: Warning: VR disabled because ZI is not enabled.  To enable, in the editor, Edit -> Project Settings -> Plugins -> Magic Leap Plugin -> Enable Zero Iteration
[2020.12.06-16.40.20:372][  0]LogStats: UGameplayTagsManager::InitializeManager -  0.000 s
[2020.12.06-16.40.20:467][  0]LogInit: Initializing FReadOnlyCVARCache
[2020.12.06-16.40.20:473][  0]LogAIModule: Creating AISystem for world Untitled
[2020.12.06-16.40.20:473][  0]LogAISub: UAISubsystem::UAISubsystem EnvQueryManager (00000158AA181C00), frame # 0
[2020.12.06-16.40.20:473][  0]LogAISub: UAISubsystem::UAISubsystem AIPerceptionSystem (00000158AA15B880), frame # 0
[2020.12.06-16.40.20:486][  0]LogAudioMixer: Display: Audio Mixer Platform Settings:
[2020.12.06-16.40.20:486][  0]LogAudioMixer: Display: 	Sample Rate:						  48000
[2020.12.06-16.40.20:486][  0]LogAudioMixer: Display: 	Callback Buffer Frame Size Requested: 1024
[2020.12.06-16.40.20:486][  0]LogAudioMixer: Display: 	Callback Buffer Frame Size To Use:	  1024
[2020.12.06-16.40.20:486][  0]LogAudioMixer: Display: 	Number of buffers to queue:			  2
[2020.12.06-16.40.20:486][  0]LogAudioMixer: Display: 	Max Channels (voices):				  32
[2020.12.06-16.40.20:486][  0]LogAudioMixer: Display: 	Number of Async Source Workers:		  0
[2020.12.06-16.40.20:486][  0]LogAudio: Display: AudioDevice MaxSources: 32
[2020.12.06-16.40.20:486][  0]LogAudio: Display: Using built-in audio occlusion.
[2020.12.06-16.40.20:486][  0]LogAudioMixer: Display: Initializing audio mixer.
[2020.12.06-16.40.20:497][  0]LogAudioMixer: Display: 0: FrontLeft
[2020.12.06-16.40.20:497][  0]LogAudioMixer: Display: 1: FrontRight
[2020.12.06-16.40.20:497][  0]LogAudioMixer: Display: 2: FrontCenter
[2020.12.06-16.40.20:497][  0]LogAudioMixer: Display: 3: LowFrequency
[2020.12.06-16.40.20:497][  0]LogAudioMixer: Display: 4: BackLeft
[2020.12.06-16.40.20:497][  0]LogAudioMixer: Display: 5: BackRight
[2020.12.06-16.40.20:524][  0]LogAudioMixer: Display: Using Audio Device Alto-falantes (Realtek(R) Audio)
[2020.12.06-16.40.20:526][  0]LogAudioMixer: Display: Initializing Sound Submixes...
[2020.12.06-16.40.20:528][  0]LogAudioMixer: Display: Creating Master Submix 'MasterSubmixDefault'
[2020.12.06-16.40.20:528][  0]LogAudioMixer: Display: Creating Master Submix 'MasterReverbSubmixDefault'
[2020.12.06-16.40.20:529][  0]LogAudioMixer: Display: Creating Master Submix 'MasterEQSubmixDefault'
[2020.12.06-16.40.20:530][  0]LogInit: FAudioDevice initialized.
[2020.12.06-16.40.20:531][  0]LogNetVersion: Set ProjectVersion to 1.0.0.0. Version Checksum will be recalculated on next use.
[2020.12.06-16.40.20:725][  0]LogDerivedDataCache: Saved boot cache 0.19s 76MB C:/Users/Augusto/AppData/Local/UnrealEngine/4.25/DerivedDataCache/Boot.ddc.
[2020.12.06-16.40.20:725][  0]LogInit: Texture streaming: Enabled
[2020.12.06-16.40.20:737][  0]LogEngineSessionManager: EngineSessionManager initialized
[2020.12.06-16.40.20:737][  0]LogEditorSessionSummary: Verbose: Initializing EditorSessionSummaryWriter for editor session tracking
[2020.12.06-16.40.20:738][  0]LogEditorSessionSummary: EditorSessionSummaryWriter initialized
[2020.12.06-16.40.20:767][  0]LogInit: Transaction tracking system initialized
[2020.12.06-16.40.20:784][  0]BlueprintLog: New page: Editor Load
[2020.12.06-16.40.20:837][  0]LocalizationService: Localization service is disabled
[2020.12.06-16.40.20:945][  0]LogCook: Display: Max memory allowance for cook 16384mb min free memory 0mb
[2020.12.06-16.40.20:945][  0]LogCook: Display: Mobile HDR setting 1
[2020.12.06-16.40.20:975][  0]LogFileCache: Scanning file cache for directory 'F:/Unreal/Projects/EscapeRoom/Content/' took 0.00s
[2020.12.06-16.40.21:224][  0]SourceControl: Source control is disabled
[2020.12.06-16.40.21:224][  0]LogUnrealEdMisc: Loading editor; pre map load, took 4.902
[2020.12.06-16.40.21:224][  0]Cmd: MAP LOAD FILE="F:/Unreal/Projects/EscapeRoom/Content/Levels/InitialMap.umap" TEMPLATE=0 SHOWPROGRESS=1 FEATURELEVEL=3
[2020.12.06-16.40.21:225][  0]LightingResults: New page: Lighting Build
[2020.12.06-16.40.21:225][  0]LogWorld: UWorld::CleanupWorld for Untitled, bSessionEnded=true, bCleanupResources=true
[2020.12.06-16.40.21:225][  0]LogSlate: InvalidateAllWidgets triggered.  All widgets were invalidated
[2020.12.06-16.40.21:225][  0]MapCheck: New page: Map Check
[2020.12.06-16.40.21:225][  0]LightingResults: New page: Lighting Build
[2020.12.06-16.40.21:233][  0]LogAISub: UAISubsystem::~UAISubsystem EnvQueryManager (00000158AA181C00), frame # 0
[2020.12.06-16.40.21:233][  0]LogAISub: UAISubsystem::~UAISubsystem AIPerceptionSystem (00000158AA15B880), frame # 0
[2020.12.06-16.40.21:233][  0]LogUObjectHash: Compacting FUObjectHashTables data took   0.56ms
[2020.12.06-16.40.21:314][  0]LogAIModule: Creating AISystem for world InitialMap
[2020.12.06-16.40.21:315][  0]LogAISub: UAISubsystem::UAISubsystem EnvQueryManager (0000015896653A00), frame # 0
[2020.12.06-16.40.21:315][  0]LogAISub: UAISubsystem::UAISubsystem AIPerceptionSystem (0000015896163240), frame # 0
[2020.12.06-16.40.21:322][  0]LogEditorServer: Finished looking for orphan Actors (0.000 secs)
[2020.12.06-16.40.21:334][  0]LogUObjectHash: Compacting FUObjectHashTables data took   0.76ms
[2020.12.06-16.40.21:334][  0]Cmd: MAP CHECKDEP NOCLEARLOG
[2020.12.06-16.40.21:334][  0]MapCheck: Map check complete: 0 Error(s), 0 Warning(s), took 0.152ms to complete.
[2020.12.06-16.40.21:334][  0]LogFileHelpers: Loading map 'InitialMap' took 0.110
[2020.12.06-16.40.21:336][  0]LogUnrealEdMisc: Total Editor Startup Time, took 5.014
[2020.12.06-16.40.21:464][  0]LogSlate: Updating window title bar state: overlay mode, drag disabled, window buttons hidden, title bar hidden
[2020.12.06-16.40.21:470][  0]LogSlate: Updating window title bar state: overlay mode, drag disabled, window buttons hidden, title bar hidden
[2020.12.06-16.40.21:476][  0]LogSlate: Updating window title bar state: overlay mode, drag disabled, window buttons hidden, title bar hidden
[2020.12.06-16.40.21:481][  0]LogSlate: Updating window title bar state: overlay mode, drag disabled, window buttons hidden, title bar hidden
[2020.12.06-16.40.21:486][  0]LogCollectionManager: Loaded 0 collections in 0.001104 seconds
[2020.12.06-16.40.21:498][  0]LogFileCache: Scanning file cache for directory 'F:/Unreal/Projects/EscapeRoom/Saved/Collections/' took 0.00s
[2020.12.06-16.40.21:498][  0]LogFileCache: Scanning file cache for directory 'F:/Unreal/Projects/EscapeRoom/Content/Developers/Augusto/Collections/' took 0.00s
[2020.12.06-16.40.21:498][  0]LogFileCache: Scanning file cache for directory 'F:/Unreal/Projects/EscapeRoom/Content/Collections/' took 0.00s
[2020.12.06-16.40.21:498][  0]LogContentBrowser: Native class hierarchy populated in 0.0073 seconds. Added 3431 classes and 823 folders.
[2020.12.06-16.40.21:500][  0]LogContentBrowser: Native class hierarchy updated for 'WidgetCarousel' in 0.0002 seconds. Added 0 classes and 0 folders.
[2020.12.06-16.40.21:538][  0]LogContentBrowser: Native class hierarchy updated for 'AddContentDialog' in 0.0003 seconds. Added 0 classes and 0 folders.
[2020.12.06-16.40.21:541][  0]LogContentBrowser: Native class hierarchy updated for 'SceneOutliner' in 0.0003 seconds. Added 2 classes and 0 folders.
[2020.12.06-16.40.21:622][  0]LogSlate: Took 0.000107 seconds to synchronously load lazily loaded font '../../../Engine/Content/Slate/Fonts/Roboto-Regular.ttf' (155K)
[2020.12.06-16.40.21:623][  0]LogSlate: Took 0.000142 seconds to synchronously load lazily loaded font '../../../Engine/Content/Slate/Fonts/Roboto-Bold.ttf' (160K)
[2020.12.06-16.40.21:627][  0]LogSlate: Took 0.000145 seconds to synchronously load lazily loaded font '../../../Engine/Content/Editor/Slate/Fonts/FontAwesome.ttf' (139K)
[2020.12.06-16.40.21:627][  0]LogSlate: Took 0.000089 seconds to synchronously load lazily loaded font '../../../Engine/Content/Slate/Fonts/DroidSansMono.ttf' (77K)
[2020.12.06-16.40.21:720][  0]LogRenderer: Reallocating scene render targets to support 980x504 Format 10 NumSamples 1 (Frame:1).
[2020.12.06-16.40.21:785][  0]LogContentBrowser: Native class hierarchy updated for 'HierarchicalLODOutliner' in 0.0003 seconds. Added 0 classes and 0 folders.
[2020.12.06-16.40.21:785][  0]LogLoad: (Engine Initialization) Total time: 5.46 seconds
[2020.12.06-16.40.21:785][  0]LogLoad: (Engine Initialization) Total Blueprint compile time: 0.00 seconds
[2020.12.06-16.40.21:855][  0]LogAssetRegistry: Asset discovery search completed in 2.7588 seconds
[2020.12.06-16.40.21:858][  0]LogCollectionManager: Fixed up redirectors for 0 collections in 0.000002 seconds (updated 0 objects)
[2020.12.06-16.40.21:860][  0]LogContentStreaming: Texture pool size now 1000 MB
[2020.12.06-16.40.22:810][ 96]LogSlate: Took 0.000187 seconds to synchronously load lazily loaded font '../../../Engine/Content/Slate/Fonts/Roboto-Light.ttf' (167K)
[2020.12.06-16.40.25:728][394]LogAssetEditorSubsystem: Opening Asset editor for Blueprint /Game/Blueprints/BP_DefaultPawn.BP_DefaultPawn
[2020.12.06-16.40.25:912][394]LogContentBrowser: Native class hierarchy updated for 'BlueprintGraph' in 0.0005 seconds. Added 125 classes and 0 folders.
[2020.12.06-16.40.26:580][394]LogSlate: Took 0.000148 seconds to synchronously load lazily loaded font '../../../Engine/Content/Slate/Fonts/Roboto-BoldCondensed.ttf' (158K)
[2020.12.06-16.40.26:762][409]LogSlate: Took 0.000142 seconds to synchronously load lazily loaded font '../../../Engine/Content/Slate/Fonts/Roboto-Italic.ttf' (157K)
[2020.12.06-16.40.29:272][684]LogSlate: Window 'BP_DefaultPawn' being destroyed
[2020.12.06-16.40.29:278][685]LogRenderer: Reallocating scene render targets to support 1228x628 Format 10 NumSamples 1 (Frame:632).
[2020.12.06-16.40.33:177][137]Candidate modules for hot reload:
[2020.12.06-16.40.33:177][137]  EscapeRoom
[2020.12.06-16.40.33:177][137]Launching UnrealBuildTool... [D:/64x/Epic Games/UE_4.25/Engine/Binaries/DotNET/UnrealBuildTool.exe  -ModuleWithSuffix=EscapeRoom,7178 EscapeRoomEditor Win64 Development -Project="F:/Unreal/Projects/EscapeRoom/EscapeRoom.uproject" "F:/Unreal/Projects/EscapeRoom/EscapeRoom.uproject"  -IgnoreJunk]
[2020.12.06-16.40.33:179][137]Warning: Starting HotReload took  0.0s.
[2020.12.06-16.40.34:293][222]LogEditorViewport: Clicking on Actor (LMB): StaticMeshActor (Cone)
[2020.12.06-16.40.35:030][300]CompilerResultsLog: New page: Compilation - Dec 6, 2020, 11:40:35 AM
[2020.12.06-16.40.35:030][300]CompilerResultsLog: Using 'git status' to determine working set for adaptive non-unity build (F:\Unreal\Projects).
[2020.12.06-16.40.35:030][300]CompilerResultsLog: Building EscapeRoomEditor...
[2020.12.06-16.40.35:030][300]CompilerResultsLog: Using Visual Studio 2019 14.28.29333 toolchain (C:\Program Files (x86)\Microsoft Visual Studio\2019\Community\VC\Tools\MSVC\14.28.29333) and Windows 10.0.18362.0 SDK (C:\Program Files (x86)\Windows Kits\10).
[2020.12.06-16.40.35:030][300]CompilerResultsLog: Building 3 actions with 6 processes...
[2020.12.06-16.40.35:030][300]CompilerResultsLog:   [1/3] UE4Editor-EscapeRoom-7178.lib
[2020.12.06-16.40.35:030][300]CompilerResultsLog:      Criando biblioteca F:\Unreal\Projects\EscapeRoom\Intermediate\Build\Win64\UE4Editor\Development\EscapeRoom\UE4Editor-EscapeRoom-7178.lib e objeto F:\Unreal\Projects\EscapeRoom\Intermediate\Build\Win64\UE4Editor\Development\EscapeRoom\UE4Editor-EscapeRoom-7178.exp
[2020.12.06-16.40.35:030][300]CompilerResultsLog:   [2/3] UE4Editor-EscapeRoom-7178.dll
[2020.12.06-16.40.35:030][300]CompilerResultsLog:      Criando biblioteca F:\Unreal\Projects\EscapeRoom\Intermediate\Build\Win64\UE4Editor\Development\EscapeRoom\UE4Editor-EscapeRoom-7178.suppressed.lib e objeto F:\Unreal\Projects\EscapeRoom\Intermediate\Build\Win64\UE4Editor\Development\EscapeRoom\UE4Editor-EscapeRoom-7178.suppressed.exp
[2020.12.06-16.40.35:031][300]CompilerResultsLog:   [3/3] EscapeRoomEditor.target
[2020.12.06-16.40.35:031][300]CompilerResultsLog: Total time in Parallel executor: 1,21 seconds
[2020.12.06-16.40.35:031][300]CompilerResultsLog: Total execution time: 1,65 seconds
[2020.12.06-16.40.35:031][300]LogMainFrame: MainFrame: Module compiling took 1.856 seconds
[2020.12.06-16.40.35:041][300]LogContentBrowser: Native class hierarchy updated for 'EscapeRoom' in 0.0003 seconds. Added 4 classes and 2 folders.
[2020.12.06-16.40.35:043][300]Display: HotReload successful (0 functions remapped  0 scriptstructs remapped)
[2020.12.06-16.40.35:099][300]LogContentBrowser: Native class hierarchy populated in 0.0073 seconds. Added 3431 classes and 823 folders.
[2020.12.06-16.40.35:099][300]Display: HotReload took  1.9s.
[2020.12.06-16.40.38:358][652]LogTemp: Repeating last play command: Selected Viewport
[2020.12.06-16.40.38:369][652]LogPlayLevel: PlayLevel: No blueprints needed recompiling
[2020.12.06-16.40.38:370][652]PIE: New page: PIE session: InitialMap (Dec 6, 2020, 11:40:38 AM)
[2020.12.06-16.40.38:370][652]LogOnline: OSS: Creating online subsystem instance for: NULL
[2020.12.06-16.40.38:371][652]LogOnline: OSS: TryLoadSubsystemAndSetDefault: Loaded subsystem for module [NULL]
[2020.12.06-16.40.38:371][652]LogPlayLevel: Creating play world package: /Game/Levels/UEDPIE_0_InitialMap
[2020.12.06-16.40.38:393][652]LogPlayLevel: PIE: StaticDuplicateObject took: (0.021536s)
[2020.12.06-16.40.38:394][652]LogAIModule: Creating AISystem for world InitialMap
[2020.12.06-16.40.38:394][652]LogAISub: UAISubsystem::UAISubsystem EnvQueryManager (00000158BC382400), frame # 1652
[2020.12.06-16.40.38:394][652]LogAISub: UAISubsystem::UAISubsystem AIPerceptionSystem (00000158B93C4E00), frame # 1652
[2020.12.06-16.40.38:394][652]LogPlayLevel: PIE: World Init took: (0.001002s)
[2020.12.06-16.40.38:394][652]LogPlayLevel: PIE: Created PIE world by copying editor world from /Game/Levels/InitialMap.InitialMap to /Game/Levels/UEDPIE_0_InitialMap.InitialMap (0.022777s)
[2020.12.06-16.40.38:431][652]LogUObjectHash: Compacting FUObjectHashTables data took   2.58ms
[2020.12.06-16.40.38:432][652]LogAudioMixer: Display: Audio Mixer Platform Settings:
[2020.12.06-16.40.38:432][652]LogAudioMixer: Display: 	Sample Rate:						  48000
[2020.12.06-16.40.38:432][652]LogAudioMixer: Display: 	Callback Buffer Frame Size Requested: 1024
[2020.12.06-16.40.38:432][652]LogAudioMixer: Display: 	Callback Buffer Frame Size To Use:	  1024
[2020.12.06-16.40.38:432][652]LogAudioMixer: Display: 	Number of buffers to queue:			  2
[2020.12.06-16.40.38:432][652]LogAudioMixer: Display: 	Max Channels (voices):				  32
[2020.12.06-16.40.38:432][652]LogAudioMixer: Display: 	Number of Async Source Workers:		  0
[2020.12.06-16.40.38:432][652]LogAudio: Display: AudioDevice MaxSources: 32
[2020.12.06-16.40.38:432][652]LogAudio: Display: Using built-in audio occlusion.
[2020.12.06-16.40.38:432][652]LogAudioMixer: Display: Initializing audio mixer.
[2020.12.06-16.40.38:434][652]LogAudioMixer: Display: 0: FrontLeft
[2020.12.06-16.40.38:434][652]LogAudioMixer: Display: 1: FrontRight
[2020.12.06-16.40.38:434][652]LogAudioMixer: Display: 2: FrontCenter
[2020.12.06-16.40.38:434][652]LogAudioMixer: Display: 3: LowFrequency
[2020.12.06-16.40.38:434][652]LogAudioMixer: Display: 4: BackLeft
[2020.12.06-16.40.38:434][652]LogAudioMixer: Display: 5: BackRight
[2020.12.06-16.40.38:447][652]LogAudioMixer: Display: Using Audio Device Alto-falantes (Realtek(R) Audio)
[2020.12.06-16.40.38:447][652]LogAudioMixer: Display: Initializing Sound Submixes...
[2020.12.06-16.40.38:447][652]LogAudioMixer: Display: Creating Master Submix 'MasterSubmixDefault'
[2020.12.06-16.40.38:447][652]LogAudioMixer: Display: Creating Master Submix 'MasterReverbSubmixDefault'
[2020.12.06-16.40.38:447][652]LogAudioMixer: Display: Creating Master Submix 'MasterEQSubmixDefault'
[2020.12.06-16.40.38:459][652]LogInit: FAudioDevice initialized.
[2020.12.06-16.40.38:466][652]LogLoad: Game class is 'BP_EscapeRoomGame_C'
[2020.12.06-16.40.38:468][652]LogWorld: Bringing World /Game/Levels/UEDPIE_0_InitialMap.InitialMap up for play (max tick rate 0) at 2020.12.06-13.40.38
[2020.12.06-16.40.38:468][652]LogWorld: Bringing up level for play took: 0.001106
[2020.12.06-16.40.38:468][652]LogOnline: OSS: Creating online subsystem instance for: :Context_4
[2020.12.06-16.40.38:485][652]LogContentBrowser: Native class hierarchy updated for 'MovieSceneCapture' in 0.0003 seconds. Added 20 classes and 0 folders.
[2020.12.06-16.40.38:486][652]PIE: Server logged in
[2020.12.06-16.40.38:487][652]PIE: Play in editor total start time 0.12 seconds.
[2020.12.06-16.40.39:764][652]LogWindows: Error: === Critical error: ===
[2020.12.06-16.40.39:764][652]LogWindows: Error: 
[2020.12.06-16.40.39:764][652]LogWindows: Error: Fatal error!
[2020.12.06-16.40.39:764][652]LogWindows: Error: 
[2020.12.06-16.40.39:764][652]LogWindows: Error: Unhandled Exception: EXCEPTION_STACK_OVERFLOW
[2020.12.06-16.40.39:765][652]LogWindows: Error: 
[2020.12.06-16.40.39:765][652]LogWindows: Error: [Callstack] 0x00007ff8b953224c UE4Editor-Engine.dll!UnknownFunction []
[2020.12.06-16.40.39:765][652]LogWindows: Error: [Callstack] 0x00007ff8b9128ae5 UE4Editor-Engine.dll!UnknownFunction []
[2020.12.06-16.40.39:765][652]LogWindows: Error: [Callstack] 0x00007ff8b9128296 UE4Editor-Engine.dll!UnknownFunction []
[2020.12.06-16.40.39:765][652]LogWindows: Error: [Callstack] 0x00007ff898963f5d UE4Editor-EscapeRoom-7178.dll!UnknownFunction [F:\Unreal\Projects\EscapeRoom\Source\EscapeRoom\OpenDoor.cpp:73]
[2020.12.06-16.40.39:765][652]LogWindows: Error: [Callstack] 0x00007ff898963fdf UE4Editor-EscapeRoom-7178.dll!UnknownFunction [F:\Unreal\Projects\EscapeRoom\Source\EscapeRoom\OpenDoor.cpp:75]
[2020.12.06-16.40.39:765][652]LogWindows: Error: [Callstack] 0x00007ff898963fdf UE4Editor-EscapeRoom-7178.dll!UnknownFunction [F:\Unreal\Projects\EscapeRoom\Source\EscapeRoom\OpenDoor.cpp:75]
[2020.12.06-16.40.39:765][652]LogWindows: Error: [Callstack] 0x00007ff898963fdf UE4Editor-EscapeRoom-7178.dll!UnknownFunction [F:\Unreal\Projects\EscapeRoom\Source\EscapeRoom\OpenDoor.cpp:75]
[2020.12.06-16.40.39:765][652]LogWindows: Error: [Callstack] 0x00007ff898963fdf UE4Editor-EscapeRoom-7178.dll!UnknownFunction [F:\Unreal\Projects\EscapeRoom\Source\EscapeRoom\OpenDoor.cpp:75]
[2020.12.06-16.40.39:765][652]LogWindows: Error: [Callstack] 0x00007ff898963fdf UE4Editor-EscapeRoom-7178.dll!UnknownFunction [F:\Unreal\Projects\EscapeRoom\Source\EscapeRoom\OpenDoor.cpp:75]
[2020.12.06-16.40.39:765][652]LogWindows: Error: [Callstack] 0x00007ff898963fdf UE4Editor-EscapeRoom-7178.dll!UnknownFunction [F:\Unreal\Projects\EscapeRoom\Source\EscapeRoom\OpenDoor.cpp:75]
[2020.12.06-16.40.39:765][652]LogWindows: Error: [Callstack] 0x00007ff898963fdf UE4Editor-EscapeRoom-7178.dll!UnknownFunction [F:\Unreal\Projects\EscapeRoom\Source\EscapeRoom\OpenDoor.cpp:75]
[2020.12.06-16.40.39:765][652]LogWindows: Error: [Callstack] 0x00007ff898963fdf UE4Editor-EscapeRoom-7178.dll!UnknownFunction [F:\Unreal\Projects\EscapeRoom\Source\EscapeRoom\OpenDoor.cpp:75]
[2020.12.06-16.40.39:765][652]LogWindows: Error: [Callstack] 0x00007ff898963fdf UE4Editor-EscapeRoom-7178.dll!UnknownFunction [F:\Unreal\Projects\EscapeRoom\Source\EscapeRoom\OpenDoor.cpp:75]
[2020.12.06-16.40.39:765][652]LogWindows: Error: [Callstack] 0x00007ff898963fdf UE4Editor-EscapeRoom-7178.dll!UnknownFunction [F:\Unreal\Projects\EscapeRoom\Source\EscapeRoom\OpenDoor.cpp:75]
[2020.12.06-16.40.39:765][652]LogWindows: Error: [Callstack] 0x00007ff898963fdf UE4Editor-EscapeRoom-7178.dll!UnknownFunction [F:\Unreal\Projects\EscapeRoom\Source\EscapeRoom\OpenDoor.cpp:75]
[2020.12.06-16.40.39:765][652]LogWindows: Error: [Callstack] 0x00007ff898963fdf UE4Editor-EscapeRoom-7178.dll!UnknownFunction [F:\Unreal\Projects\EscapeRoom\Source\EscapeRoom\OpenDoor.cpp:75]
[2020.12.06-16.40.39:765][652]LogWindows: Error: [Callstack] 0x00007ff898963fdf UE4Editor-EscapeRoom-7178.dll!UnknownFunction [F:\Unreal\Projects\EscapeRoom\Source\EscapeRoom\OpenDoor.cpp:75]
[2020.12.06-16.40.39:765][652]LogWindows: Error: [Callstack] 0x00007ff898963fdf UE4Editor-EscapeRoom-7178.dll!UnknownFunction [F:\Unreal\Projects\EscapeRoom\Source\EscapeRoom\OpenDoor.cpp:75]
[2020.12.06-16.40.39:765][652]LogWindows: Error: [Callstack] 0x00007ff898963fdf UE4Editor-EscapeRoom-7178.dll!UnknownFunction [F:\Unreal\Projects\EscapeRoom\Source\EscapeRoom\OpenDoor.cpp:75]
[2020.12.06-16.40.39:765][652]LogWindows: Error: [Callstack] 0x00007ff898963fdf UE4Editor-EscapeRoom-7178.dll!UnknownFunction [F:\Unreal\Projects\EscapeRoom\Source\EscapeRoom\OpenDoor.cpp:75]
[2020.12.06-16.40.39:765][652]LogWindows: Error: [Callstack] 0x00007ff898963fdf UE4Editor-EscapeRoom-7178.dll!UnknownFunction [F:\Unreal\Projects\EscapeRoom\Source\EscapeRoom\OpenDoor.cpp:75]
[2020.12.06-16.40.39:765][652]LogWindows: Error: [Callstack] 0x00007ff898963fdf UE4Editor-EscapeRoom-7178.dll!UnknownFunction [F:\Unreal\Projects\EscapeRoom\Source\EscapeRoom\OpenDoor.cpp:75]
[2020.12.06-16.40.39:765][652]LogWindows: Error: [Callstack] 0x00007ff898963fdf UE4Editor-EscapeRoom-7178.dll!UnknownFunction [F:\Unreal\Projects\EscapeRoom\Source\EscapeRoom\OpenDoor.cpp:75]
[2020.12.06-16.40.39:765][652]LogWindows: Error: [Callstack] 0x00007ff898963fdf UE4Editor-EscapeRoom-7178.dll!UnknownFunction [F:\Unreal\Projects\EscapeRoom\Source\EscapeRoom\OpenDoor.cpp:75]
[2020.12.06-16.40.39:765][652]LogWindows: Error: [Callstack] 0x00007ff898963fdf UE4Editor-EscapeRoom-7178.dll!UnknownFunction [F:\Unreal\Projects\EscapeRoom\Source\EscapeRoom\OpenDoor.cpp:75]
[2020.12.06-16.40.39:765][652]LogWindows: Error: [Callstack] 0x00007ff898963fdf UE4Editor-EscapeRoom-7178.dll!UnknownFunction [F:\Unreal\Projects\EscapeRoom\Source\EscapeRoom\OpenDoor.cpp:75]
[2020.12.06-16.40.39:765][652]LogWindows: Error: [Callstack] 0x00007ff898963fdf UE4Editor-EscapeRoom-7178.dll!UnknownFunction [F:\Unreal\Projects\EscapeRoom\Source\EscapeRoom\OpenDoor.cpp:75]
[2020.12.06-16.40.39:765][652]LogWindows: Error: [Callstack] 0x00007ff898963fdf UE4Editor-EscapeRoom-7178.dll!UnknownFunction [F:\Unreal\Projects\EscapeRoom\Source\EscapeRoom\OpenDoor.cpp:75]
[2020.12.06-16.40.39:765][652]LogWindows: Error: [Callstack] 0x00007ff898963fdf UE4Editor-EscapeRoom-7178.dll!UnknownFunction [F:\Unreal\Projects\EscapeRoom\Source\EscapeRoom\OpenDoor.cpp:75]
[2020.12.06-16.40.39:765][652]LogWindows: Error: [Callstack] 0x00007ff898963fdf UE4Editor-EscapeRoom-7178.dll!UnknownFunction [F:\Unreal\Projects\EscapeRoom\Source\EscapeRoom\OpenDoor.cpp:75]
[2020.12.06-16.40.39:765][652]LogWindows: Error: [Callstack] 0x00007ff898963fdf UE4Editor-EscapeRoom-7178.dll!UnknownFunction [F:\Unreal\Projects\EscapeRoom\Source\EscapeRoom\OpenDoor.cpp:75]
[2020.12.06-16.40.39:765][652]LogWindows: Error: [Callstack] 0x00007ff898963fdf UE4Editor-EscapeRoom-7178.dll!UnknownFunction [F:\Unreal\Projects\EscapeRoom\Source\EscapeRoom\OpenDoor.cpp:75]
[2020.12.06-16.40.39:765][652]LogWindows: Error: [Callstack] 0x00007ff898963fdf UE4Editor-EscapeRoom-7178.dll!UnknownFunction [F:\Unreal\Projects\EscapeRoom\Source\EscapeRoom\OpenDoor.cpp:75]
[2020.12.06-16.40.39:765][652]LogWindows: Error: [Callstack] 0x00007ff898963fdf UE4Editor-EscapeRoom-7178.dll!UnknownFunction [F:\Unreal\Projects\EscapeRoom\Source\EscapeRoom\OpenDoor.cpp:75]
[2020.12.06-16.40.39:765][652]LogWindows: Error: [Callstack] 0x00007ff898963fdf UE4Editor-EscapeRoom-7178.dll!UnknownFunction [F:\Unreal\Projects\EscapeRoom\Source\EscapeRoom\OpenDoor.cpp:75]
[2020.12.06-16.40.39:765][652]LogWindows: Error: [Callstack] 0x00007ff898963fdf UE4Editor-EscapeRoom-7178.dll!UnknownFunction [F:\Unreal\Projects\EscapeRoom\Source\EscapeRoom\OpenDoor.cpp:75]
[2020.12.06-16.40.39:765][652]LogWindows: Error: [Callstack] 0x00007ff898963fdf UE4Editor-EscapeRoom-7178.dll!UnknownFunction [F:\Unreal\Projects\EscapeRoom\Source\EscapeRoom\OpenDoor.cpp:75]
[2020.12.06-16.40.39:765][652]LogWindows: Error: [Callstack] 0x00007ff898963fdf UE4Editor-EscapeRoom-7178.dll!UnknownFunction [F:\Unreal\Projects\EscapeRoom\Source\EscapeRoom\OpenDoor.cpp:75]
[2020.12.06-16.40.39:765][652]LogWindows: Error: [Callstack] 0x00007ff898963fdf UE4Editor-EscapeRoom-7178.dll!UnknownFunction [F:\Unreal\Projects\EscapeRoom\Source\EscapeRoom\OpenDoor.cpp:75]
[2020.12.06-16.40.39:765][652]LogWindows: Error: [Callstack] 0x00007ff898963fdf UE4Editor-EscapeRoom-7178.dll!UnknownFunction [F:\Unreal\Projects\EscapeRoom\Source\EscapeRoom\OpenDoor.cpp:75]
[2020.12.06-16.40.39:766][652]LogWindows: Error: [Callstack] 0x00007ff898963fdf UE4Editor-EscapeRoom-7178.dll!UnknownFunction [F:\Unreal\Projects\EscapeRoom\Source\EscapeRoom\OpenDoor.cpp:75]
[2020.12.06-16.40.39:766][652]LogWindows: Error: [Callstack] 0x00007ff898963fdf UE4Editor-EscapeRoom-7178.dll!UnknownFunction [F:\Unreal\Projects\EscapeRoom\Source\EscapeRoom\OpenDoor.cpp:75]
[2020.12.06-16.40.39:766][652]LogWindows: Error: [Callstack] 0x00007ff898963fdf UE4Editor-EscapeRoom-7178.dll!UnknownFunction [F:\Unreal\Projects\EscapeRoom\Source\EscapeRoom\OpenDoor.cpp:75]
[2020.12.06-16.40.39:766][652]LogWindows: Error: [Callstack] 0x00007ff898963fdf UE4Editor-EscapeRoom-7178.dll!UnknownFunction [F:\Unreal\Projects\EscapeRoom\Source\EscapeRoom\OpenDoor.cpp:75]
[2020.12.06-16.40.39:766][652]LogWindows: Error: [Callstack] 0x00007ff898963fdf UE4Editor-EscapeRoom-7178.dll!UnknownFunction [F:\Unreal\Projects\EscapeRoom\Source\EscapeRoom\OpenDoor.cpp:75]
[2020.12.06-16.40.39:766][652]LogWindows: Error: [Callstack] 0x00007ff898963fdf UE4Editor-EscapeRoom-7178.dll!UnknownFunction [F:\Unreal\Projects\EscapeRoom\Source\EscapeRoom\OpenDoor.cpp:75]
[2020.12.06-16.40.39:766][652]LogWindows: Error: [Callstack] 0x00007ff898963fdf UE4Editor-EscapeRoom-7178.dll!UnknownFunction [F:\Unreal\Projects\EscapeRoom\Source\EscapeRoom\OpenDoor.cpp:75]
[2020.12.06-16.40.39:766][652]LogWindows: Error: [Callstack] 0x00007ff898963fdf UE4Editor-EscapeRoom-7178.dll!UnknownFunction [F:\Unreal\Projects\EscapeRoom\Source\EscapeRoom\OpenDoor.cpp:75]
[2020.12.06-16.40.39:766][652]LogWindows: Error: [Callstack] 0x00007ff898963fdf UE4Editor-EscapeRoom-7178.dll!UnknownFunction [F:\Unreal\Projects\EscapeRoom\Source\EscapeRoom\OpenDoor.cpp:75]
[2020.12.06-16.40.39:766][652]LogWindows: Error: [Callstack] 0x00007ff898963fdf UE4Editor-EscapeRoom-7178.dll!UnknownFunction [F:\Unreal\Projects\EscapeRoom\Source\EscapeRoom\OpenDoor.cpp:75]
[2020.12.06-16.40.39:766][652]LogWindows: Error: [Callstack] 0x00007ff898963fdf UE4Editor-EscapeRoom-7178.dll!UnknownFunction [F:\Unreal\Projects\EscapeRoom\Source\EscapeRoom\OpenDoor.cpp:75]
[2020.12.06-16.40.39:766][652]LogWindows: Error: [Callstack] 0x00007ff898963fdf UE4Editor-EscapeRoom-7178.dll!UnknownFunction [F:\Unreal\Projects\EscapeRoom\Source\EscapeRoom\OpenDoor.cpp:75]
[2020.12.06-16.40.39:766][652]LogWindows: Error: [Callstack] 0x00007ff898963fdf UE4Editor-EscapeRoom-7178.dll!UnknownFunction [F:\Unreal\Projects\EscapeRoom\Source\EscapeRoom\OpenDoor.cpp:75]
[2020.12.06-16.40.39:766][652]LogWindows: Error: [Callstack] 0x00007ff898963fdf UE4Editor-EscapeRoom-7178.dll!UnknownFunction [F:\Unreal\Projects\EscapeRoom\Source\EscapeRoom\OpenDoor.cpp:75]
[2020.12.06-16.40.39:766][652]LogWindows: Error: [Callstack] 0x00007ff898963fdf UE4Editor-EscapeRoom-7178.dll!UnknownFunction [F:\Unreal\Projects\EscapeRoom\Source\EscapeRoom\OpenDoor.cpp:75]
[2020.12.06-16.40.39:766][652]LogWindows: Error: [Callstack] 0x00007ff898963fdf UE4Editor-EscapeRoom-7178.dll!UnknownFunction [F:\Unreal\Projects\EscapeRoom\Source\EscapeRoom\OpenDoor.cpp:75]
[2020.12.06-16.40.39:766][652]LogWindows: Error: [Callstack] 0x00007ff898963fdf UE4Editor-EscapeRoom-7178.dll!UnknownFunction [F:\Unreal\Projects\EscapeRoom\Source\EscapeRoom\OpenDoor.cpp:75]
[2020.12.06-16.40.39:766][652]LogWindows: Error: [Callstack] 0x00007ff898963fdf UE4Editor-EscapeRoom-7178.dll!UnknownFunction [F:\Unreal\Projects\EscapeRoom\Source\EscapeRoom\OpenDoor.cpp:75]
[2020.12.06-16.40.39:766][652]LogWindows: Error: [Callstack] 0x00007ff898963fdf UE4Editor-EscapeRoom-7178.dll!UnknownFunction [F:\Unreal\Projects\EscapeRoom\Source\EscapeRoom\OpenDoor.cpp:75]
[2020.12.06-16.40.39:766][652]LogWindows: Error: [Callstack] 0x00007ff898963fdf UE4Editor-EscapeRoom-7178.dll!UnknownFunction [F:\Unreal\Projects\EscapeRoom\Source\EscapeRoom\OpenDoor.cpp:75]
[2020.12.06-16.40.39:766][652]LogWindows: Error: [Callstack] 0x00007ff898963fdf UE4Editor-EscapeRoom-7178.dll!UnknownFunction [F:\Unreal\Projects\EscapeRoom\Source\EscapeRoom\OpenDoor.cpp:75]
[2020.12.06-16.40.39:766][652]LogWindows: Error: [Callstack] 0x00007ff898963fdf UE4Editor-EscapeRoom-7178.dll!UnknownFunction [F:\Unreal\Projects\EscapeRoom\Source\EscapeRoom\OpenDoor.cpp:75]
[2020.12.06-16.40.39:766][652]LogWindows: Error: [Callstack] 0x00007ff898963fdf UE4Editor-EscapeRoom-7178.dll!UnknownFunction [F:\Unreal\Projects\EscapeRoom\Source\EscapeRoom\OpenDoor.cpp:75]
[2020.12.06-16.40.39:766][652]LogWindows: Error: [Callstack] 0x00007ff898963fdf UE4Editor-EscapeRoom-7178.dll!UnknownFunction [F:\Unreal\Projects\EscapeRoom\Source\EscapeRoom\OpenDoor.cpp:75]
[2020.12.06-16.40.39:767][652]LogWindows: Error: [Callstack] 0x00007ff898963fdf UE4Editor-EscapeRoom-7178.dll!UnknownFunction [F:\Unreal\Projects\EscapeRoom\Source\EscapeRoom\OpenDoor.cpp:75]
[2020.12.06-16.40.39:767][652]LogWindows: Error: [Callstack] 0x00007ff898963fdf UE4Editor-EscapeRoom-7178.dll!UnknownFunction [F:\Unreal\Projects\EscapeRoom\Source\EscapeRoom\OpenDoor.cpp:75]
[2020.12.06-16.40.39:767][652]LogWindows: Error: [Callstack] 0x00007ff898963fdf UE4Editor-EscapeRoom-7178.dll!UnknownFunction [F:\Unreal\Projects\EscapeRoom\Source\EscapeRoom\OpenDoor.cpp:75]
[2020.12.06-16.40.39:767][652]LogWindows: Error: [Callstack] 0x00007ff898963fdf UE4Editor-EscapeRoom-7178.dll!UnknownFunction [F:\Unreal\Projects\EscapeRoom\Source\EscapeRoom\OpenDoor.cpp:75]
[2020.12.06-16.40.39:767][652]LogWindows: Error: [Callstack] 0x00007ff898963fdf UE4Editor-EscapeRoom-7178.dll!UnknownFunction [F:\Unreal\Projects\EscapeRoom\Source\EscapeRoom\OpenDoor.cpp:75]
[2020.12.06-16.40.39:767][652]LogWindows: Error: [Callstack] 0x00007ff898963fdf UE4Editor-EscapeRoom-7178.dll!UnknownFunction [F:\Unreal\Projects\EscapeRoom\Source\EscapeRoom\OpenDoor.cpp:75]
[2020.12.06-16.40.39:767][652]LogWindows: Error: [Callstack] 0x00007ff898963fdf UE4Editor-EscapeRoom-7178.dll!UnknownFunction [F:\Unreal\Projects\EscapeRoom\Source\EscapeRoom\OpenDoor.cpp:75]
[2020.12.06-16.40.39:767][652]LogWindows: Error: [Callstack] 0x00007ff898963fdf UE4Editor-EscapeRoom-7178.dll!UnknownFunction [F:\Unreal\Projects\EscapeRoom\Source\EscapeRoom\OpenDoor.cpp:75]
[2020.12.06-16.40.39:767][652]LogWindows: Error: [Callstack] 0x00007ff898963fdf UE4Editor-EscapeRoom-7178.dll!UnknownFunction [F:\Unreal\Projects\EscapeRoom\Source\EscapeRoom\OpenDoor.cpp:75]
[2020.12.06-16.40.39:767][652]LogWindows: Error: [Callstack] 0x00007ff898963fdf UE4Editor-EscapeRoom-7178.dll!UnknownFunction [F:\Unreal\Projects\EscapeRoom\Source\EscapeRoom\OpenDoor.cpp:75]
[2020.12.06-16.40.39:767][652]LogWindows: Error: [Callstack] 0x00007ff898963fdf UE4Editor-EscapeRoom-7178.dll!UnknownFunction [F:\Unreal\Projects\EscapeRoom\Source\EscapeRoom\OpenDoor.cpp:75]
[2020.12.06-16.40.39:767][652]LogWindows: Error: [Callstack] 0x00007ff898963fdf UE4Editor-EscapeRoom-7178.dll!UnknownFunction [F:\Unreal\Projects\EscapeRoom\Source\EscapeRoom\OpenDoor.cpp:75]
[2020.12.06-16.40.39:767][652]LogWindows: Error: [Callstack] 0x00007ff898963fdf UE4Editor-EscapeRoom-7178.dll!UnknownFunction [F:\Unreal\Projects\EscapeRoom\Source\EscapeRoom\OpenDoor.cpp:75]
[2020.12.06-16.40.39:767][652]LogWindows: Error: [Callstack] 0x00007ff898963fdf UE4Editor-EscapeRoom-7178.dll!UnknownFunction [F:\Unreal\Projects\EscapeRoom\Source\EscapeRoom\OpenDoor.cpp:75]
[2020.12.06-16.40.39:767][652]LogWindows: Error: [Callstack] 0x00007ff898963fdf UE4Editor-EscapeRoom-7178.dll!UnknownFunction [F:\Unreal\Projects\EscapeRoom\Source\EscapeRoom\OpenDoor.cpp:75]
[2020.12.06-16.40.39:767][652]LogWindows: Error: [Callstack] 0x00007ff898963fdf UE4Editor-EscapeRoom-7178.dll!UnknownFunction [F:\Unreal\Projects\EscapeRoom\Source\EscapeRoom\OpenDoor.cpp:75]
[2020.12.06-16.40.39:767][652]LogWindows: Error: [Callstack] 0x00007ff898963fdf UE4Editor-EscapeRoom-7178.dll!UnknownFunction [F:\Unreal\Projects\EscapeRoom\Source\EscapeRoom\OpenDoor.cpp:75]
[2020.12.06-16.40.39:767][652]LogWindows: Error: [Callstack] 0x00007ff898963fdf UE4Editor-EscapeRoom-7178.dll!UnknownFunction [F:\Unreal\Projects\EscapeRoom\Source\EscapeRoom\OpenDoor.cpp:75]
[2020.12.06-16.40.39:767][652]LogWindows: Error: [Callstack] 0x00007ff898963fdf UE4Editor-EscapeRoom-7178.dll!UnknownFunction [F:\Unreal\Projects\EscapeRoom\Source\EscapeRoom\OpenDoor.cpp:75]
[2020.12.06-16.40.39:767][652]LogWindows: Error: [Callstack] 0x00007ff898963fdf UE4Editor-EscapeRoom-7178.dll!UnknownFunction [F:\Unreal\Projects\EscapeRoom\Source\EscapeRoom\OpenDoor.cpp:75]
[2020.12.06-16.40.39:767][652]LogWindows: Error: [Callstack] 0x00007ff898963fdf UE4Editor-EscapeRoom-7178.dll!UnknownFunction [F:\Unreal\Projects\EscapeRoom\Source\EscapeRoom\OpenDoor.cpp:75]
[2020.12.06-16.40.39:767][652]LogWindows: Error: [Callstack] 0x00007ff898963fdf UE4Editor-EscapeRoom-7178.dll!UnknownFunction [F:\Unreal\Projects\EscapeRoom\Source\EscapeRoom\OpenDoor.cpp:75]
[2020.12.06-16.40.39:767][652]LogWindows: Error: [Callstack] 0x00007ff898963fdf UE4Editor-EscapeRoom-7178.dll!UnknownFunction [F:\Unreal\Projects\EscapeRoom\Source\EscapeRoom\OpenDoor.cpp:75]
[2020.12.06-16.40.39:767][652]LogWindows: Error: [Callstack] 0x00007ff898963fdf UE4Editor-EscapeRoom-7178.dll!UnknownFunction [F:\Unreal\Projects\EscapeRoom\Source\EscapeRoom\OpenDoor.cpp:75]
[2020.12.06-16.40.39:767][652]LogWindows: Error: [Callstack] 0x00007ff898963fdf UE4Editor-EscapeRoom-7178.dll!UnknownFunction [F:\Unreal\Projects\EscapeRoom\Source\EscapeRoom\OpenDoor.cpp:75]
[2020.12.06-16.40.39:767][652]LogWindows: Error: [Callstack] 0x00007ff898963fdf UE4Editor-EscapeRoom-7178.dll!UnknownFunction [F:\Unreal\Projects\EscapeRoom\Source\EscapeRoom\OpenDoor.cpp:75]
[2020.12.06-16.40.39:767][652]LogWindows: Error: [Callstack] 0x00007ff898963fdf UE4Editor-EscapeRoom-7178.dll!UnknownFunction [F:\Unreal\Projects\EscapeRoom\Source\EscapeRoom\OpenDoor.cpp:75]
[2020.12.06-16.40.39:767][652]LogWindows: Error: [Callstack] 0x00007ff898963fdf UE4Editor-EscapeRoom-7178.dll!UnknownFunction [F:\Unreal\Projects\EscapeRoom\Source\EscapeRoom\OpenDoor.cpp:75]
[2020.12.06-16.40.39:768][652]LogWindows: Error: [Callstack] 0x00007ff898963fdf UE4Editor-EscapeRoom-7178.dll!UnknownFunction [F:\Unreal\Projects\EscapeRoom\Source\EscapeRoom\OpenDoor.cpp:75]
[2020.12.06-16.40.39:768][652]LogWindows: Error: [Callstack] 0x00007ff898963fdf UE4Editor-EscapeRoom-7178.dll!UnknownFunction [F:\Unreal\Projects\EscapeRoom\Source\EscapeRoom\OpenDoor.cpp:75]
[2020.12.06-16.40.39:768][652]LogWindows: Error: [Callstack] 0x00007ff898963fdf UE4Editor-EscapeRoom-7178.dll!UnknownFunction [F:\Unreal\Projects\EscapeRoom\Source\EscapeRoom\OpenDoor.cpp:75]
[2020.12.06-16.40.39:768][652]LogWindows: Error: [Callstack] 0x00007ff898963fdf UE4Editor-EscapeRoom-7178.dll!UnknownFunction [F:\Unreal\Projects\EscapeRoom\Source\EscapeRoom\OpenDoor.cpp:75]
[2020.12.06-16.40.39:768][652]LogWindows: Error: [Callstack] 0x00007ff898963fdf UE4Editor-EscapeRoom-7178.dll!UnknownFunction [F:\Unreal\Projects\EscapeRoom\Source\EscapeRoom\OpenDoor.cpp:75]
[2020.12.06-16.40.39:768][652]LogWindows: Error: [Callstack] 0x00007ff898963fdf UE4Editor-EscapeRoom-7178.dll!UnknownFunction [F:\Unreal\Projects\EscapeRoom\Source\EscapeRoom\OpenDoor.cpp:75]
[2020.12.06-16.40.39:768][652]LogWindows: Error: [Callstack] 0x00007ff898963fdf UE4Editor-EscapeRoom-7178.dll!UnknownFunction [F:\Unreal\Projects\EscapeRoom\Source\EscapeRoom\OpenDoor.cpp:75]
[2020.12.06-16.40.39:768][652]LogWindows: Error: [Callstack] 0x00007ff898963fdf UE4Editor-EscapeRoom-7178.dll!UnknownFunction [F:\Unreal\Projects\EscapeRoom\Source\EscapeRoom\OpenDoor.cpp:75]
[2020.12.06-16.40.39:768][652]LogWindows: Error: 
[2020.12.06-16.40.39:783][652]LogExit: Executing StaticShutdownAfterError
[2020.12.06-16.40.39:786][652]LogWindows: FPlatformMisc::RequestExit(1)
[2020.12.06-16.40.39:786][652]LogCore: Engine exit requested (reason: Win RequestExit)
[2020.12.06-16.40.39:790][652]Log file closed, 12/06/20 13:40:39
